#
# A fatal error has been detected by the Java Runtime Environment:
#
#  SIGILL (0x4) at pc=0x00007f3ab601a412, pid=5347, tid=139889971746560
#
# JRE version: OpenJDK Runtime Environment (7.0_75-b13) (build 1.7.0_75-b13)
# Java VM: OpenJDK 64-Bit Server VM (24.75-b04 mixed mode linux-amd64 compressed oops)
# Derivative: IcedTea 2.5.4
# Distribution: Ubuntu 14.04 LTS, package 7u75-2.5.4-1~trusty1
# Problematic frame:
# C  [libpthread.so.0+0xc412]  pthread_cond_wait+0xc2
#
# Failed to write core dump. Core dumps have been disabled. To enable core dumping, try "ulimit -c unlimited" before starting Java again
#
# If you would like to submit a bug report, please include
# instructions on how to reproduce the bug and visit:
#   http://icedtea.classpath.org/bugzilla
#

---------------  T H R E A D  ---------------

Current thread (0x00007f3ab0029800):  GCTaskThread [stack: 0x00007f3aac02d000,0x00007f3aac12e000] [id=5355]

siginfo:si_signo=SIGILL: si_errno=0, si_code=0 (ILL0), si_addr=0x000003e80000159f

Registers:
RAX=0x00000000000000ca, RBX=0x00007f3ab002ac00, RCX=0xffffffffffffffff, RDX=0x000000000000009f
RSP=0x00007f3aac12ccb0, RBP=0x00007f3aac12cd00, RSI=0x0000000000000080, RDI=0x00007f3ab002ac54
R8 =0x00007f3ab002ac00, R9 =0x000000000000004f, R10=0x0000000000000000, R11=0x0000000000000246
R12=0x00007f3ab5dd5e28, R13=0x00007f3ab002ac28, R14=0x00007f3ab002ac50, R15=0x00007f3ab0029800
RIP=0x00007f3ab601a412, EFLAGS=0x0000000000000246, CSGSFS=0x0000000000000033, ERR=0x0000000000000007
  TRAPNO=0x000000000000000e

Top of Stack: (sp=0x00007f3aac12ccb0)
0x00007f3aac12ccb0:   0000000000000000 00007f3ab002ac50
0x00007f3aac12ccc0:   00007f3ab002ac28 000000000000004f
0x00007f3aac12ccd0:   00007f3aac3f85ed 00007f3ab57bddab
0x00007f3aac12cce0:   00007f3ab002ac00 00007f3ab0025620
0x00007f3aac12ccf0:   00007f3ab0025640 0000000000000000
0x00007f3aac12cd00:   00007f3aac12cd40 00007f3ab5781007
0x00007f3aac12cd10:   00007f3aac12cda0 00007f3ab0025620
0x00007f3aac12cd20:   0000000000000000 0000000000000000
0x00007f3aac12cd30:   0000000000000001 00007f3ab0029800
0x00007f3aac12cd40:   00007f3aac12cd90 00007f3ab5781c1f
0x00007f3aac12cd50:   00007f3ab0025620 00007f3ab0029800
0x00007f3aac12cd60:   0000000000000002 00007f3ab00255a0
0x00007f3aac12cd70:   00007f3ab00256d0 0000000000000002
0x00007f3aac12cd80:   00007f3ab0025620 00007f3ab5dd03ea
0x00007f3aac12cd90:   00007f3aac12cdc0 00007f3ab553575a
0x00007f3aac12cda0:   0000000000000002 00007f3a74b2b9d0
0x00007f3aac12cdb0:   00007f3ab597d297 00007f3ab0029800
0x00007f3aac12cdc0:   00007f3aac12ced0 00007f3ab553708e
0x00007f3aac12cdd0:   00000000000003d8 00007f3ab002a268
0x00007f3aac12cde0:   00007f3ab0029e90 00007f3aac12ce60
0x00007f3aac12cdf0:   00007f3ab0029e50 00007f3ab0029e80
0x00007f3aac12ce00:   00007f3aac12ce10 0000000000000000
0x00007f3aac12ce10:   0000000000000000 00007f3ab002ac00
0x00007f3aac12ce20:   00007f3ab0029800 00007f3ab002a270
0x00007f3aac12ce30:   00007f3ab002a2b0 00007f3ab002a2c0
0x00007f3aac12ce40:   00007f3ab002a698 00000000000003d8
0x00007f3aac12ce50:   00007f3ab002a6a0 00007f3ab002b010
0x00007f3aac12ce60:   00007f3ab0029800 00007f3ab002a270
0x00007f3aac12ce70:   00007f3ab002a2b0 00007f3ab002a2c0
0x00007f3aac12ce80:   00007f3ab002a698 00000000000003d8
0x00007f3aac12ce90:   00007f3aac12ce20 00007f3aac12d9c0
0x00007f3aac12cea0:   00007f3aac12ced0 00007f3ab002b010 

Instructions: (pc=0x00007f3ab601a412)
0x00007f3ab601a3f2:   00 00 00 0f 05 83 f8 00 41 0f 94 c0 74 14 83 f8
0x00007f3ab601a402:   da 75 0f be 80 00 00 00 45 30 c0 b8 ca 00 00 00
0x00007f3ab601a412:   0f 05 8b 3c 24 e8 64 2a 00 00 48 8b 7c 24 08 be
0x00007f3ab601a422:   01 00 00 00 31 c0 f0 0f b1 37 0f 85 e0 00 00 00 

Register to memory mapping:

RAX=0x00000000000000ca is an unknown value
RBX=0x00007f3ab002ac00 is an unknown value
RCX=0xffffffffffffffff is an unknown value
RDX=0x000000000000009f is an unknown value
RSP=0x00007f3aac12ccb0 is an unknown value
RBP=0x00007f3aac12cd00 is an unknown value
RSI=0x0000000000000080 is an unknown value
RDI=0x00007f3ab002ac54 is an unknown value
R8 =0x00007f3ab002ac00 is an unknown value
R9 =0x000000000000004f is an unknown value
R10=0x0000000000000000 is an unknown value
R11=0x0000000000000246 is an unknown value
R12=0x00007f3ab5dd5e28: <offset 0xde3e28> in /usr/lib/jvm/java-7-openjdk-amd64/jre/lib/amd64/server/libjvm.so at 0x00007f3ab4ff2000
R13=0x00007f3ab002ac28 is an unknown value
R14=0x00007f3ab002ac50 is an unknown value
R15=0x00007f3ab0029800 is an unknown value


Stack: [0x00007f3aac02d000,0x00007f3aac12e000],  sp=0x00007f3aac12ccb0,  free space=1023k
Native frames: (J=compiled Java code, j=interpreted, Vv=VM code, C=native code)
C  [libpthread.so.0+0xc412]  pthread_cond_wait+0xc2
V  [libjvm.so+0x78f007]  Monitor::IWait(Thread*, long)+0xc7
V  [libjvm.so+0x78fc1f]  Monitor::wait(bool, long, bool)+0x22f
V  [libjvm.so+0x54375a]  GCTaskManager::get_task(unsigned int)+0x3a
V  [libjvm.so+0x54508e]  GCTaskThread::run()+0x1ae
V  [libjvm.so+0x7c4a42]  java_start(Thread*)+0xf2


---------------  P R O C E S S  ---------------

Java Threads: ( => current thread )
  0x00007f3a50015000 JavaThread "XNIO-1 task-32" [_thread_blocked, id=5454, stack(0x00007f3a9b0f1000,0x00007f3a9b1f2000)]
  0x00007f3a4c03f000 JavaThread "XNIO-1 task-31" [_thread_blocked, id=5453, stack(0x00007f3a9b1f2000,0x00007f3a9b2f3000)]
  0x00007f3a44005800 JavaThread "XNIO-1 task-30" [_thread_blocked, id=5452, stack(0x00007f3a9b2f3000,0x00007f3a9b3f4000)]
  0x00007f3a4c03d000 JavaThread "XNIO-1 task-29" [_thread_blocked, id=5451, stack(0x00007f3a9b3f4000,0x00007f3a9b4f5000)]
  0x00007f3a48004800 JavaThread "XNIO-1 task-28" [_thread_blocked, id=5450, stack(0x00007f3a9b4f5000,0x00007f3a9b5f6000)]
  0x00007f3a50013800 JavaThread "XNIO-1 task-27" [_thread_blocked, id=5449, stack(0x00007f3a9b5f6000,0x00007f3a9b6f7000)]
  0x00007f3a50012000 JavaThread "XNIO-1 task-26" [_thread_blocked, id=5448, stack(0x00007f3a9b6f7000,0x00007f3a9b7f8000)]
  0x00007f3a4c03b800 JavaThread "XNIO-1 task-25" [_thread_blocked, id=5447, stack(0x00007f3a9b7f8000,0x00007f3a9b8f9000)]
  0x00007f3a44004000 JavaThread "XNIO-1 task-24" [_thread_blocked, id=5446, stack(0x00007f3a9b8f9000,0x00007f3a9b9fa000)]
  0x00007f3a50010800 JavaThread "XNIO-1 task-23" [_thread_blocked, id=5445, stack(0x00007f3a9b9fa000,0x00007f3a9bafb000)]
  0x00007f3a4c039800 JavaThread "XNIO-1 task-22" [_thread_blocked, id=5444, stack(0x00007f3a9bafb000,0x00007f3a9bbfc000)]
  0x00007f3a5000f000 JavaThread "XNIO-1 task-21" [_thread_blocked, id=5443, stack(0x00007f3a9bbfc000,0x00007f3a9bcfd000)]
  0x00007f3a48003000 JavaThread "XNIO-1 task-20" [_thread_blocked, id=5442, stack(0x00007f3a9bcfd000,0x00007f3a9bdfe000)]
  0x00007f3a5000d000 JavaThread "XNIO-1 task-19" [_thread_blocked, id=5441, stack(0x00007f3a9bdfe000,0x00007f3a9beff000)]
  0x00007f3a4c037800 JavaThread "XNIO-1 task-18" [_thread_blocked, id=5440, stack(0x00007f3a9beff000,0x00007f3a9c000000)]
  0x00007f3a5000b000 JavaThread "XNIO-1 task-17" [_thread_blocked, id=5439, stack(0x00007f3aa00b4000,0x00007f3aa01b5000)]
  0x00007f3a4c036000 JavaThread "XNIO-1 task-16" [_thread_blocked, id=5438, stack(0x00007f3aa01b5000,0x00007f3aa02b6000)]
  0x00007f3a48001000 JavaThread "XNIO-1 task-15" [_thread_blocked, id=5437, stack(0x00007f3aa02b6000,0x00007f3aa03b7000)]
  0x00007f3a44002000 JavaThread "XNIO-1 task-14" [_thread_blocked, id=5436, stack(0x00007f3aa03b7000,0x00007f3aa04b8000)]
  0x00007f3a44001000 JavaThread "XNIO-1 task-13" [_thread_blocked, id=5435, stack(0x00007f3aa04b8000,0x00007f3aa05b9000)]
  0x00007f3a4c033800 JavaThread "XNIO-1 task-12" [_thread_blocked, id=5406, stack(0x00007f3aa05b9000,0x00007f3aa06ba000)]
  0x00007f3a4c032000 JavaThread "XNIO-1 task-11" [_thread_blocked, id=5405, stack(0x00007f3aa06ba000,0x00007f3aa07bb000)]
  0x00007f3a4c030800 JavaThread "XNIO-1 task-10" [_thread_blocked, id=5401, stack(0x00007f3aa07bb000,0x00007f3aa08bc000)]
  0x00007f3a4c02f800 JavaThread "XNIO-1 task-9" [_thread_blocked, id=5400, stack(0x00007f3aa08bc000,0x00007f3aa09bd000)]
  0x00007f3a50008800 JavaThread "XNIO-1 task-8" [_thread_blocked, id=5399, stack(0x00007f3aa09bd000,0x00007f3aa0abe000)]
  0x00007f3a50006800 JavaThread "XNIO-1 task-7" [_thread_blocked, id=5398, stack(0x00007f3aa0abe000,0x00007f3aa0bbf000)]
  0x00007f3a4c02b000 JavaThread "XNIO-1 task-6" [_thread_blocked, id=5397, stack(0x00007f3aa0bbf000,0x00007f3aa0cc0000)]
  0x00007f3a4c029800 JavaThread "XNIO-1 task-5" [_thread_blocked, id=5396, stack(0x00007f3aa0cc0000,0x00007f3aa0dc1000)]
  0x00007f3a4c028000 JavaThread "XNIO-1 task-4" [_thread_blocked, id=5395, stack(0x00007f3aa0dc1000,0x00007f3aa0ec2000)]
  0x00007f3a4c026800 JavaThread "XNIO-1 task-3" [_thread_blocked, id=5394, stack(0x00007f3aa0ec2000,0x00007f3aa0fc3000)]
  0x00007f3a4c02e800 JavaThread "XNIO-1 task-2" [_thread_blocked, id=5389, stack(0x00007f3aa0fc3000,0x00007f3aa10c4000)]
  0x00007f3a4c02d800 JavaThread "XNIO-1 task-1" [_thread_blocked, id=5388, stack(0x00007f3aa10c4000,0x00007f3aa11c5000)]
  0x00007f3ab0010000 JavaThread "DestroyJavaVM" [_thread_blocked, id=5352, stack(0x00007f3ab6afc000,0x00007f3ab6bfd000)]
  0x00007f3ab14a5800 JavaThread "XNIO-1 I/O-4" [_thread_in_native, id=5385, stack(0x00007f3aa11c5000,0x00007f3aa12c6000)]
  0x00007f3ab146e800 JavaThread "XNIO-1 I/O-3" [_thread_in_native, id=5384, stack(0x00007f3aa12c6000,0x00007f3aa13c7000)]
  0x00007f3ab146d000 JavaThread "XNIO-1 I/O-2" [_thread_in_native, id=5383, stack(0x00007f3aa13c7000,0x00007f3aa14c8000)]
  0x00007f3ab146c000 JavaThread "XNIO-1 I/O-1" [_thread_in_native, id=5382, stack(0x00007f3aa14c8000,0x00007f3aa15c9000)]
  0x00007f3ab0f24800 JavaThread "MVStore background writer nio:/media/luke/Dokumenty/Dokumenty/workspaces/linux/workspace_spring/ModbusChart/database.mv.db" daemon [_thread_blocked, id=5378, stack(0x00007f3aa15c9000,0x00007f3aa16ca000)]
  0x00007f3ab0f1e800 JavaThread "H2 TCP Server (tcp://127.0.1.1:55474)" daemon [_thread_in_native, id=5375, stack(0x00007f3aa16ca000,0x00007f3aa17cb000)]
  0x00007f3ab0ec5000 JavaThread "H2 File Lock Watchdog /media/luke/Dokumenty/Dokumenty/workspaces/linux/workspace_spring/ModbusChart/database.lock.db" daemon [_thread_blocked, id=5374, stack(0x00007f3aa17cb000,0x00007f3aa18cc000)]
  0x00007f3ab0e99000 JavaThread "Hikari Housekeeping Timer (pool HikariPool-0)" daemon [_thread_blocked, id=5371, stack(0x00007f3aa18cc000,0x00007f3aa19cd000)]
  0x00007f3ab06b5800 JavaThread "RMI TCP Accept-0" daemon [_thread_in_native, id=5366, stack(0x00007f3aa1b0d000,0x00007f3aa1c0e000)]
  0x00007f3ab06ab800 JavaThread "RMI TCP Accept-53699" daemon [_thread_in_native, id=5365, stack(0x00007f3aa1c0e000,0x00007f3aa1d0f000)]
  0x00007f3ab069e000 JavaThread "RMI TCP Accept-0" daemon [_thread_in_native, id=5364, stack(0x00007f3aa1d0f000,0x00007f3aa1e10000)]
  0x00007f3ab00b4800 JavaThread "Service Thread" daemon [_thread_blocked, id=5363, stack(0x00007f3aa3bfc000,0x00007f3aa3cfd000)]
  0x00007f3ab00b2000 JavaThread "C2 CompilerThread1" daemon [_thread_blocked, id=5362, stack(0x00007f3aa3cfd000,0x00007f3aa3dfe000)]
  0x00007f3ab00af000 JavaThread "C2 CompilerThread0" daemon [_thread_blocked, id=5361, stack(0x00007f3aa3dfe000,0x00007f3aa3eff000)]
  0x00007f3ab00ad000 JavaThread "Signal Dispatcher" daemon [_thread_blocked, id=5360, stack(0x00007f3aa3eff000,0x00007f3aa4000000)]
  0x00007f3ab0082000 JavaThread "Finalizer" daemon [_thread_blocked, id=5359, stack(0x00007f3aa8402000,0x00007f3aa8503000)]
  0x00007f3ab0080000 JavaThread "Reference Handler" daemon [_thread_blocked, id=5358, stack(0x00007f3aa8503000,0x00007f3aa8604000)]

Other Threads:
  0x00007f3ab007b800 VMThread [stack: 0x00007f3aa8604000,0x00007f3aa8705000] [id=5357]
  0x00007f3ab06bf800 WatcherThread [stack: 0x00007f3aa1a0c000,0x00007f3aa1b0d000] [id=5367]

=>0x00007f3ab0029800 (exited) GCTaskThread [stack: 0x00007f3aac02d000,0x00007f3aac12e000] [id=5355]

VM state:not at safepoint (normal execution)

VM Mutex/Monitor currently owned by a thread: None

Heap
 PSYoungGen      total 295424K, used 236462K [0x00000000ebd00000, 0x0000000100000000, 0x0000000100000000)
  eden space 260096K, 77% used [0x00000000ebd00000,0x00000000f8171bd0,0x00000000fbb00000)
  from space 35328K, 99% used [0x00000000fbb00000,0x00000000fdd79e88,0x00000000fdd80000)
  to   space 35328K, 0% used [0x00000000fdd80000,0x00000000fdd80000,0x0000000100000000)
 ParOldGen       total 112640K, used 80130K [0x00000000c3800000, 0x00000000ca600000, 0x00000000ebd00000)
  object space 112640K, 71% used [0x00000000c3800000,0x00000000c8640ac8,0x00000000ca600000)
 PSPermGen       total 122368K, used 55922K [0x00000000b9200000, 0x00000000c0980000, 0x00000000c3800000)
  object space 122368K, 45% used [0x00000000b9200000,0x00000000bc89c9b0,0x00000000c0980000)

Card table byte_map: [0x00007f3aac383000,0x00007f3aac5bb000] byte_map_base: 0x00007f3aabdba000

Polling page: 0x00007f3ab6c22000

Code Cache  [0x00007f3aac5bb000, 0x00007f3aacc4b000, 0x00007f3aaf5bb000)
 total_blobs=2574 nmethods=2095 adapters=430 free_code_cache=42578Kb largest_free_block=43503552

Compilation events (10 events):
Event: 501,654 Thread 0x00007f3ab00af000 nmethod 2305 0x00007f3aacc03dd0 code [0x00007f3aacc03f20, 0x00007f3aacc04048]
Event: 501,654 Thread 0x00007f3ab00b2000 nmethod 2306 0x00007f3aacc0dc10 code [0x00007f3aacc0dd80, 0x00007f3aacc0df98]
Event: 535,077 Thread 0x00007f3ab00b2000 2307   !         org.h2.mvstore.MVStore::writeInBackground (177 bytes)
Event: 535,846 Thread 0x00007f3ab00af000 2308   !         org.h2.mvstore.MVStore::compact (72 bytes)
Event: 538,472 Thread 0x00007f3ab00af000 nmethod 2308 0x00007f3aacc1ecd0 code [0x00007f3aacc1ee40, 0x00007f3aacc1f578]
Event: 538,556 Thread 0x00007f3ab00b2000 nmethod 2307 0x00007f3aacc1fd50 code [0x00007f3aacc1ff00, 0x00007f3aacc20830]
Event: 547,421 Thread 0x00007f3ab00b2000 2309             java.util.concurrent.ConcurrentHashMap::values (27 bytes)
Event: 547,553 Thread 0x00007f3ab00b2000 nmethod 2309 0x00007f3aacc09c10 code [0x00007f3aacc09d40, 0x00007f3aacc09db8]
Event: 773,032 Thread 0x00007f3ab00af000 2310 % !         org.h2.mvstore.MVStore$BackgroundWriterThread::run @ 0 (66 bytes)
Event: 773,393 Thread 0x00007f3ab00af000 nmethod 2310% 0x00007f3aacc1b890 code [0x00007f3aacc1ba00, 0x00007f3aacc1bf38]

GC Heap History (10 events):
Event: 80,089 GC heap before
{Heap before GC invocations=15 (full 1):
 PSYoungGen      total 302080K, used 287232K [0x00000000ebd00000, 0x00000000ffe80000, 0x0000000100000000)
  eden space 287232K, 100% used [0x00000000ebd00000,0x00000000fd580000,0x00000000fd580000)
  from space 14848K, 0% used [0x00000000fe300000,0x00000000fe300000,0x00000000ff180000)
  to   space 13312K, 0% used [0x00000000ff180000,0x00000000ff180000,0x00000000ffe80000)
 ParOldGen       total 70656K, used 40044K [0x00000000c3800000, 0x00000000c7d00000, 0x00000000ebd00000)
  object space 70656K, 56% used [0x00000000c3800000,0x00000000c5f1b3d8,0x00000000c7d00000)
 PSPermGen       total 107008K, used 55816K [0x00000000b9200000, 0x00000000bfa80000, 0x00000000c3800000)
  object space 107008K, 52% used [0x00000000b9200000,0x00000000bc882068,0x00000000bfa80000)
Event: 80,148 GC heap after
Heap after GC invocations=15 (full 1):
 PSYoungGen      total 287744K, used 13285K [0x00000000ebd00000, 0x0000000100000000, 0x0000000100000000)
  eden space 274432K, 0% used [0x00000000ebd00000,0x00000000ebd00000,0x00000000fc900000)
  from space 13312K, 99% used [0x00000000ff180000,0x00000000ffe797a0,0x00000000ffe80000)
  to   space 28160K, 0% used [0x00000000fc900000,0x00000000fc900000,0x00000000fe480000)
 ParOldGen       total 70656K, used 58489K [0x00000000c3800000, 0x00000000c7d00000, 0x00000000ebd00000)
  object space 70656K, 82% used [0x00000000c3800000,0x00000000c711e4b0,0x00000000c7d00000)
 PSPermGen       total 107008K, used 55816K [0x00000000b9200000, 0x00000000bfa80000, 0x00000000c3800000)
  object space 107008K, 52% used [0x00000000b9200000,0x00000000bc882068,0x00000000bfa80000)
}
Event: 80,148 GC heap before
{Heap before GC invocations=16 (full 2):
 PSYoungGen      total 287744K, used 13285K [0x00000000ebd00000, 0x0000000100000000, 0x0000000100000000)
  eden space 274432K, 0% used [0x00000000ebd00000,0x00000000ebd00000,0x00000000fc900000)
  from space 13312K, 99% used [0x00000000ff180000,0x00000000ffe797a0,0x00000000ffe80000)
  to   space 28160K, 0% used [0x00000000fc900000,0x00000000fc900000,0x00000000fe480000)
 ParOldGen       total 70656K, used 58489K [0x00000000c3800000, 0x00000000c7d00000, 0x00000000ebd00000)
  object space 70656K, 82% used [0x00000000c3800000,0x00000000c711e4b0,0x00000000c7d00000)
 PSPermGen       total 107008K, used 55816K [0x00000000b9200000, 0x00000000bfa80000, 0x00000000c3800000)
  object space 107008K, 52% used [0x00000000b9200000,0x00000000bc882068,0x00000000bfa80000)
Event: 80,448 GC heap after
Heap after GC invocations=16 (full 2):
 PSYoungGen      total 287744K, used 0K [0x00000000ebd00000, 0x0000000100000000, 0x0000000100000000)
  eden space 274432K, 0% used [0x00000000ebd00000,0x00000000ebd00000,0x00000000fc900000)
  from space 13312K, 0% used [0x00000000ff180000,0x00000000ff180000,0x00000000ffe80000)
  to   space 28160K, 0% used [0x00000000fc900000,0x00000000fc900000,0x00000000fe480000)
 ParOldGen       total 112640K, used 60273K [0x00000000c3800000, 0x00000000ca600000, 0x00000000ebd00000)
  object space 112640K, 53% used [0x00000000c3800000,0x00000000c72dc5f0,0x00000000ca600000)
 PSPermGen       total 122368K, used 55814K [0x00000000b9200000, 0x00000000c0980000, 0x00000000c3800000)
  object space 122368K, 45% used [0x00000000b9200000,0x00000000bc881828,0x00000000c0980000)
}
Event: 328,019 GC heap before
{Heap before GC invocations=17 (full 2):
 PSYoungGen      total 287744K, used 274432K [0x00000000ebd00000, 0x0000000100000000, 0x0000000100000000)
  eden space 274432K, 100% used [0x00000000ebd00000,0x00000000fc900000,0x00000000fc900000)
  from space 13312K, 0% used [0x00000000ff180000,0x00000000ff180000,0x00000000ffe80000)
  to   space 28160K, 0% used [0x00000000fc900000,0x00000000fc900000,0x00000000fe480000)
 ParOldGen       total 112640K, used 60273K [0x00000000c3800000, 0x00000000ca600000, 0x00000000ebd00000)
  object space 112640K, 53% used [0x00000000c3800000,0x00000000c72dc5f0,0x00000000ca600000)
 PSPermGen       total 122368K, used 55898K [0x00000000b9200000, 0x00000000c0980000, 0x00000000c3800000)
  object space 122368K, 45% used [0x00000000b9200000,0x00000000bc8968f0,0x00000000c0980000)
Event: 328,103 GC heap after
Heap after GC invocations=17 (full 2):
 PSYoungGen      total 302592K, used 28140K [0x00000000ebd00000, 0x0000000100000000, 0x0000000100000000)
  eden space 274432K, 0% used [0x00000000ebd00000,0x00000000ebd00000,0x00000000fc900000)
  from space 28160K, 99% used [0x00000000fc900000,0x00000000fe47b1d0,0x00000000fe480000)
  to   space 28160K, 0% used [0x00000000fe480000,0x00000000fe480000,0x0000000100000000)
 ParOldGen       total 112640K, used 63665K [0x00000000c3800000, 0x00000000ca600000, 0x00000000ebd00000)
  object space 112640K, 56% used [0x00000000c3800000,0x00000000c762c5f0,0x00000000ca600000)
 PSPermGen       total 122368K, used 55898K [0x00000000b9200000, 0x00000000c0980000, 0x00000000c3800000)
  object space 122368K, 45% used [0x00000000b9200000,0x00000000bc8968f0,0x00000000c0980000)
}
Event: 329,197 GC heap before
{Heap before GC invocations=18 (full 2):
 PSYoungGen      total 302592K, used 302572K [0x00000000ebd00000, 0x0000000100000000, 0x0000000100000000)
  eden space 274432K, 100% used [0x00000000ebd00000,0x00000000fc900000,0x00000000fc900000)
  from space 28160K, 99% used [0x00000000fc900000,0x00000000fe47b1d0,0x00000000fe480000)
  to   space 28160K, 0% used [0x00000000fe480000,0x00000000fe480000,0x0000000100000000)
 ParOldGen       total 112640K, used 63665K [0x00000000c3800000, 0x00000000ca600000, 0x00000000ebd00000)
  object space 112640K, 56% used [0x00000000c3800000,0x00000000c762c5f0,0x00000000ca600000)
 PSPermGen       total 122368K, used 55900K [0x00000000b9200000, 0x00000000c0980000, 0x00000000c3800000)
  object space 122368K, 45% used [0x00000000b9200000,0x00000000bc897018,0x00000000c0980000)
Event: 329,257 GC heap after
Heap after GC invocations=18 (full 2):
 PSYoungGen      total 288256K, used 21211K [0x00000000ebd00000, 0x0000000100000000, 0x0000000100000000)
  eden space 260096K, 0% used [0x00000000ebd00000,0x00000000ebd00000,0x00000000fbb00000)
  from space 28160K, 75% used [0x00000000fe480000,0x00000000ff936cd8,0x0000000100000000)
  to   space 35328K, 0% used [0x00000000fbb00000,0x00000000fbb00000,0x00000000fdd80000)
 ParOldGen       total 112640K, used 72110K [0x00000000c3800000, 0x00000000ca600000, 0x00000000ebd00000)
  object space 112640K, 64% used [0x00000000c3800000,0x00000000c7e6b9b8,0x00000000ca600000)
 PSPermGen       total 122368K, used 55900K [0x00000000b9200000, 0x00000000c0980000, 0x00000000c3800000)
  object space 122368K, 45% used [0x00000000b9200000,0x00000000bc897018,0x00000000c0980000)
}
Event: 478,595 GC heap before
{Heap before GC invocations=19 (full 2):
 PSYoungGen      total 288256K, used 281307K [0x00000000ebd00000, 0x0000000100000000, 0x0000000100000000)
  eden space 260096K, 100% used [0x00000000ebd00000,0x00000000fbb00000,0x00000000fbb00000)
  from space 28160K, 75% used [0x00000000fe480000,0x00000000ff936cd8,0x0000000100000000)
  to   space 35328K, 0% used [0x00000000fbb00000,0x00000000fbb00000,0x00000000fdd80000)
 ParOldGen       total 112640K, used 72110K [0x00000000c3800000, 0x00000000ca600000, 0x00000000ebd00000)
  object space 112640K, 64% used [0x00000000c3800000,0x00000000c7e6b9b8,0x00000000ca600000)
 PSPermGen       total 122368K, used 55917K [0x00000000b9200000, 0x00000000c0980000, 0x00000000c3800000)
  object space 122368K, 45% used [0x00000000b9200000,0x00000000bc89b5d0,0x00000000c0980000)
Event: 479,060 GC heap after
Heap after GC invocations=19 (full 2):
 PSYoungGen      total 295424K, used 35303K [0x00000000ebd00000, 0x0000000100000000, 0x0000000100000000)
  eden space 260096K, 0% used [0x00000000ebd00000,0x00000000ebd00000,0x00000000fbb00000)
  from space 35328K, 99% used [0x00000000fbb00000,0x00000000fdd79e88,0x00000000fdd80000)
  to   space 35328K, 0% used [0x00000000fdd80000,0x00000000fdd80000,0x0000000100000000)
 ParOldGen       total 112640K, used 80130K [0x00000000c3800000, 0x00000000ca600000, 0x00000000ebd00000)
  object space 112640K, 71% used [0x00000000c3800000,0x00000000c8640ac8,0x00000000ca600000)
 PSPermGen       total 122368K, used 55917K [0x00000000b9200000, 0x00000000c0980000, 0x00000000c3800000)
  object space 122368K, 45% used [0x00000000b9200000,0x00000000bc89b5d0,0x00000000c0980000)
}

Deoptimization events (10 events):
Event: 662,960 Thread 0x00007f3a5c005000 Uncommon trap: reason=class_check action=maybe_recompile pc=0x00007f3aacb1287c method=org.h2.command.CommandContainer.isTransactional()Z @ 4
Event: 662,972 Thread 0x00007f3a5c005000 Uncommon trap: reason=unreached action=reinterpret pc=0x00007f3aacbd32dc method=org.h2.engine.Session.commit(Z)V @ 112
Event: 662,972 Thread 0x00007f3a5c005000 Uncommon trap: reason=null_check action=make_not_entrant pc=0x00007f3aacb0e794 method=org.h2.engine.Session.prepareLocal(Ljava/lang/String;)Lorg/h2/command/Command; @ 91
Event: 663,057 Thread 0x00007f3a5c005000 Uncommon trap: reason=class_check action=maybe_recompile pc=0x00007f3aacb075a4 method=org.h2.command.CommandContainer.recompileIfRequired()V @ 4
Event: 663,063 Thread 0x00007f3a5c005000 Uncommon trap: reason=class_check action=maybe_recompile pc=0x00007f3aacb20158 method=org.h2.command.CommandContainer.query(I)Lorg/h2/result/ResultInterface; @ 17
Event: 663,078 Thread 0x00007f3a5c005000 Uncommon trap: reason=class_check action=maybe_recompile pc=0x00007f3aacb30a14 method=org.h2.command.CommandContainer.isTransactional()Z @ 4
Event: 663,094 Thread 0x00007f3a5c005000 Uncommon trap: reason=unreached action=reinterpret pc=0x00007f3aacad2288 method=org.h2.engine.Session.getTrace()Lorg/h2/message/Trace; @ 4
Event: 663,100 Thread 0x00007f3a5c005000 Uncommon trap: reason=class_check action=maybe_recompile pc=0x00007f3aacb1287c method=org.h2.command.CommandContainer.isTransactional()Z @ 4
Event: 663,101 Thread 0x00007f3a5c005000 Uncommon trap: reason=class_check action=maybe_recompile pc=0x00007f3aacb20158 method=org.h2.command.CommandContainer.query(I)Lorg/h2/result/ResultInterface; @ 17
Event: 663,101 Thread 0x00007f3a5c005000 Uncommon trap: reason=class_check action=maybe_recompile pc=0x00007f3aacb0d6ac method=org.h2.command.CommandContainer.isTransactional()Z @ 4

Internal exceptions (10 events):
Event: 329,007 Thread 0x00007f3a4c02f800 Implicit null exception at 0x00007f3aac99c004 to 0x00007f3aac99c185
Event: 449,413 Thread 0x00007f3a4c029800 Threw 0x00000000ef25e6f0 at /build/buildd/openjdk-7-7u75-2.5.4/build/openjdk/hotspot/src/share/vm/runtime/reflection.cpp:1030
Event: 449,452 Thread 0x00007f3a4c029800 Threw 0x00000000ef25f4d8 at /build/buildd/openjdk-7-7u75-2.5.4/build/openjdk/hotspot/src/share/vm/runtime/reflection.cpp:1030
Event: 449,487 Thread 0x00007f3a4c029800 Implicit null exception at 0x00007f3aacb5d8c9 to 0x00007f3aacb5e7cd
Event: 452,231 Thread 0x00007f3a4c029800 Implicit null exception at 0x00007f3aac9d0d9c to 0x00007f3aac9d3db1
Event: 452,231 Thread 0x00007f3a4c029800 Implicit null exception at 0x00007f3aac996568 to 0x00007f3aac996b9d
Event: 452,972 Thread 0x00007f3a4c029800 Implicit null exception at 0x00007f3aaca87977 to 0x00007f3aaca894b9
Event: 653,949 Thread 0x00007f3ab0e99000 Threw 0x00000000f7e02c20 at /build/buildd/openjdk-7-7u75-2.5.4/build/openjdk/hotspot/src/share/vm/prims/jvm.cpp:1284
Event: 662,934 Thread 0x00007f3a5c005000 Implicit null exception at 0x00007f3aacb0c7b5 to 0x00007f3aacb0cc7d
Event: 662,960 Thread 0x00007f3a5c005000 Implicit null exception at 0x00007f3aacbd28c8 to 0x00007f3aacbd32cd

Events (10 events):
Event: 663,101 Thread 0x00007f3a5c005000 DEOPT UNPACKING pc=0x00007f3aac5f4445 sp=0x00007f3a9afee5c0 mode 2
Event: 663,101 Thread 0x00007f3a5c005000 Uncommon trap: trap_request=0xffffffde fr.pc=0x00007f3aacb0d6ac
Event: 663,101 Thread 0x00007f3a5c005000 DEOPT PACKING pc=0x00007f3aacb0d6ac sp=0x00007f3a9afee5b0
Event: 663,101 Thread 0x00007f3a5c005000 DEOPT UNPACKING pc=0x00007f3aac5f4445 sp=0x00007f3a9afee568 mode 2
Event: 667,113 Executing VM operation: RevokeBias
Event: 668,949 Executing VM operation: RevokeBias done
Event: 668,949 Thread 0x00007f3a5c004000 Thread exited: 0x00007f3a5c004000
Event: 668,949 Executing VM operation: RevokeBias
Event: 669,649 Executing VM operation: RevokeBias done
Event: 669,650 Thread 0x00007f3a5c005000 Thread exited: 0x00007f3a5c005000


Dynamic libraries:
00400000-00401000 r-xp 00000000 08:09 1832886                            /usr/lib/jvm/java-7-openjdk-amd64/jre/bin/java
00600000-00601000 r--p 00000000 08:09 1832886                            /usr/lib/jvm/java-7-openjdk-amd64/jre/bin/java
00601000-00602000 rw-p 00001000 08:09 1832886                            /usr/lib/jvm/java-7-openjdk-amd64/jre/bin/java
00aea000-00b0b000 rw-p 00000000 00:00 0                                  [heap]
b9200000-c0980000 rw-p 00000000 00:00 0 
c0980000-c3800000 rw-p 00000000 00:00 0 
c3800000-ca600000 rw-p 00000000 00:00 0 
ca600000-ebd00000 rw-p 00000000 00:00 0 
ebd00000-100000000 rw-p 00000000 00:00 0 
7f3a24000000-7f3a24021000 rw-p 00000000 00:00 0 
7f3a24021000-7f3a28000000 ---p 00000000 00:00 0 
7f3a2c000000-7f3a2c021000 rw-p 00000000 00:00 0 
7f3a2c021000-7f3a30000000 ---p 00000000 00:00 0 
7f3a30000000-7f3a30052000 rw-p 00000000 00:00 0 
7f3a30052000-7f3a34000000 ---p 00000000 00:00 0 
7f3a34000000-7f3a34021000 rw-p 00000000 00:00 0 
7f3a34021000-7f3a38000000 ---p 00000000 00:00 0 
7f3a38000000-7f3a38245000 rw-p 00000000 00:00 0 
7f3a38245000-7f3a3c000000 ---p 00000000 00:00 0 
7f3a3c000000-7f3a3c112000 rw-p 00000000 00:00 0 
7f3a3c112000-7f3a40000000 ---p 00000000 00:00 0 
7f3a40000000-7f3a40021000 rw-p 00000000 00:00 0 
7f3a40021000-7f3a44000000 ---p 00000000 00:00 0 
7f3a44000000-7f3a44021000 rw-p 00000000 00:00 0 
7f3a44021000-7f3a48000000 ---p 00000000 00:00 0 
7f3a48000000-7f3a48021000 rw-p 00000000 00:00 0 
7f3a48021000-7f3a4c000000 ---p 00000000 00:00 0 
7f3a4c000000-7f3a4c046000 rw-p 00000000 00:00 0 
7f3a4c046000-7f3a50000000 ---p 00000000 00:00 0 
7f3a50000000-7f3a50021000 rw-p 00000000 00:00 0 
7f3a50021000-7f3a54000000 ---p 00000000 00:00 0 
7f3a54000000-7f3a54021000 rw-p 00000000 00:00 0 
7f3a54021000-7f3a58000000 ---p 00000000 00:00 0 
7f3a58000000-7f3a58243000 rw-p 00000000 00:00 0 
7f3a58243000-7f3a5c000000 ---p 00000000 00:00 0 
7f3a5c000000-7f3a5c021000 rw-p 00000000 00:00 0 
7f3a5c021000-7f3a60000000 ---p 00000000 00:00 0 
7f3a60000000-7f3a60052000 rw-p 00000000 00:00 0 
7f3a60052000-7f3a64000000 ---p 00000000 00:00 0 
7f3a64000000-7f3a64021000 rw-p 00000000 00:00 0 
7f3a64021000-7f3a68000000 ---p 00000000 00:00 0 
7f3a68000000-7f3a68021000 rw-p 00000000 00:00 0 
7f3a68021000-7f3a6c000000 ---p 00000000 00:00 0 
7f3a6c000000-7f3a6c021000 rw-p 00000000 00:00 0 
7f3a6c021000-7f3a70000000 ---p 00000000 00:00 0 
7f3a70000000-7f3a70021000 rw-p 00000000 00:00 0 
7f3a70021000-7f3a74000000 ---p 00000000 00:00 0 
7f3a74000000-7f3a756b4000 rw-p 00000000 00:00 0 
7f3a756b4000-7f3a78000000 ---p 00000000 00:00 0 
7f3a78000000-7f3a78021000 rw-p 00000000 00:00 0 
7f3a78021000-7f3a7c000000 ---p 00000000 00:00 0 
7f3a7c000000-7f3a7c021000 rw-p 00000000 00:00 0 
7f3a7c021000-7f3a80000000 ---p 00000000 00:00 0 
7f3a80000000-7f3a8188c000 rw-p 00000000 00:00 0 
7f3a8188c000-7f3a84000000 ---p 00000000 00:00 0 
7f3a84000000-7f3a84021000 rw-p 00000000 00:00 0 
7f3a84021000-7f3a88000000 ---p 00000000 00:00 0 
7f3a88000000-7f3a88021000 rw-p 00000000 00:00 0 
7f3a88021000-7f3a8c000000 ---p 00000000 00:00 0 
7f3a8c000000-7f3a8c021000 rw-p 00000000 00:00 0 
7f3a8c021000-7f3a90000000 ---p 00000000 00:00 0 
7f3a90000000-7f3a90021000 rw-p 00000000 00:00 0 
7f3a90021000-7f3a94000000 ---p 00000000 00:00 0 
7f3a94000000-7f3a94021000 rw-p 00000000 00:00 0 
7f3a94021000-7f3a98000000 ---p 00000000 00:00 0 
7f3a9aeef000-7f3a9aef2000 ---p 00000000 00:00 0 
7f3a9aef2000-7f3a9aff0000 rw-p 00000000 00:00 0 
7f3a9aff0000-7f3a9aff3000 ---p 00000000 00:00 0 
7f3a9aff3000-7f3a9b0f1000 rw-p 00000000 00:00 0 
7f3a9b0f1000-7f3a9b0f4000 ---p 00000000 00:00 0 
7f3a9b0f4000-7f3a9b1f2000 rw-p 00000000 00:00 0                          [stack:5454]
7f3a9b1f2000-7f3a9b1f5000 ---p 00000000 00:00 0 
7f3a9b1f5000-7f3a9b2f3000 rw-p 00000000 00:00 0                          [stack:5453]
7f3a9b2f3000-7f3a9b2f6000 ---p 00000000 00:00 0 
7f3a9b2f6000-7f3a9b3f4000 rw-p 00000000 00:00 0                          [stack:5452]
7f3a9b3f4000-7f3a9b3f7000 ---p 00000000 00:00 0 
7f3a9b3f7000-7f3a9b4f5000 rw-p 00000000 00:00 0                          [stack:5451]
7f3a9b4f5000-7f3a9b4f8000 ---p 00000000 00:00 0 
7f3a9b4f8000-7f3a9b5f6000 rw-p 00000000 00:00 0                          [stack:5450]
7f3a9b5f6000-7f3a9b5f9000 ---p 00000000 00:00 0 
7f3a9b5f9000-7f3a9b6f7000 rw-p 00000000 00:00 0                          [stack:5449]
7f3a9b6f7000-7f3a9b6fa000 ---p 00000000 00:00 0 
7f3a9b6fa000-7f3a9b7f8000 rw-p 00000000 00:00 0                          [stack:5448]
7f3a9b7f8000-7f3a9b7fb000 ---p 00000000 00:00 0 
7f3a9b7fb000-7f3a9b8f9000 rw-p 00000000 00:00 0                          [stack:5447]
7f3a9b8f9000-7f3a9b8fc000 ---p 00000000 00:00 0 
7f3a9b8fc000-7f3a9b9fa000 rw-p 00000000 00:00 0                          [stack:5446]
7f3a9b9fa000-7f3a9b9fd000 ---p 00000000 00:00 0 
7f3a9b9fd000-7f3a9bafb000 rw-p 00000000 00:00 0                          [stack:5445]
7f3a9bafb000-7f3a9bafe000 ---p 00000000 00:00 0 
7f3a9bafe000-7f3a9bbfc000 rw-p 00000000 00:00 0                          [stack:5444]
7f3a9bbfc000-7f3a9bbff000 ---p 00000000 00:00 0 
7f3a9bbff000-7f3a9bcfd000 rw-p 00000000 00:00 0                          [stack:5443]
7f3a9bcfd000-7f3a9bd00000 ---p 00000000 00:00 0 
7f3a9bd00000-7f3a9bdfe000 rw-p 00000000 00:00 0                          [stack:5442]
7f3a9bdfe000-7f3a9be01000 ---p 00000000 00:00 0 
7f3a9be01000-7f3a9beff000 rw-p 00000000 00:00 0                          [stack:5441]
7f3a9beff000-7f3a9bf02000 ---p 00000000 00:00 0 
7f3a9bf02000-7f3a9c000000 rw-p 00000000 00:00 0                          [stack:5440]
7f3a9c000000-7f3a9c277000 rw-p 00000000 00:00 0 
7f3a9c277000-7f3aa0000000 ---p 00000000 00:00 0 
7f3aa00b3000-7f3aa00b4000 rw-p 00000000 00:00 0 
7f3aa00b4000-7f3aa00b7000 ---p 00000000 00:00 0 
7f3aa00b7000-7f3aa01b5000 rw-p 00000000 00:00 0                          [stack:5439]
7f3aa01b5000-7f3aa01b8000 ---p 00000000 00:00 0 
7f3aa01b8000-7f3aa02b6000 rw-p 00000000 00:00 0                          [stack:5438]
7f3aa02b6000-7f3aa02b9000 ---p 00000000 00:00 0 
7f3aa02b9000-7f3aa03b7000 rw-p 00000000 00:00 0                          [stack:5437]
7f3aa03b7000-7f3aa03ba000 ---p 00000000 00:00 0 
7f3aa03ba000-7f3aa04b8000 rw-p 00000000 00:00 0                          [stack:5436]
7f3aa04b8000-7f3aa04bb000 ---p 00000000 00:00 0 
7f3aa04bb000-7f3aa05b9000 rw-p 00000000 00:00 0                          [stack:5435]
7f3aa05b9000-7f3aa05bc000 ---p 00000000 00:00 0 
7f3aa05bc000-7f3aa06ba000 rw-p 00000000 00:00 0                          [stack:5406]
7f3aa06ba000-7f3aa06bd000 ---p 00000000 00:00 0 
7f3aa06bd000-7f3aa07bb000 rw-p 00000000 00:00 0                          [stack:5405]
7f3aa07bb000-7f3aa07be000 ---p 00000000 00:00 0 
7f3aa07be000-7f3aa08bc000 rw-p 00000000 00:00 0                          [stack:5401]
7f3aa08bc000-7f3aa08bf000 ---p 00000000 00:00 0 
7f3aa08bf000-7f3aa09bd000 rw-p 00000000 00:00 0                          [stack:5400]
7f3aa09bd000-7f3aa09c0000 ---p 00000000 00:00 0 
7f3aa09c0000-7f3aa0abe000 rw-p 00000000 00:00 0                          [stack:5399]
7f3aa0abe000-7f3aa0ac1000 ---p 00000000 00:00 0 
7f3aa0ac1000-7f3aa0bbf000 rw-p 00000000 00:00 0                          [stack:5398]
7f3aa0bbf000-7f3aa0bc2000 ---p 00000000 00:00 0 
7f3aa0bc2000-7f3aa0cc0000 rw-p 00000000 00:00 0                          [stack:5397]
7f3aa0cc0000-7f3aa0cc3000 ---p 00000000 00:00 0 
7f3aa0cc3000-7f3aa0dc1000 rw-p 00000000 00:00 0                          [stack:5396]
7f3aa0dc1000-7f3aa0dc4000 ---p 00000000 00:00 0 
7f3aa0dc4000-7f3aa0ec2000 rw-p 00000000 00:00 0                          [stack:5395]
7f3aa0ec2000-7f3aa0ec5000 ---p 00000000 00:00 0 
7f3aa0ec5000-7f3aa0fc3000 rw-p 00000000 00:00 0                          [stack:5394]
7f3aa0fc3000-7f3aa0fc6000 ---p 00000000 00:00 0 
7f3aa0fc6000-7f3aa10c4000 rw-p 00000000 00:00 0                          [stack:5389]
7f3aa10c4000-7f3aa10c7000 ---p 00000000 00:00 0 
7f3aa10c7000-7f3aa11c5000 rw-p 00000000 00:00 0                          [stack:5388]
7f3aa11c5000-7f3aa11c8000 ---p 00000000 00:00 0 
7f3aa11c8000-7f3aa12c6000 rw-p 00000000 00:00 0                          [stack:5385]
7f3aa12c6000-7f3aa12c9000 ---p 00000000 00:00 0 
7f3aa12c9000-7f3aa13c7000 rw-p 00000000 00:00 0                          [stack:5384]
7f3aa13c7000-7f3aa13ca000 ---p 00000000 00:00 0 
7f3aa13ca000-7f3aa14c8000 rw-p 00000000 00:00 0                          [stack:5383]
7f3aa14c8000-7f3aa14cb000 ---p 00000000 00:00 0 
7f3aa14cb000-7f3aa15c9000 rw-p 00000000 00:00 0                          [stack:5382]
7f3aa15c9000-7f3aa15cc000 ---p 00000000 00:00 0 
7f3aa15cc000-7f3aa16ca000 rw-p 00000000 00:00 0                          [stack:5378]
7f3aa16ca000-7f3aa16cd000 ---p 00000000 00:00 0 
7f3aa16cd000-7f3aa17cb000 rw-p 00000000 00:00 0                          [stack:5375]
7f3aa17cb000-7f3aa17ce000 ---p 00000000 00:00 0 
7f3aa17ce000-7f3aa18cc000 rw-p 00000000 00:00 0                          [stack:5374]
7f3aa18cc000-7f3aa18cf000 ---p 00000000 00:00 0 
7f3aa18cf000-7f3aa19cd000 rw-p 00000000 00:00 0                          [stack:5371]
7f3aa19cd000-7f3aa19d7000 r--s 00203000 08:09 1832821                    /usr/lib/jvm/java-7-openjdk-amd64/jre/lib/charsets.jar
7f3aa19d7000-7f3aa19e0000 r--s 000b9000 08:09 1832800                    /usr/lib/jvm/java-7-openjdk-amd64/jre/lib/resources.jar
7f3aa19e0000-7f3aa19e7000 r--s 00000000 08:09 2100353                    /usr/lib/x86_64-linux-gnu/gconv/gconv-modules.cache
7f3aa19e7000-7f3aa1a0c000 r--p 00000000 08:09 2233091                    /usr/share/locale-langpack/pl/LC_MESSAGES/libc.mo
7f3aa1a0c000-7f3aa1a0d000 ---p 00000000 00:00 0 
7f3aa1a0d000-7f3aa1b0d000 rw-p 00000000 00:00 0                          [stack:5367]
7f3aa1b0d000-7f3aa1b10000 ---p 00000000 00:00 0 
7f3aa1b10000-7f3aa1c0e000 rw-p 00000000 00:00 0                          [stack:5366]
7f3aa1c0e000-7f3aa1c11000 ---p 00000000 00:00 0 
7f3aa1c11000-7f3aa1d0f000 rw-p 00000000 00:00 0                          [stack:5365]
7f3aa1d0f000-7f3aa1d12000 ---p 00000000 00:00 0 
7f3aa1d12000-7f3aa1e10000 rw-p 00000000 00:00 0                          [stack:5364]
7f3aa1e10000-7f3aa1e14000 r--s 0004d000 08:09 1832818                    /usr/lib/jvm/java-7-openjdk-amd64/jre/lib/jsse.jar
7f3aa1e14000-7f3aa1e15000 r--s 00003000 08:09 1702004                    /home/luke/.m2/repository/org/apache/geronimo/specs/geronimo-jta_1.1_spec/1.1.1/geronimo-jta_1.1_spec-1.1.1.jar
7f3aa1e15000-7f3aa1e19000 r--s 00017000 08:09 1447660                    /home/luke/.m2/repository/org/neo4j/neo4j-primitive-collections/2.1.5/neo4j-primitive-collections-2.1.5.jar
7f3aa1e19000-7f3aa1e53000 r--s 00257000 08:09 1447655                    /home/luke/.m2/repository/org/neo4j/neo4j-kernel/2.1.5/neo4j-kernel-2.1.5.jar
7f3aa1e53000-7f3aa1e54000 r--s 00005000 08:09 1580422                    /home/luke/.m2/repository/io/airlift/floatingdecimal/0.2/floatingdecimal-0.2.jar
7f3aa1e54000-7f3aa1e5c000 r--s 0003a000 08:09 1983903                    /home/luke/.m2/repository/org/springframework/boot/spring-boot-actuator/1.2.1.RELEASE/spring-boot-actuator-1.2.1.RELEASE.jar
7f3aa1e5c000-7f3aa1e5d000 r--s 00000000 08:09 1983884                    /home/luke/.m2/repository/org/springframework/boot/spring-boot-starter-actuator/1.2.1.RELEASE/spring-boot-starter-actuator-1.2.1.RELEASE.jar
7f3aa1e5d000-7f3aa1e66000 r--s 0004f000 08:09 1445641                    /home/luke/.m2/repository/org/springframework/spring-aop/4.1.4.RELEASE/spring-aop-4.1.4.RELEASE.jar
7f3aa1e66000-7f3aa1e70000 r--s 0004a000 08:09 1574167                    /home/luke/.m2/repository/org/springframework/security/spring-security-web/3.2.5.RELEASE/spring-security-web-3.2.5.RELEASE.jar
7f3aa1e70000-7f3aa1e7b000 r--s 0004f000 08:09 1574156                    /home/luke/.m2/repository/org/springframework/security/spring-security-core/3.2.5.RELEASE/spring-security-core-3.2.5.RELEASE.jar
7f3aa1e7b000-7f3aa1e7d000 r--s 00000000 08:09 1312943                    /home/luke/.m2/repository/aopalliance/aopalliance/1.0/aopalliance-1.0.jar
7f3aa1e7d000-7f3aa1e85000 r--s 0005c000 08:09 1574135                    /home/luke/.m2/repository/org/springframework/security/spring-security-config/3.2.5.RELEASE/spring-security-config-3.2.5.RELEASE.jar
7f3aa1e85000-7f3aa1e8a000 r--s 0003b000 08:09 1573023                    /home/luke/.m2/repository/org/springframework/spring-expression/4.1.4.RELEASE/spring-expression-4.1.4.RELEASE.jar
7f3aa1e8a000-7f3aa1ea2000 r--s 000e3000 08:09 1572965                    /home/luke/.m2/repository/org/springframework/spring-context/4.1.4.RELEASE/spring-context-4.1.4.RELEASE.jar
7f3aa1ea2000-7f3aa1eaf000 r--s 000a0000 08:09 1572854                    /home/luke/.m2/repository/org/springframework/spring-beans/4.1.4.RELEASE/spring-beans-4.1.4.RELEASE.jar
7f3aa1eaf000-7f3aa1eb0000 r--s 00000000 08:09 1573594                    /home/luke/.m2/repository/org/springframework/boot/spring-boot-starter-security/1.2.1.RELEASE/spring-boot-starter-security-1.2.1.RELEASE.jar
7f3aa1eb0000-7f3aa1eb4000 r--s 00033000 08:09 1714608                    /home/luke/.m2/repository/org/glassfish/javax.el/3.0.0/javax.el-3.0.0.jar
7f3aa1eb4000-7f3aa1eb7000 r--s 00015000 08:09 1579227                    /home/luke/.m2/repository/javax/servlet/javax.servlet-api/3.1.0/javax.servlet-api-3.1.0.jar
7f3aa1eb7000-7f3aa1eb9000 r--s 00009000 08:09 1574703                    /home/luke/.m2/repository/org/jboss/spec/javax/websocket/jboss-websocket-api_1.1_spec/1.1.0.Final/jboss-websocket-api_1.1_spec-1.1.0.Final.jar
7f3aa1eb9000-7f3aa1ebd000 r--s 00021000 08:09 1579421                    /home/luke/.m2/repository/io/undertow/undertow-websockets-jsr/1.1.1.Final/undertow-websockets-jsr-1.1.1.Final.jar
7f3aa1ebd000-7f3aa1ebe000 r--s 00004000 08:09 1574606                    /home/luke/.m2/repository/org/jboss/spec/javax/annotation/jboss-annotations-api_1.2_spec/1.0.0.Final/jboss-annotations-api_1.2_spec-1.0.0.Final.jar
7f3aa1ebe000-7f3aa1ec6000 r--s 0005a000 08:09 1579410                    /home/luke/.m2/repository/io/undertow/undertow-servlet/1.1.1.Final/undertow-servlet-1.1.1.Final.jar
7f3aa1ec6000-7f3aa1ec9000 r--s 00016000 08:09 1577777                    /home/luke/.m2/repository/org/jboss/xnio/xnio-nio/3.3.0.Final/xnio-nio-3.3.0.Final.jar
7f3aa1ec9000-7f3aa1ed2000 r--s 00073000 08:09 1577650                    /home/luke/.m2/repository/org/jboss/xnio/xnio-api/3.3.0.Final/xnio-api-3.3.0.Final.jar
7f3aa1ed2000-7f3aa1eed000 r--s 00156000 08:09 1579386                    /home/luke/.m2/repository/io/undertow/undertow-core/1.1.1.Final/undertow-core-1.1.1.Final.jar
7f3aa1eed000-7f3aa1eee000 r--s 00000000 08:09 1573886                    /home/luke/.m2/repository/org/springframework/boot/spring-boot-starter-undertow/1.2.1.RELEASE/spring-boot-starter-undertow-1.2.1.RELEASE.jar
7f3aa1eee000-7f3aa1eef000 r--s 00007000 08:09 2225292                    /home/luke/.m2/repository/com/fasterxml/jackson/module/jackson-module-jaxb-annotations/2.3.2/jackson-module-jaxb-annotations-2.3.2.jar
7f3aa1eef000-7f3aa1ef1000 r--s 00003000 08:09 2225280                    /home/luke/.m2/repository/com/fasterxml/jackson/jaxrs/jackson-jaxrs-json-provider/2.3.2/jackson-jaxrs-json-provider-2.3.2.jar
7f3aa1ef1000-7f3aa1ef2000 r--s 00006000 08:09 2224251                    /home/luke/.m2/repository/com/fasterxml/jackson/jaxrs/jackson-jaxrs-base/2.3.2/jackson-jaxrs-base-2.3.2.jar
7f3aa1ef2000-7f3aa1ef3000 r--s 00001000 08:09 1714773                    /home/luke/.m2/repository/org/glassfish/jersey/media/jersey-media-json-jackson/2.14/jersey-media-json-jackson-2.14.jar
7f3aa1ef3000-7f3aa1ef5000 r--s 00002000 08:09 1715097                    /home/luke/.m2/repository/org/glassfish/hk2/spring-bridge/2.4.0-b06/spring-bridge-2.4.0-b06.jar
7f3aa1ef5000-7f3aa1efc000 r--s 0005b000 08:09 1714971                    /home/luke/.m2/repository/org/glassfish/hk2/external/asm-all-repackaged/2.4.0-b06/asm-all-repackaged-2.4.0-b06.jar
7f3aa1efc000-7f3aa1eff000 r--s 00013000 08:09 1715086                    /home/luke/.m2/repository/org/glassfish/hk2/class-model/2.4.0-b06/class-model-2.4.0-b06.jar
7f3aa1eff000-7f3aa1f01000 r--s 0000c000 08:09 1715075                    /home/luke/.m2/repository/org/glassfish/hk2/hk2-runlevel/2.4.0-b06/hk2-runlevel-2.4.0-b06.jar
7f3aa1f01000-7f3aa1f14000 r--s 000b4000 08:09 1714960                    /home/luke/.m2/repository/org/glassfish/hk2/external/bean-validator/2.4.0-b06/bean-validator-2.4.0-b06.jar
7f3aa1f14000-7f3aa1f16000 r--s 00003000 08:09 1578990                    /home/luke/.m2/repository/org/jvnet/tiger-types/1.4/tiger-types-1.4.jar
7f3aa1f16000-7f3aa1f1a000 r--s 0002e000 08:09 1715053                    /home/luke/.m2/repository/org/glassfish/hk2/hk2-config/2.4.0-b06/hk2-config-2.4.0-b06.jar
7f3aa1f1a000-7f3aa1f1d000 r--s 0001a000 08:09 1715064                    /home/luke/.m2/repository/org/glassfish/hk2/core/2.4.0-b06/core-2.4.0-b06.jar
7f3aa1f1d000-7f3aa1f1e000 r--s 00001000 08:09 1715021                    /home/luke/.m2/repository/org/glassfish/hk2/config-types/2.4.0-b06/config-types-2.4.0-b06.jar
7f3aa1f1e000-7f3aa1f1f000 r--s 00000000 08:09 1715010                    /home/luke/.m2/repository/org/glassfish/hk2/hk2/2.4.0-b06/hk2-2.4.0-b06.jar
7f3aa1f1f000-7f3aa1f21000 r--s 00004000 08:09 1714806                    /home/luke/.m2/repository/org/glassfish/jersey/ext/jersey-spring3/2.14/jersey-spring3-2.14.jar
7f3aa1f21000-7f3aa1f22000 r--s 00003000 08:09 1714829                    /home/luke/.m2/repository/org/glassfish/jersey/containers/jersey-container-servlet/2.14/jersey-container-servlet-2.14.jar
7f3aa1f22000-7f3aa1f24000 r--s 0000c000 08:09 1714818                    /home/luke/.m2/repository/org/glassfish/jersey/containers/jersey-container-servlet-core/2.14/jersey-container-servlet-core-2.14.jar
7f3aa1f24000-7f3aa1f27000 r--s 00027000 08:09 1714990                    /home/luke/.m2/repository/org/glassfish/hk2/hk2-locator/2.4.0-b06/hk2-locator-2.4.0-b06.jar
7f3aa1f27000-7f3aa1f28000 r--s 00001000 08:09 1714943                    /home/luke/.m2/repository/org/glassfish/hk2/external/javax.inject/2.4.0-b06/javax.inject-2.4.0-b06.jar
7f3aa1f28000-7f3aa1f2a000 r--s 00002000 08:09 1714919                    /home/luke/.m2/repository/org/glassfish/hk2/external/aopalliance-repackaged/2.4.0-b06/aopalliance-repackaged-2.4.0-b06.jar
7f3aa1f2a000-7f3aa1f2d000 r--s 00013000 08:09 1714899                    /home/luke/.m2/repository/org/glassfish/hk2/hk2-utils/2.4.0-b06/hk2-utils-2.4.0-b06.jar
7f3aa1f2d000-7f3aa1f32000 r--s 00026000 08:09 1714868                    /home/luke/.m2/repository/org/glassfish/hk2/hk2-api/2.4.0-b06/hk2-api-2.4.0-b06.jar
7f3aa1f32000-7f3aa1f34000 r--s 00005000 08:09 1446191                    /home/luke/.m2/repository/javax/annotation/javax.annotation-api/1.2/javax.annotation-api-1.2.jar
7f3aa1f34000-7f3aa1f38000 r--s 00019000 08:09 1446161                    /home/luke/.m2/repository/javax/ws/rs/javax.ws.rs-api/2.0.1/javax.ws.rs-api-2.0.1.jar
7f3aa1f38000-7f3aa1f3c000 r--s 00022000 08:09 1714653                    /home/luke/.m2/repository/org/glassfish/jersey/core/jersey-client/2.14/jersey-client-2.14.jar
7f3aa1f3c000-7f3aa1f3d000 r--s 00004000 08:09 1714999                    /home/luke/.m2/repository/org/glassfish/hk2/osgi-resource-locator/1.0.1/osgi-resource-locator-1.0.1.jar
7f3aa1f3d000-7f3aa1f54000 r--s 000d4000 08:09 1714716                    /home/luke/.m2/repository/org/glassfish/jersey/bundles/repackaged/jersey-guava/2.14/jersey-guava-2.14.jar
7f3aa1f54000-7f3aa1f62000 r--s 000a3000 08:09 1714672                    /home/luke/.m2/repository/org/glassfish/jersey/core/jersey-common/2.14/jersey-common-2.14.jar
7f3aa1f62000-7f3aa1f77000 r--s 000cd000 08:09 1714683                    /home/luke/.m2/repository/org/glassfish/jersey/core/jersey-server/2.14/jersey-server-2.14.jar
7f3aa1f77000-7f3aa1f78000 r--s 00000000 08:09 1573875                    /home/luke/.m2/repository/org/springframework/boot/spring-boot-starter-jersey/1.2.1.RELEASE/spring-boot-starter-jersey-1.2.1.RELEASE.jar
7f3aa1f78000-7f3aa1f7a000 r--s 0000d000 08:09 2117664                    /home/luke/.m2/repository/org/rxtx/rxtx/2.1.7/rxtx-2.1.7.jar
7f3aa1f7a000-7f3aa1f7e000 r--s 00021000 08:09 2233892                    /home/luke/.m2/repository/net/wimpi/jamod/1.2/jamod-1.2.jar
7f3aa1f7e000-7f3aa1f80000 r--s 00005000 08:09 2233931                    /home/luke/.m2/repository/stax/stax-api/1.0.1/stax-api-1.0.1.jar
7f3aa1f80000-7f3aa1fbe000 r--s 0025d000 08:09 1977490                    /home/luke/.m2/repository/org/apache/xmlbeans/xmlbeans/2.6.0/xmlbeans-2.6.0.jar
7f3aa1fbe000-7f3aa2076000 r--s 0049f000 08:09 1976477                    /home/luke/.m2/repository/org/apache/poi/poi-ooxml-schemas/3.11/poi-ooxml-schemas-3.11.jar
7f3aa2076000-7f3aa2085000 r--s 00119000 08:09 1976468                    /home/luke/.m2/repository/org/apache/poi/poi-ooxml/3.11/poi-ooxml-3.11.jar
7f3aa2085000-7f3aa208c000 r--s 0003a000 08:09 1978797                    /home/luke/.m2/repository/commons-codec/commons-codec/1.9/commons-codec-1.9.jar
7f3aa208c000-7f3aa20ae000 r--s 001da000 08:09 1976470                    /home/luke/.m2/repository/org/apache/poi/poi/3.11/poi-3.11.jar
7f3aa20ae000-7f3aa20bc000 r--s 0018f000 08:09 2118495                    /home/luke/.m2/repository/com/h2database/h2/1.4.184/h2-1.4.184.jar
7f3aa20bc000-7f3aa20c6000 r--s 000a5000 08:09 2117059                    /home/luke/.m2/repository/org/javassist/javassist/3.18.1-GA/javassist-3.18.1-GA.jar
7f3aa20c6000-7f3aa20c7000 r--s 00007000 08:09 1578682                    /home/luke/.m2/repository/org/slf4j/slf4j-api/1.7.8/slf4j-api-1.7.8.jar
7f3aa20c7000-7f3aa20ca000 r--s 00014000 08:09 2118747                    /home/luke/.m2/repository/com/zaxxer/HikariCP-java6/2.3.0/HikariCP-java6-2.3.0.jar
7f3aa20ca000-7f3aa20cc000 r--s 0000c000 08:09 1574285                    /home/luke/.m2/repository/org/springframework/spring-aspects/4.1.4.RELEASE/spring-aspects-4.1.4.RELEASE.jar
7f3aa20cc000-7f3aa20ce000 r--s 00003000 08:09 1578849                    /home/luke/.m2/repository/org/slf4j/jcl-over-slf4j/1.7.8/jcl-over-slf4j-1.7.8.jar
7f3aa20ce000-7f3aa20db000 r--s 0006d000 08:09 1574070                    /home/luke/.m2/repository/org/springframework/data/spring-data-commons/1.9.1.RELEASE/spring-data-commons-1.9.1.RELEASE.jar
7f3aa20db000-7f3aa20e1000 r--s 00030000 08:09 1574106                    /home/luke/.m2/repository/org/springframework/data/spring-data-jpa/1.7.1.RELEASE/spring-data-jpa-1.7.1.RELEASE.jar
7f3aa20e1000-7f3aa20e9000 r--s 00054000 08:09 1573208                    /home/luke/.m2/repository/org/springframework/spring-orm/4.1.4.RELEASE/spring-orm-4.1.4.RELEASE.jar
7f3aa20e9000-7f3aa20eb000 r--s 00006000 08:09 1579189                    /home/luke/.m2/repository/javax/transaction/javax.transaction-api/1.2/javax.transaction-api-1.2.jar
7f3aa20eb000-7f3aa20f0000 r--s 00017000 08:09 1445834                    /home/luke/.m2/repository/org/hibernate/javax/persistence/hibernate-jpa-2.1-api/1.0.0.Final/hibernate-jpa-2.1-api-1.0.0.Final.jar
7f3aa20f0000-7f3aa20f3000 r--s 00010000 08:09 1445814                    /home/luke/.m2/repository/org/hibernate/common/hibernate-commons-annotations/4.0.5.Final/hibernate-commons-annotations-4.0.5.Final.jar
7f3aa20f3000-7f3aa20f8000 r--s 00016000 08:09 2233977                    /home/luke/.m2/repository/xml-apis/xml-apis/1.0.b2/xml-apis-1.0.b2.jar
7f3aa20f8000-7f3aa20fd000 r--s 00048000 08:09 2233941                    /home/luke/.m2/repository/dom4j/dom4j/1.6.1/dom4j-1.6.1.jar
7f3aa20fd000-7f3aa20ff000 r--s 00011000 08:09 1578081                    /home/luke/.m2/repository/org/jboss/jandex/1.1.0.Final/jandex-1.1.0.Final.jar
7f3aa20ff000-7f3aa2104000 r--s 00068000 08:09 1312869                    /home/luke/.m2/repository/antlr/antlr/2.7.7/antlr-2.7.7.jar
7f3aa2104000-7f3aa2162000 r--s 004a9000 08:09 1445758                    /home/luke/.m2/repository/org/hibernate/hibernate-core/4.3.7.Final/hibernate-core-4.3.7.Final.jar
7f3aa2162000-7f3aa2163000 r--s 00002000 08:09 1577343                    /home/luke/.m2/repository/org/jboss/logging/jboss-logging-annotations/1.2.0.Beta1/jboss-logging-annotations-1.2.0.Beta1.jar
7f3aa2163000-7f3aa2171000 r--s 00091000 08:09 1445713                    /home/luke/.m2/repository/org/hibernate/hibernate-entitymanager/4.3.7.Final/hibernate-entitymanager-4.3.7.Final.jar
7f3aa2171000-7f3aa2178000 r--s 00037000 08:09 1573160                    /home/luke/.m2/repository/org/springframework/spring-tx/4.1.4.RELEASE/spring-tx-4.1.4.RELEASE.jar
7f3aa2178000-7f3aa217a000 r--s 00009000 08:09 1977872                    /home/luke/.m2/repository/org/apache/tomcat/tomcat-juli/8.0.15/tomcat-juli-8.0.15.jar
7f3aa217a000-7f3aa217c000 r--s 0001f000 08:09 1977851                    /home/luke/.m2/repository/org/apache/tomcat/tomcat-jdbc/8.0.15/tomcat-jdbc-8.0.15.jar
7f3aa217c000-7f3aa2186000 r--s 0005f000 08:09 1573113                    /home/luke/.m2/repository/org/springframework/spring-jdbc/4.1.4.RELEASE/spring-jdbc-4.1.4.RELEASE.jar
7f3aa2186000-7f3aa2187000 r--s 00000000 08:09 1573843                    /home/luke/.m2/repository/org/springframework/boot/spring-boot-starter-jdbc/1.2.1.RELEASE/spring-boot-starter-jdbc-1.2.1.RELEASE.jar
7f3aa2187000-7f3aa21a0000 r--s 001ae000 08:09 2117823                    /home/luke/.m2/repository/org/aspectj/aspectjweaver/1.8.4/aspectjweaver-1.8.4.jar
7f3aa21a0000-7f3aa21a4000 r--s 00019000 08:09 2117766                    /home/luke/.m2/repository/org/aspectj/aspectjrt/1.8.4/aspectjrt-1.8.4.jar
7f3aa21a4000-7f3aa21a5000 r--s 00000000 08:09 1573822                    /home/luke/.m2/repository/org/springframework/boot/spring-boot-starter-aop/1.2.1.RELEASE/spring-boot-starter-aop-1.2.1.RELEASE.jar
7f3aa21a5000-7f3aa21a6000 r--s 00000000 08:09 1573801                    /home/luke/.m2/repository/org/springframework/boot/spring-boot-starter-data-jpa/1.2.1.RELEASE/spring-boot-starter-data-jpa-1.2.1.RELEASE.jar
7f3aa21a6000-7f3aa21b5000 r--s 000b0000 08:09 1573352                    /home/luke/.m2/repository/org/springframework/spring-webmvc/4.1.4.RELEASE/spring-webmvc-4.1.4.RELEASE.jar
7f3aa21b5000-7f3aa21c5000 r--s 0009f000 08:09 1573295                    /home/luke/.m2/repository/org/springframework/spring-web/4.1.4.RELEASE/spring-web-4.1.4.RELEASE.jar
7f3aa21c5000-7f3aa21d9000 r--s 000e2000 08:09 1572912                    /home/luke/.m2/repository/org/springframework/spring-core/4.1.4.RELEASE/spring-core-4.1.4.RELEASE.jar
7f3aa21d9000-7f3aa21db000 r--s 0000d000 08:09 2225325                    /home/luke/.m2/repository/com/fasterxml/classmate/1.0.0/classmate-1.0.0.jar
7f3aa21db000-7f3aa21df000 r--s 0000c000 08:09 1446051                    /home/luke/.m2/repository/javax/validation/validation-api/1.1.0.Final/validation-api-1.1.0.Final.jar
7f3aa21df000-7f3aa21ed000 r--s 0008d000 08:09 1445863                    /home/luke/.m2/repository/org/hibernate/hibernate-validator/5.1.3.Final/hibernate-validator-5.1.3.Final.jar
7f3aa21ed000-7f3aa21fe000 r--s 000f6000 08:09 2118642                    /home/luke/.m2/repository/com/fasterxml/jackson/core/jackson-databind/2.4.4/jackson-databind-2.4.4.jar
7f3aa21fe000-7f3aa2223000 r--s 0028d000 08:09 1977777                    /home/luke/.m2/repository/org/apache/tomcat/embed/tomcat-embed-core/8.0.15/tomcat-embed-core-8.0.15.jar
7f3aa2223000-7f3aa2233000 r-xp 00000000 08:09 1832830                    /usr/lib/jvm/java-7-openjdk-amd64/jre/lib/amd64/libnio.so
7f3aa2233000-7f3aa2433000 ---p 00010000 08:09 1832830                    /usr/lib/jvm/java-7-openjdk-amd64/jre/lib/amd64/libnio.so
7f3aa2433000-7f3aa2434000 r--p 00010000 08:09 1832830                    /usr/lib/jvm/java-7-openjdk-amd64/jre/lib/amd64/libnio.so
7f3aa2434000-7f3aa2435000 rw-p 00011000 08:09 1832830                    /usr/lib/jvm/java-7-openjdk-amd64/jre/lib/amd64/libnio.so
7f3aa2435000-7f3aa2466000 rw-p 00000000 00:00 0 
7f3aa2466000-7f3aa24a3000 r-xp 00000000 08:09 2751497                    /lib/x86_64-linux-gnu/libpcre.so.3.13.1
7f3aa24a3000-7f3aa26a2000 ---p 0003d000 08:09 2751497                    /lib/x86_64-linux-gnu/libpcre.so.3.13.1
7f3aa26a2000-7f3aa26a3000 r--p 0003c000 08:09 2751497                    /lib/x86_64-linux-gnu/libpcre.so.3.13.1
7f3aa26a3000-7f3aa26a4000 rw-p 0003d000 08:09 2751497                    /lib/x86_64-linux-gnu/libpcre.so.3.13.1
7f3aa26a4000-7f3aa26ab000 r-xp 00000000 08:09 1709890                    /usr/lib/x86_64-linux-gnu/libffi.so.6.0.1
7f3aa26ab000-7f3aa28aa000 ---p 00007000 08:09 1709890                    /usr/lib/x86_64-linux-gnu/libffi.so.6.0.1
7f3aa28aa000-7f3aa28ab000 r--p 00006000 08:09 1709890                    /usr/lib/x86_64-linux-gnu/libffi.so.6.0.1
7f3aa28ab000-7f3aa28ac000 rw-p 00007000 08:09 1709890                    /usr/lib/x86_64-linux-gnu/libffi.so.6.0.1
7f3aa28ac000-7f3aa28c3000 r-xp 00000000 08:09 2762485                    /lib/x86_64-linux-gnu/libresolv-2.19.so
7f3aa28c3000-7f3aa2ac3000 ---p 00017000 08:09 2762485                    /lib/x86_64-linux-gnu/libresolv-2.19.so
7f3aa2ac3000-7f3aa2ac4000 r--p 00017000 08:09 2762485                    /lib/x86_64-linux-gnu/libresolv-2.19.so
7f3aa2ac4000-7f3aa2ac5000 rw-p 00018000 08:09 2762485                    /lib/x86_64-linux-gnu/libresolv-2.19.so
7f3aa2ac5000-7f3aa2ac7000 rw-p 00000000 00:00 0 
7f3aa2ac7000-7f3aa2ae7000 r-xp 00000000 08:09 2751524                    /lib/x86_64-linux-gnu/libselinux.so.1
7f3aa2ae7000-7f3aa2ce6000 ---p 00020000 08:09 2751524                    /lib/x86_64-linux-gnu/libselinux.so.1
7f3aa2ce6000-7f3aa2ce7000 r--p 0001f000 08:09 2751524                    /lib/x86_64-linux-gnu/libselinux.so.1
7f3aa2ce7000-7f3aa2ce8000 rw-p 00020000 08:09 2751524                    /lib/x86_64-linux-gnu/libselinux.so.1
7f3aa2ce8000-7f3aa2cea000 rw-p 00000000 00:00 0 
7f3aa2cea000-7f3aa2ced000 r-xp 00000000 08:09 1710024                    /usr/lib/x86_64-linux-gnu/libgmodule-2.0.so.0.4002.0
7f3aa2ced000-7f3aa2eec000 ---p 00003000 08:09 1710024                    /usr/lib/x86_64-linux-gnu/libgmodule-2.0.so.0.4002.0
7f3aa2eec000-7f3aa2eed000 r--p 00002000 08:09 1710024                    /usr/lib/x86_64-linux-gnu/libgmodule-2.0.so.0.4002.0
7f3aa2eed000-7f3aa2eee000 rw-p 00003000 08:09 1710024                    /usr/lib/x86_64-linux-gnu/libgmodule-2.0.so.0.4002.0
7f3aa2eee000-7f3aa2ff4000 r-xp 00000000 08:09 2751424                    /lib/x86_64-linux-gnu/libglib-2.0.so.0.4002.0
7f3aa2ff4000-7f3aa31f3000 ---p 00106000 08:09 2751424                    /lib/x86_64-linux-gnu/libglib-2.0.so.0.4002.0
7f3aa31f3000-7f3aa31f4000 r--p 00105000 08:09 2751424                    /lib/x86_64-linux-gnu/libglib-2.0.so.0.4002.0
7f3aa31f4000-7f3aa31f5000 rw-p 00106000 08:09 2751424                    /lib/x86_64-linux-gnu/libglib-2.0.so.0.4002.0
7f3aa31f5000-7f3aa31f6000 rw-p 00000000 00:00 0 
7f3aa31f6000-7f3aa3245000 r-xp 00000000 08:09 1710048                    /usr/lib/x86_64-linux-gnu/libgobject-2.0.so.0.4002.0
7f3aa3245000-7f3aa3445000 ---p 0004f000 08:09 1710048                    /usr/lib/x86_64-linux-gnu/libgobject-2.0.so.0.4002.0
7f3aa3445000-7f3aa3446000 r--p 0004f000 08:09 1710048                    /usr/lib/x86_64-linux-gnu/libgobject-2.0.so.0.4002.0
7f3aa3446000-7f3aa3447000 rw-p 00050000 08:09 1710048                    /usr/lib/x86_64-linux-gnu/libgobject-2.0.so.0.4002.0
7f3aa3447000-7f3aa35b3000 r-xp 00000000 08:09 1710008                    /usr/lib/x86_64-linux-gnu/libgio-2.0.so.0.4002.0
7f3aa35b3000-7f3aa37b2000 ---p 0016c000 08:09 1710008                    /usr/lib/x86_64-linux-gnu/libgio-2.0.so.0.4002.0
7f3aa37b2000-7f3aa37b6000 r--p 0016b000 08:09 1710008                    /usr/lib/x86_64-linux-gnu/libgio-2.0.so.0.4002.0
7f3aa37b6000-7f3aa37b8000 rw-p 0016f000 08:09 1710008                    /usr/lib/x86_64-linux-gnu/libgio-2.0.so.0.4002.0
7f3aa37b8000-7f3aa37ba000 rw-p 00000000 00:00 0 
7f3aa37ba000-7f3aa37be000 r--s 00034000 08:09 2118684                    /home/luke/.m2/repository/com/fasterxml/jackson/core/jackson-core/2.4.4/jackson-core-2.4.4.jar
7f3aa37be000-7f3aa37c1000 r--s 00007000 08:09 2118663                    /home/luke/.m2/repository/com/fasterxml/jackson/core/jackson-annotations/2.4.4/jackson-annotations-2.4.4.jar
7f3aa37c1000-7f3aa37c6000 r--s 00034000 08:09 1977830                    /home/luke/.m2/repository/org/apache/tomcat/embed/tomcat-embed-websocket/8.0.15/tomcat-embed-websocket-8.0.15.jar
7f3aa37c6000-7f3aa37ca000 r--s 00036000 08:09 1977798                    /home/luke/.m2/repository/org/apache/tomcat/embed/tomcat-embed-el/8.0.15/tomcat-embed-el-8.0.15.jar
7f3aa37ca000-7f3aa37d1000 r--s 0003d000 08:09 2117696                    /home/luke/.m2/repository/org/yaml/snakeyaml/1.14/snakeyaml-1.14.jar
7f3aa37d1000-7f3aa37db000 r--s 0005f000 08:09 2234256                    /home/luke/.m2/repository/ch/qos/logback/logback-core/1.1.2/logback-core-1.1.2.jar
7f3aa37db000-7f3aa37f2000 r-xp 00000000 08:09 1832834                    /usr/lib/jvm/java-7-openjdk-amd64/jre/lib/amd64/libnet.so
7f3aa37f2000-7f3aa39f1000 ---p 00017000 08:09 1832834                    /usr/lib/jvm/java-7-openjdk-amd64/jre/lib/amd64/libnet.so
7f3aa39f1000-7f3aa39f2000 r--p 00016000 08:09 1832834                    /usr/lib/jvm/java-7-openjdk-amd64/jre/lib/amd64/libnet.so
7f3aa39f2000-7f3aa39f3000 rw-p 00017000 08:09 1832834                    /usr/lib/jvm/java-7-openjdk-amd64/jre/lib/amd64/libnet.so
7f3aa39f3000-7f3aa39fb000 r-xp 00000000 08:09 1832841                    /usr/lib/jvm/java-7-openjdk-amd64/jre/lib/amd64/libmanagement.so
7f3aa39fb000-7f3aa3bfa000 ---p 00008000 08:09 1832841                    /usr/lib/jvm/java-7-openjdk-amd64/jre/lib/amd64/libmanagement.so
7f3aa3bfa000-7f3aa3bfb000 r--p 00007000 08:09 1832841                    /usr/lib/jvm/java-7-openjdk-amd64/jre/lib/amd64/libmanagement.so
7f3aa3bfb000-7f3aa3bfc000 rw-p 00008000 08:09 1832841                    /usr/lib/jvm/java-7-openjdk-amd64/jre/lib/amd64/libmanagement.so
7f3aa3bfc000-7f3aa3bff000 ---p 00000000 00:00 0 
7f3aa3bff000-7f3aa3cfd000 rw-p 00000000 00:00 0                          [stack:5363]
7f3aa3cfd000-7f3aa3d00000 ---p 00000000 00:00 0 
7f3aa3d00000-7f3aa3dfe000 rw-p 00000000 00:00 0                          [stack:5362]
7f3aa3dfe000-7f3aa3e01000 ---p 00000000 00:00 0 
7f3aa3e01000-7f3aa3eff000 rw-p 00000000 00:00 0                          [stack:5361]
7f3aa3eff000-7f3aa3f02000 ---p 00000000 00:00 0 
7f3aa3f02000-7f3aa4000000 rw-p 00000000 00:00 0                          [stack:5360]
7f3aa4000000-7f3aa4021000 rw-p 00000000 00:00 0 
7f3aa4021000-7f3aa8000000 ---p 00000000 00:00 0 
7f3aa8000000-7f3aa8002000 r--s 0000c000 08:09 1577299                    /home/luke/.m2/repository/org/jboss/logging/jboss-logging/3.1.3.GA/jboss-logging-3.1.3.GA.jar
7f3aa8002000-7f3aa8008000 r--s 0003d000 08:09 2234233                    /home/luke/.m2/repository/ch/qos/logback/logback-classic/1.1.2/logback-classic-1.1.2.jar
7f3aa8008000-7f3aa8402000 r--p 00000000 08:09 1707885                    /usr/lib/locale/locale-archive
7f3aa8402000-7f3aa8405000 ---p 00000000 00:00 0 
7f3aa8405000-7f3aa8503000 rw-p 00000000 00:00 0                          [stack:5359]
7f3aa8503000-7f3aa8506000 ---p 00000000 00:00 0 
7f3aa8506000-7f3aa8604000 rw-p 00000000 00:00 0                          [stack:5358]
7f3aa8604000-7f3aa8605000 ---p 00000000 00:00 0 
7f3aa8605000-7f3aa9702000 rw-p 00000000 00:00 0                          [stack:5357]
7f3aa9702000-7f3aa98b4000 r--s 01d23000 08:09 1832796                    /usr/lib/jvm/java-7-openjdk-amd64/jre/lib/rt.jar
7f3aa98b4000-7f3aabf2c000 rw-p 00000000 00:00 0 
7f3aabf2c000-7f3aabf2d000 ---p 00000000 00:00 0 
7f3aabf2d000-7f3aac02d000 rw-p 00000000 00:00 0                          [stack:5356]
7f3aac02d000-7f3aac02e000 ---p 00000000 00:00 0 
7f3aac02e000-7f3aac12e000 rw-p 00000000 00:00 0                          [stack:5355]
7f3aac12e000-7f3aac12f000 ---p 00000000 00:00 0 
7f3aac12f000-7f3aac22f000 rw-p 00000000 00:00 0                          [stack:5354]
7f3aac22f000-7f3aac230000 ---p 00000000 00:00 0 
7f3aac230000-7f3aac36c000 rw-p 00000000 00:00 0                          [stack:5353]
7f3aac36c000-7f3aac383000 rw-p 00000000 00:00 0 
7f3aac383000-7f3aac3bf000 rw-p 00000000 00:00 0 
7f3aac3bf000-7f3aac3d6000 rw-p 00000000 00:00 0 
7f3aac3d6000-7f3aac40d000 rw-p 00000000 00:00 0 
7f3aac40d000-7f3aac518000 rw-p 00000000 00:00 0 
7f3aac518000-7f3aac5ba000 rw-p 00000000 00:00 0 
7f3aac5ba000-7f3aac5bb000 rw-p 00000000 00:00 0 
7f3aac5bb000-7f3aacc4b000 rwxp 00000000 00:00 0 
7f3aacc4b000-7f3aaf5bb000 rw-p 00000000 00:00 0 
7f3aaf5bb000-7f3aaf5c3000 r-xp 00000000 08:09 1832883                    /usr/lib/jvm/java-7-openjdk-amd64/jre/lib/amd64/libzip.so
7f3aaf5c3000-7f3aaf7c2000 ---p 00008000 08:09 1832883                    /usr/lib/jvm/java-7-openjdk-amd64/jre/lib/amd64/libzip.so
7f3aaf7c2000-7f3aaf7c3000 r--p 00007000 08:09 1832883                    /usr/lib/jvm/java-7-openjdk-amd64/jre/lib/amd64/libzip.so
7f3aaf7c3000-7f3aaf7c4000 rw-p 00008000 08:09 1832883                    /usr/lib/jvm/java-7-openjdk-amd64/jre/lib/amd64/libzip.so
7f3aaf7c4000-7f3aaf7cf000 r-xp 00000000 08:09 2762511                    /lib/x86_64-linux-gnu/libnss_files-2.19.so
7f3aaf7cf000-7f3aaf9ce000 ---p 0000b000 08:09 2762511                    /lib/x86_64-linux-gnu/libnss_files-2.19.so
7f3aaf9ce000-7f3aaf9cf000 r--p 0000a000 08:09 2762511                    /lib/x86_64-linux-gnu/libnss_files-2.19.so
7f3aaf9cf000-7f3aaf9d0000 rw-p 0000b000 08:09 2762511                    /lib/x86_64-linux-gnu/libnss_files-2.19.so
7f3aaf9d0000-7f3aaf9db000 r-xp 00000000 08:09 2762729                    /lib/x86_64-linux-gnu/libnss_nis-2.19.so
7f3aaf9db000-7f3aafbda000 ---p 0000b000 08:09 2762729                    /lib/x86_64-linux-gnu/libnss_nis-2.19.so
7f3aafbda000-7f3aafbdb000 r--p 0000a000 08:09 2762729                    /lib/x86_64-linux-gnu/libnss_nis-2.19.so
7f3aafbdb000-7f3aafbdc000 rw-p 0000b000 08:09 2762729                    /lib/x86_64-linux-gnu/libnss_nis-2.19.so
7f3aafbdc000-7f3aafbf3000 r-xp 00000000 08:09 2762595                    /lib/x86_64-linux-gnu/libnsl-2.19.so
7f3aafbf3000-7f3aafdf2000 ---p 00017000 08:09 2762595                    /lib/x86_64-linux-gnu/libnsl-2.19.so
7f3aafdf2000-7f3aafdf3000 r--p 00016000 08:09 2762595                    /lib/x86_64-linux-gnu/libnsl-2.19.so
7f3aafdf3000-7f3aafdf4000 rw-p 00017000 08:09 2762595                    /lib/x86_64-linux-gnu/libnsl-2.19.so
7f3aafdf4000-7f3aafdf6000 rw-p 00000000 00:00 0 
7f3aafdf6000-7f3aafdff000 r-xp 00000000 08:09 2762592                    /lib/x86_64-linux-gnu/libnss_compat-2.19.so
7f3aafdff000-7f3aafffe000 ---p 00009000 08:09 2762592                    /lib/x86_64-linux-gnu/libnss_compat-2.19.so
7f3aafffe000-7f3aaffff000 r--p 00008000 08:09 2762592                    /lib/x86_64-linux-gnu/libnss_compat-2.19.so
7f3aaffff000-7f3ab0000000 rw-p 00009000 08:09 2762592                    /lib/x86_64-linux-gnu/libnss_compat-2.19.so
7f3ab0000000-7f3ab161e000 rw-p 00000000 00:00 0 
7f3ab161e000-7f3ab4000000 ---p 00000000 00:00 0 
7f3ab4000000-7f3ab4002000 r--s 00009000 08:09 1977819                    /home/luke/.m2/repository/org/apache/tomcat/embed/tomcat-embed-logging-juli/8.0.15/tomcat-embed-logging-juli-8.0.15.jar
7f3ab4002000-7f3ab4003000 r--s 00000000 08:09 1573758                    /home/luke/.m2/repository/org/springframework/boot/spring-boot-starter-tomcat/1.2.1.RELEASE/spring-boot-starter-tomcat-1.2.1.RELEASE.jar
7f3ab4003000-7f3ab4004000 r--s 00005000 08:09 1578907                    /home/luke/.m2/repository/org/slf4j/log4j-over-slf4j/1.7.8/log4j-over-slf4j-1.7.8.jar
7f3ab4004000-7f3ab4006000 r--s 00000000 08:09 1578886                    /home/luke/.m2/repository/org/slf4j/jul-to-slf4j/1.7.8/jul-to-slf4j-1.7.8.jar
7f3ab4006000-7f3ab4015000 r--s 00064000 08:09 1573674                    /home/luke/.m2/repository/org/springframework/boot/spring-boot-autoconfigure/1.2.1.RELEASE/spring-boot-autoconfigure-1.2.1.RELEASE.jar
7f3ab4015000-7f3ab401f000 r--s 0005c000 08:09 1573653                    /home/luke/.m2/repository/org/springframework/boot/spring-boot/1.2.1.RELEASE/spring-boot-1.2.1.RELEASE.jar
7f3ab401f000-7f3ab407e000 rw-p 00000000 00:00 0 
7f3ab407e000-7f3ab418a000 rw-p 00000000 00:00 0 
7f3ab418a000-7f3ab41b5000 r-xp 00000000 08:09 1832849                    /usr/lib/jvm/java-7-openjdk-amd64/jre/lib/amd64/libjava.so
7f3ab41b5000-7f3ab43b5000 ---p 0002b000 08:09 1832849                    /usr/lib/jvm/java-7-openjdk-amd64/jre/lib/amd64/libjava.so
7f3ab43b5000-7f3ab43b6000 r--p 0002b000 08:09 1832849                    /usr/lib/jvm/java-7-openjdk-amd64/jre/lib/amd64/libjava.so
7f3ab43b6000-7f3ab43b8000 rw-p 0002c000 08:09 1832849                    /usr/lib/jvm/java-7-openjdk-amd64/jre/lib/amd64/libjava.so
7f3ab43b8000-7f3ab43c8000 r-xp 00000000 08:09 1832848                    /usr/lib/jvm/java-7-openjdk-amd64/jre/lib/amd64/libverify.so
7f3ab43c8000-7f3ab45c7000 ---p 00010000 08:09 1832848                    /usr/lib/jvm/java-7-openjdk-amd64/jre/lib/amd64/libverify.so
7f3ab45c7000-7f3ab45c9000 r--p 0000f000 08:09 1832848                    /usr/lib/jvm/java-7-openjdk-amd64/jre/lib/amd64/libverify.so
7f3ab45c9000-7f3ab45ca000 rw-p 00011000 08:09 1832848                    /usr/lib/jvm/java-7-openjdk-amd64/jre/lib/amd64/libverify.so
7f3ab45ca000-7f3ab45d1000 r-xp 00000000 08:09 2762638                    /lib/x86_64-linux-gnu/librt-2.19.so
7f3ab45d1000-7f3ab47d0000 ---p 00007000 08:09 2762638                    /lib/x86_64-linux-gnu/librt-2.19.so
7f3ab47d0000-7f3ab47d1000 r--p 00006000 08:09 2762638                    /lib/x86_64-linux-gnu/librt-2.19.so
7f3ab47d1000-7f3ab47d2000 rw-p 00007000 08:09 2762638                    /lib/x86_64-linux-gnu/librt-2.19.so
7f3ab47d2000-7f3ab47e8000 r-xp 00000000 08:09 2751420                    /lib/x86_64-linux-gnu/libgcc_s.so.1
7f3ab47e8000-7f3ab49e7000 ---p 00016000 08:09 2751420                    /lib/x86_64-linux-gnu/libgcc_s.so.1
7f3ab49e7000-7f3ab49e8000 rw-p 00015000 08:09 2751420                    /lib/x86_64-linux-gnu/libgcc_s.so.1
7f3ab49e8000-7f3ab4aed000 r-xp 00000000 08:09 2762510                    /lib/x86_64-linux-gnu/libm-2.19.so
7f3ab4aed000-7f3ab4cec000 ---p 00105000 08:09 2762510                    /lib/x86_64-linux-gnu/libm-2.19.so
7f3ab4cec000-7f3ab4ced000 r--p 00104000 08:09 2762510                    /lib/x86_64-linux-gnu/libm-2.19.so
7f3ab4ced000-7f3ab4cee000 rw-p 00105000 08:09 2762510                    /lib/x86_64-linux-gnu/libm-2.19.so
7f3ab4cee000-7f3ab4dd4000 r-xp 00000000 08:09 1710603                    /usr/lib/x86_64-linux-gnu/libstdc++.so.6.0.19
7f3ab4dd4000-7f3ab4fd3000 ---p 000e6000 08:09 1710603                    /usr/lib/x86_64-linux-gnu/libstdc++.so.6.0.19
7f3ab4fd3000-7f3ab4fdb000 r--p 000e5000 08:09 1710603                    /usr/lib/x86_64-linux-gnu/libstdc++.so.6.0.19
7f3ab4fdb000-7f3ab4fdd000 rw-p 000ed000 08:09 1710603                    /usr/lib/x86_64-linux-gnu/libstdc++.so.6.0.19
7f3ab4fdd000-7f3ab4ff2000 rw-p 00000000 00:00 0 
7f3ab4ff2000-7f3ab5b0a000 r-xp 00000000 08:09 1832853                    /usr/lib/jvm/java-7-openjdk-amd64/jre/lib/amd64/server/libjvm.so
7f3ab5b0a000-7f3ab5d0a000 ---p 00b18000 08:09 1832853                    /usr/lib/jvm/java-7-openjdk-amd64/jre/lib/amd64/server/libjvm.so
7f3ab5d0a000-7f3ab5da4000 r--p 00b18000 08:09 1832853                    /usr/lib/jvm/java-7-openjdk-amd64/jre/lib/amd64/server/libjvm.so
7f3ab5da4000-7f3ab5dc7000 rw-p 00bb2000 08:09 1832853                    /usr/lib/jvm/java-7-openjdk-amd64/jre/lib/amd64/server/libjvm.so
7f3ab5dc7000-7f3ab5df5000 rw-p 00000000 00:00 0 
7f3ab5df5000-7f3ab5e0d000 r-xp 00000000 08:09 2751557                    /lib/x86_64-linux-gnu/libz.so.1.2.8
7f3ab5e0d000-7f3ab600c000 ---p 00018000 08:09 2751557                    /lib/x86_64-linux-gnu/libz.so.1.2.8
7f3ab600c000-7f3ab600d000 r--p 00017000 08:09 2751557                    /lib/x86_64-linux-gnu/libz.so.1.2.8
7f3ab600d000-7f3ab600e000 rw-p 00018000 08:09 2751557                    /lib/x86_64-linux-gnu/libz.so.1.2.8
7f3ab600e000-7f3ab6027000 r-xp 00000000 08:09 2762636                    /lib/x86_64-linux-gnu/libpthread-2.19.so
7f3ab6027000-7f3ab6226000 ---p 00019000 08:09 2762636                    /lib/x86_64-linux-gnu/libpthread-2.19.so
7f3ab6226000-7f3ab6227000 r--p 00018000 08:09 2762636                    /lib/x86_64-linux-gnu/libpthread-2.19.so
7f3ab6227000-7f3ab6228000 rw-p 00019000 08:09 2762636                    /lib/x86_64-linux-gnu/libpthread-2.19.so
7f3ab6228000-7f3ab622c000 rw-p 00000000 00:00 0 
7f3ab622c000-7f3ab622f000 r-xp 00000000 08:09 2762539                    /lib/x86_64-linux-gnu/libdl-2.19.so
7f3ab622f000-7f3ab642e000 ---p 00003000 08:09 2762539                    /lib/x86_64-linux-gnu/libdl-2.19.so
7f3ab642e000-7f3ab642f000 r--p 00002000 08:09 2762539                    /lib/x86_64-linux-gnu/libdl-2.19.so
7f3ab642f000-7f3ab6430000 rw-p 00003000 08:09 2762539                    /lib/x86_64-linux-gnu/libdl-2.19.so
7f3ab6430000-7f3ab65eb000 r-xp 00000000 08:09 2762615                    /lib/x86_64-linux-gnu/libc-2.19.so
7f3ab65eb000-7f3ab67ea000 ---p 001bb000 08:09 2762615                    /lib/x86_64-linux-gnu/libc-2.19.so
7f3ab67ea000-7f3ab67ee000 r--p 001ba000 08:09 2762615                    /lib/x86_64-linux-gnu/libc-2.19.so
7f3ab67ee000-7f3ab67f0000 rw-p 001be000 08:09 2762615                    /lib/x86_64-linux-gnu/libc-2.19.so
7f3ab67f0000-7f3ab67f5000 rw-p 00000000 00:00 0 
7f3ab67f5000-7f3ab6802000 r-xp 00000000 08:09 1832825                    /usr/lib/jvm/java-7-openjdk-amd64/jre/lib/amd64/jli/libjli.so
7f3ab6802000-7f3ab6a01000 ---p 0000d000 08:09 1832825                    /usr/lib/jvm/java-7-openjdk-amd64/jre/lib/amd64/jli/libjli.so
7f3ab6a01000-7f3ab6a02000 r--p 0000c000 08:09 1832825                    /usr/lib/jvm/java-7-openjdk-amd64/jre/lib/amd64/jli/libjli.so
7f3ab6a02000-7f3ab6a03000 rw-p 0000d000 08:09 1832825                    /usr/lib/jvm/java-7-openjdk-amd64/jre/lib/amd64/jli/libjli.so
7f3ab6a03000-7f3ab6a26000 r-xp 00000000 08:09 2762608                    /lib/x86_64-linux-gnu/ld-2.19.so
7f3ab6a26000-7f3ab6a27000 r--s 00000000 08:09 1573695                    /home/luke/.m2/repository/org/springframework/boot/spring-boot-starter-logging/1.2.1.RELEASE/spring-boot-starter-logging-1.2.1.RELEASE.jar
7f3ab6a27000-7f3ab6a28000 r--s 00000000 08:09 1573628                    /home/luke/.m2/repository/org/springframework/boot/spring-boot-starter/1.2.1.RELEASE/spring-boot-starter-1.2.1.RELEASE.jar
7f3ab6a28000-7f3ab6a29000 r--s 00000000 08:09 1573737                    /home/luke/.m2/repository/org/springframework/boot/spring-boot-starter-web/1.2.1.RELEASE/spring-boot-starter-web-1.2.1.RELEASE.jar
7f3ab6a29000-7f3ab6a2b000 r--s 00012000 08:09 1832804                    /usr/lib/jvm/java-7-openjdk-amd64/jre/lib/ext/zipfs.jar
7f3ab6a2b000-7f3ab6a2f000 r--s 0003c000 08:09 1832802                    /usr/lib/jvm/java-7-openjdk-amd64/jre/lib/ext/sunpkcs11.jar
7f3ab6a2f000-7f3ab6a31000 r--s 00006000 08:09 2102412                    /usr/share/java/java-atk-wrapper.jar
7f3ab6a31000-7f3ab6a35000 r--s 00034000 08:09 1832803                    /usr/lib/jvm/java-7-openjdk-amd64/jre/lib/ext/sunjce_provider.jar
7f3ab6a35000-7f3ab6a38000 r--s 0000f000 08:09 1832801                    /usr/lib/jvm/java-7-openjdk-amd64/jre/lib/ext/icedtea-sound.jar
7f3ab6a38000-7f3ab6a39000 r--s 00002000 08:09 1832807                    /usr/lib/jvm/java-7-openjdk-amd64/jre/lib/ext/dnsns.jar
7f3ab6a39000-7f3ab6a3c000 r--s 00086000 08:09 1832808                    /usr/lib/jvm/java-7-openjdk-amd64/jre/lib/ext/localedata.jar
7f3ab6a3c000-7f3ab6a57000 rw-p 00000000 00:00 0 
7f3ab6a57000-7f3ab6afc000 rw-p 00000000 00:00 0 
7f3ab6afc000-7f3ab6aff000 ---p 00000000 00:00 0 
7f3ab6aff000-7f3ab6c19000 rw-p 00000000 00:00 0                          [stack:5352]
7f3ab6c19000-7f3ab6c21000 rw-s 00000000 08:09 1312973                    /tmp/hsperfdata_luke/5347
7f3ab6c21000-7f3ab6c22000 rw-p 00000000 00:00 0 
7f3ab6c22000-7f3ab6c23000 r--p 00000000 00:00 0 
7f3ab6c23000-7f3ab6c25000 rw-p 00000000 00:00 0 
7f3ab6c25000-7f3ab6c26000 r--p 00022000 08:09 2762608                    /lib/x86_64-linux-gnu/ld-2.19.so
7f3ab6c26000-7f3ab6c27000 rw-p 00023000 08:09 2762608                    /lib/x86_64-linux-gnu/ld-2.19.so
7f3ab6c27000-7f3ab6c28000 rw-p 00000000 00:00 0 
7fff8b0d5000-7fff8b0f9000 rw-p 00000000 00:00 0                          [stack]
7fff8b148000-7fff8b14a000 r-xp 00000000 00:00 0                          [vdso]
ffffffffff600000-ffffffffff601000 r-xp 00000000 00:00 0                  [vsyscall]

VM Arguments:
jvm_args: -Dspring.liveBeansView.mbeanDomain -Dcom.sun.management.jmxremote -Dcom.sun.management.jmxremote.port=53699 -Dcom.sun.management.jmxremote.authenticate=false -Dcom.sun.management.jmxremote.ssl=false -Dfile.encoding=UTF-8 
java_command: eu.luckyApp.ModbusChartApplication
Launcher Type: SUN_STANDARD

Environment Variables:
JAVA_HOME=/usr/lib/jvm/java-8-oracle
PATH=/usr/local/sbin:/usr/local/bin:/usr/sbin:/usr/bin:/sbin:/bin:/usr/games:/usr/local/games:/usr/lib/jvm/java-8-oracle/bin:/usr/lib/jvm/java-8-oracle/db/bin:/usr/lib/jvm/java-8-oracle/jre/bin
USERNAME=luke
SHELL=/bin/bash
DISPLAY=:0

Signal Handlers:
SIGSEGV: [libjvm.so+0x94b4b0], sa_mask[0]=0x7ffbfeff, sa_flags=0x10000004
SIGBUS: [libjvm.so+0x94b4b0], sa_mask[0]=0x7ffbfeff, sa_flags=0x10000004
SIGFPE: [libjvm.so+0x7c3390], sa_mask[0]=0x7ffbfeff, sa_flags=0x10000004
SIGPIPE: [libjvm.so+0x7c3390], sa_mask[0]=0x7ffbfeff, sa_flags=0x10000004
SIGXFSZ: [libjvm.so+0x7c3390], sa_mask[0]=0x7ffbfeff, sa_flags=0x10000004
SIGILL: [libjvm.so+0x7c3390], sa_mask[0]=0x7ffbfeff, sa_flags=0x10000004
SIGUSR1: SIG_DFL, sa_mask[0]=0x00000000, sa_flags=0x00000000
SIGUSR2: [libjvm.so+0x7c3230], sa_mask[0]=0x00000004, sa_flags=0x10000004
SIGHUP: [libjvm.so+0x7c3410], sa_mask[0]=0x7ffbfeff, sa_flags=0x10000004
SIGINT: [libjvm.so+0x7c3410], sa_mask[0]=0x7ffbfeff, sa_flags=0x10000004
SIGTERM: [libjvm.so+0x7c3410], sa_mask[0]=0x7ffbfeff, sa_flags=0x10000004
SIGQUIT: [libjvm.so+0x7c3410], sa_mask[0]=0x7ffbfeff, sa_flags=0x10000004
SIGTRAP: SIG_DFL, sa_mask[0]=0x00000000, sa_flags=0x00000000


---------------  S Y S T E M  ---------------

OS:LinuxMint 17.1 (rebecca)
uname:Linux 3.13.0-37-generic #64-Ubuntu SMP Mon Sep 22 21:28:38 UTC 2014 x86_64
libc:glibc 2.19 NPTL 2.19 
rlimit: STACK 8192k, CORE 0k, NPROC 30688, NOFILE 4096, AS infinity
load average:0,34 1,76 1,76

/proc/meminfo:
MemTotal:        3958908 kB
MemFree:         3203436 kB
Buffers:            9104 kB
Cached:           151520 kB
SwapCached:        92092 kB
Active:           290328 kB
Inactive:         324932 kB
Active(anon):     265804 kB
Inactive(anon):   249040 kB
Active(file):      24524 kB
Inactive(file):    75892 kB
Unevictable:           0 kB
Mlocked:               0 kB
SwapTotal:       2442236 kB
SwapFree:        1919208 kB
Dirty:                44 kB
Writeback:             0 kB
AnonPages:        384108 kB
Mapped:            33640 kB
Shmem:             60024 kB
Slab:              63516 kB
SReclaimable:      33304 kB
SUnreclaim:        30212 kB
KernelStack:        3128 kB
PageTables:        17432 kB
NFS_Unstable:          0 kB
Bounce:                0 kB
WritebackTmp:          0 kB
CommitLimit:     4421688 kB
Committed_AS:    2172220 kB
VmallocTotal:   34359738367 kB
VmallocUsed:      347840 kB
VmallocChunk:   34359383516 kB
HardwareCorrupted:     0 kB
AnonHugePages:     65536 kB
HugePages_Total:       0
HugePages_Free:        0
HugePages_Rsvd:        0
HugePages_Surp:        0
Hugepagesize:       2048 kB
DirectMap4k:       98240 kB
DirectMap2M:     4007936 kB


CPU:total 4 (2 cores per cpu, 2 threads per core) family 6 model 42 stepping 7, cmov, cx8, fxsr, mmx, sse, sse2, sse3, ssse3, sse4.1, sse4.2, popcnt, avx, aes, ht, tsc, tscinvbit

/proc/cpuinfo:
processor	: 0
vendor_id	: GenuineIntel
cpu family	: 6
model		: 42
model name	: Intel(R) Core(TM) i5-2410M CPU @ 2.30GHz
stepping	: 7
microcode	: 0x23
cpu MHz		: 800.000
cache size	: 3072 KB
physical id	: 0
siblings	: 4
core id		: 0
cpu cores	: 2
apicid		: 0
initial apicid	: 0
fpu		: yes
fpu_exception	: yes
cpuid level	: 13
wp		: yes
flags		: fpu vme de pse tsc msr pae mce cx8 apic sep mtrr pge mca cmov pat pse36 clflush dts acpi mmx fxsr sse sse2 ss ht tm pbe syscall nx rdtscp lm constant_tsc arch_perfmon pebs bts nopl xtopology nonstop_tsc aperfmperf eagerfpu pni pclmulqdq dtes64 monitor ds_cpl vmx est tm2 ssse3 cx16 xtpr pdcm pcid sse4_1 sse4_2 x2apic popcnt tsc_deadline_timer aes xsave avx lahf_lm ida arat epb xsaveopt pln pts dtherm tpr_shadow vnmi flexpriority ept vpid
bogomips	: 4589.85
clflush size	: 64
cache_alignment	: 64
address sizes	: 36 bits physical, 48 bits virtual
power management:

processor	: 1
vendor_id	: GenuineIntel
cpu family	: 6
model		: 42
model name	: Intel(R) Core(TM) i5-2410M CPU @ 2.30GHz
stepping	: 7
microcode	: 0x23
cpu MHz		: 1400.000
cache size	: 3072 KB
physical id	: 0
siblings	: 4
core id		: 0
cpu cores	: 2
apicid		: 1
initial apicid	: 1
fpu		: yes
fpu_exception	: yes
cpuid level	: 13
wp		: yes
flags		: fpu vme de pse tsc msr pae mce cx8 apic sep mtrr pge mca cmov pat pse36 clflush dts acpi mmx fxsr sse sse2 ss ht tm pbe syscall nx rdtscp lm constant_tsc arch_perfmon pebs bts nopl xtopology nonstop_tsc aperfmperf eagerfpu pni pclmulqdq dtes64 monitor ds_cpl vmx est tm2 ssse3 cx16 xtpr pdcm pcid sse4_1 sse4_2 x2apic popcnt tsc_deadline_timer aes xsave avx lahf_lm ida arat epb xsaveopt pln pts dtherm tpr_shadow vnmi flexpriority ept vpid
bogomips	: 4589.85
clflush size	: 64
cache_alignment	: 64
address sizes	: 36 bits physical, 48 bits virtual
power management:

processor	: 2
vendor_id	: GenuineIntel
cpu family	: 6
model		: 42
model name	: Intel(R) Core(TM) i5-2410M CPU @ 2.30GHz
stepping	: 7
microcode	: 0x23
cpu MHz		: 800.000
cache size	: 3072 KB
physical id	: 0
siblings	: 4
core id		: 1
cpu cores	: 2
apicid		: 2
initial apicid	: 2
fpu		: yes
fpu_exception	: yes
cpuid level	: 13
wp		: yes
flags		: fpu vme de pse tsc msr pae mce cx8 apic sep mtrr pge mca cmov pat pse36 clflush dts acpi mmx fxsr sse sse2 ss ht tm pbe syscall nx rdtscp lm constant_tsc arch_perfmon pebs bts nopl xtopology nonstop_tsc aperfmperf eagerfpu pni pclmulqdq dtes64 monitor ds_cpl vmx est tm2 ssse3 cx16 xtpr pdcm pcid sse4_1 sse4_2 x2apic popcnt tsc_deadline_timer aes xsave avx lahf_lm ida arat epb xsaveopt pln pts dtherm tpr_shadow vnmi flexpriority ept vpid
bogomips	: 4589.85
clflush size	: 64
cache_alignment	: 64
address sizes	: 36 bits physical, 48 bits virtual
power management:

processor	: 3
vendor_id	: GenuineIntel
cpu family	: 6
model		: 42
model name	: Intel(R) Core(TM) i5-2410M CPU @ 2.30GHz
stepping	: 7
microcode	: 0x23
cpu MHz		: 800.000
cache size	: 3072 KB
physical id	: 0
siblings	: 4
core id		: 1
cpu cores	: 2
apicid		: 3
initial apicid	: 3
fpu		: yes
fpu_exception	: yes
cpuid level	: 13
wp		: yes
flags		: fpu vme de pse tsc msr pae mce cx8 apic sep mtrr pge mca cmov pat pse36 clflush dts acpi mmx fxsr sse sse2 ss ht tm pbe syscall nx rdtscp lm constant_tsc arch_perfmon pebs bts nopl xtopology nonstop_tsc aperfmperf eagerfpu pni pclmulqdq dtes64 monitor ds_cpl vmx est tm2 ssse3 cx16 xtpr pdcm pcid sse4_1 sse4_2 x2apic popcnt tsc_deadline_timer aes xsave avx lahf_lm ida arat epb xsaveopt pln pts dtherm tpr_shadow vnmi flexpriority ept vpid
bogomips	: 4589.85
clflush size	: 64
cache_alignment	: 64
address sizes	: 36 bits physical, 48 bits virtual
power management:



Memory: 4k page, physical 3958908k(3203188k free), swap 2442236k(1919208k free)

vm_info: OpenJDK 64-Bit Server VM (24.75-b04) for linux-amd64 JRE (1.7.0_75-b13), built on Jan 27 2015 00:38:59 by "buildd" with gcc 4.8.2

time: Fri Mar 13 17:55:40 2015
elapsed time: 859 seconds

