#
# A fatal error has been detected by the Java Runtime Environment:
#
#  SIGILL (0x4) at pc=0x00007ff1572c1412, pid=4560, tid=140674538813184
#
# JRE version: OpenJDK Runtime Environment (7.0_75-b13) (build 1.7.0_75-b13)
# Java VM: OpenJDK 64-Bit Server VM (24.75-b04 mixed mode linux-amd64 compressed oops)
# Derivative: IcedTea 2.5.4
# Distribution: Ubuntu 14.04 LTS, package 7u75-2.5.4-1~trusty1
# Problematic frame:
# C  [libpthread.so.0+0xc412]  pthread_cond_wait+0xc2
#
# Failed to write core dump. Core dumps have been disabled. To enable core dumping, try "ulimit -c unlimited" before starting Java again
#
# If you would like to submit a bug report, please include
# instructions on how to reproduce the bug and visit:
#   http://icedtea.classpath.org/bugzilla
#

---------------  T H R E A D  ---------------

Current thread (0x00007ff150010000):  JavaThread "DestroyJavaVM" [_thread_blocked, id=4566, stack(0x00007ff157da3000,0x00007ff157ea4000)]

siginfo:si_signo=SIGILL: si_errno=0, si_code=0 (ILL0), si_addr=0x000003e800001435

Registers:
RAX=0x00000000000000ca, RBX=0x00007ff150011100, RCX=0xffffffffffffffff, RDX=0x0000000000000001
RSP=0x00007ff157ea2cb0, RBP=0x00007ff157ea2d00, RSI=0x0000000000000080, RDI=0x00007ff150011154
R8 =0x00007ff150011100, R9 =0x0000000000000000, R10=0x0000000000000000, R11=0x0000000000000246
R12=0x00007ff15707ce28, R13=0x00007ff150011128, R14=0x00007ff150011150, R15=0x00007ff150010000
RIP=0x00007ff1572c1412, EFLAGS=0x0000000000000246, CSGSFS=0x0000000000000033, ERR=0x0000000000000004
  TRAPNO=0x000000000000000e

Top of Stack: (sp=0x00007ff157ea2cb0)
0x00007ff157ea2cb0:   0000000000000000 00007ff150011150
0x00007ff157ea2cc0:   00007ff150011128 0000000000000000
0x00007ff157ea2cd0:   00007ff150010888 00007ff156a64dab
0x00007ff157ea2ce0:   00007ff150011100 00007ff15000c4d0
0x00007ff157ea2cf0:   00007ff15000c4f0 0000000000000000
0x00007ff157ea2d00:   00007ff157ea2d40 00007ff156a28007
0x00007ff157ea2d10:   00007ff157ea2d90 00007ff15000c4d0
0x00007ff157ea2d20:   0000000000000001 0000000000000000
0x00007ff157ea2d30:   00007ff1513f9850 00007ff150010000
0x00007ff157ea2d40:   00007ff157ea2d90 00007ff156a28b3e
0x00007ff157ea2d50:   00007ff150010000 0000000200000700
0x00007ff157ea2d60:   00007ff150010000 00007ff15707c5e0
0x00007ff157ea2d70:   00007ff150010000 00007ff15000c4d0
0x00007ff157ea2d80:   0000000001442380 0000000000000000
0x00007ff157ea2d90:   00007ff157ea2e00 00007ff156b99d31
0x00007ff157ea2da0:   00007ff150010820 00007ff150010830
0x00007ff157ea2db0:   00007ff150010c08 00000000000003d8
0x00007ff157ea2dc0:   00007ff150e62750 0000000000000200
0x00007ff157ea2dd0:   0000000001442380 00000000ffffffff
0x00007ff157ea2de0:   00007ff15005f308 0000000000000000
0x00007ff157ea2df0:   00007ff150010000 00007ff1500117c8
0x00007ff157ea2e00:   00007ff157ea2e50 00007ff15688ca16
0x00007ff157ea2e10:   00007ff1500101d8 00007ff15005f308
0x00007ff157ea2e20:   00007ff100010006 00007ff156c2e8a8
0x00007ff157ea2e30:   0000000000000000 00007ff15688caa7
0x00007ff157ea2e40:   0000000000000000 00007ff15005f308
0x00007ff157ea2e50:   00007ff157ea2f10 00007ff157a9ed23
0x00007ff157ea2e60:   0000000000000000 0000000000000000
0x00007ff157ea2e70:   00007ff157ea39c0 00007ff157ea3700
0x00007ff157ea2e80:   0000000000000000 00007ff100000001
0x00007ff157ea2e90:   0000000000000005 00007ff15005f2f8
0x00007ff157ea2ea0:   00007ff157057060 00007ff1576e0920 

Instructions: (pc=0x00007ff1572c1412)
0x00007ff1572c13f2:   00 00 00 0f 05 83 f8 00 41 0f 94 c0 74 14 83 f8
0x00007ff1572c1402:   da 75 0f be 80 00 00 00 45 30 c0 b8 ca 00 00 00
0x00007ff1572c1412:   0f 05 8b 3c 24 e8 64 2a 00 00 48 8b 7c 24 08 be
0x00007ff1572c1422:   01 00 00 00 31 c0 f0 0f b1 37 0f 85 e0 00 00 00 

Register to memory mapping:

RAX=0x00000000000000ca is an unknown value
RBX=0x00007ff150011100 is an unknown value
RCX=0xffffffffffffffff is an unknown value
RDX=0x0000000000000001 is an unknown value
RSP=0x00007ff157ea2cb0 is pointing into the stack for thread: 0x00007ff150010000
RBP=0x00007ff157ea2d00 is pointing into the stack for thread: 0x00007ff150010000
RSI=0x0000000000000080 is an unknown value
RDI=0x00007ff150011154 is an unknown value
R8 =0x00007ff150011100 is an unknown value
R9 =0x0000000000000000 is an unknown value
R10=0x0000000000000000 is an unknown value
R11=0x0000000000000246 is an unknown value
R12=0x00007ff15707ce28: <offset 0xde3e28> in /usr/lib/jvm/java-7-openjdk-amd64/jre/lib/amd64/server/libjvm.so at 0x00007ff156299000
R13=0x00007ff150011128 is an unknown value
R14=0x00007ff150011150 is an unknown value
R15=0x00007ff150010000 is a thread


Stack: [0x00007ff157da3000,0x00007ff157ea4000],  sp=0x00007ff157ea2cb0,  free space=1023k
Native frames: (J=compiled Java code, j=interpreted, Vv=VM code, C=native code)
C  [libpthread.so.0+0xc412]  pthread_cond_wait+0xc2
V  [libjvm.so+0x78f007]  Monitor::IWait(Thread*, long)+0xc7
V  [libjvm.so+0x78fb3e]  Monitor::wait(bool, long, bool)+0x14e
V  [libjvm.so+0x900d31]  Threads::destroy_vm()+0x51
V  [libjvm.so+0x5f3a16]  jni_DestroyJavaVM+0x76
C  [libjli.so+0x2d23]


---------------  P R O C E S S  ---------------

Java Threads: ( => current thread )
  0x00007ff100005800 JavaThread "HikariCP connection filler (pool HikariPool-0)" daemon [_thread_blocked, id=5175, stack(0x00007ff0cf05a000,0x00007ff0cf15b000)]
  0x00007ff12000b800 JavaThread "SIGTERM handler" daemon [_thread_blocked, id=5127, stack(0x00007ff0cf4bd000,0x00007ff0cf5be000)]
  0x00007ff0dc00e000 JavaThread "HikariCP connection closer (pool HikariPool-0)" daemon [_thread_blocked, id=5087, stack(0x00007ff0cf71d000,0x00007ff0cf81e000)]
  0x0000000001451000 JavaThread "Thread-1" [_thread_blocked, id=5086, stack(0x00007ff0cf15b000,0x00007ff0cf25c000)]
  0x000000000144d800 JavaThread "Thread-3" [_thread_blocked, id=5084, stack(0x00007ff0cf81e000,0x00007ff0cf91f000)]
  0x00007ff120003000 JavaThread "SIGTERM handler" daemon [_thread_blocked, id=5082, stack(0x00007ff0cf5be000,0x00007ff0cf6bf000)]
  0x00007ff0f8005800 JavaThread "H2 TCP Server (tcp://127.0.1.1:35124) thread" daemon [_thread_in_native, id=5008, stack(0x00007ff0cfeff000,0x00007ff0d0000000)]
  0x00007ff0f8004800 JavaThread "H2 TCP Server (tcp://127.0.1.1:35124) thread" daemon [_thread_in_Java, id=4894, stack(0x00007ff0cfdfe000,0x00007ff0cfeff000)]
  0x00007ff0f8003000 JavaThread "H2 TCP Server (tcp://127.0.1.1:35124) thread" daemon [_thread_in_native, id=4863, stack(0x00007ff0cfcfd000,0x00007ff0cfdfe000)]
  0x00007ff128007000 JavaThread "pool-5-thread-4" [_thread_blocked, id=4785, stack(0x00007ff13c24a000,0x00007ff13c34b000)]
  0x00007ff148024800 JavaThread "pool-5-thread-3" [_thread_blocked, id=4784, stack(0x00007ff13c44c000,0x00007ff13c54d000)]
  0x00007ff148024000 JavaThread "pool-5-thread-2" [_thread_blocked, id=4783, stack(0x00007ff13c34b000,0x00007ff13c44c000)]
  0x00007ff120008000 JavaThread "pool-5-thread-1" [_thread_blocked, id=4782, stack(0x00007ff13c048000,0x00007ff13c149000)]
  0x00007ff0f0017000 JavaThread "XNIO-1 task-32" [_thread_blocked, id=4644, stack(0x00007ff13c149000,0x00007ff13c24a000)]
  0x00007ff0f0015000 JavaThread "XNIO-1 task-31" [_thread_blocked, id=4640, stack(0x00007ff13c54d000,0x00007ff13c64e000)]
  0x00007ff0f0013000 JavaThread "XNIO-1 task-30" [_thread_blocked, id=4638, stack(0x00007ff13c64e000,0x00007ff13c74f000)]
  0x00007ff0f0011800 JavaThread "XNIO-1 task-29" [_thread_blocked, id=4637, stack(0x00007ff13c74f000,0x00007ff13c850000)]
  0x00007ff0f005e000 JavaThread "XNIO-1 task-28" [_thread_blocked, id=4636, stack(0x00007ff13c850000,0x00007ff13c951000)]
  0x00007ff0f400d000 JavaThread "XNIO-1 task-27" [_thread_blocked, id=4635, stack(0x00007ff13c951000,0x00007ff13ca52000)]
  0x00007ff0f005c800 JavaThread "XNIO-1 task-26" [_thread_blocked, id=4634, stack(0x00007ff13ca52000,0x00007ff13cb53000)]
  0x00007ff0f400b000 JavaThread "XNIO-1 task-25" [_thread_blocked, id=4633, stack(0x00007ff13cb53000,0x00007ff13cc54000)]
  0x00007ff0f005b000 JavaThread "XNIO-1 task-24" [_thread_blocked, id=4632, stack(0x00007ff13cc54000,0x00007ff13cd55000)]
  0x00007ff0e800c000 JavaThread "XNIO-1 task-23" [_thread_blocked, id=4631, stack(0x00007ff13cd55000,0x00007ff13ce56000)]
  0x00007ff0e800e000 JavaThread "XNIO-1 task-22" [_thread_blocked, id=4630, stack(0x00007ff13ce56000,0x00007ff13cf57000)]
  0x00007ff0f0059000 JavaThread "XNIO-1 task-21" [_thread_blocked, id=4629, stack(0x00007ff13cf57000,0x00007ff13d058000)]
  0x00007ff0f0057000 JavaThread "XNIO-1 task-20" [_thread_blocked, id=4628, stack(0x00007ff13d058000,0x00007ff13d159000)]
  0x00007ff0e800d800 JavaThread "XNIO-1 task-19" [_thread_blocked, id=4627, stack(0x00007ff13d159000,0x00007ff13d25a000)]
  0x00007ff0f4009800 JavaThread "XNIO-1 task-18" [_thread_blocked, id=4626, stack(0x00007ff13d25a000,0x00007ff13d35b000)]
  0x00007ff0f4007800 JavaThread "XNIO-1 task-17" [_thread_blocked, id=4625, stack(0x00007ff13d35b000,0x00007ff13d45c000)]
  0x00007ff0e8008000 JavaThread "XNIO-1 task-16" [_thread_blocked, id=4624, stack(0x00007ff13d45c000,0x00007ff13d55d000)]
  0x00007ff0f0055000 JavaThread "XNIO-1 task-15" [_thread_blocked, id=4623, stack(0x00007ff13d55d000,0x00007ff13d65e000)]
  0x00007ff0f0053000 JavaThread "XNIO-1 task-14" [_thread_blocked, id=4622, stack(0x00007ff13d65e000,0x00007ff13d75f000)]
  0x00007ff0e8006800 JavaThread "XNIO-1 task-13" [_thread_blocked, id=4621, stack(0x00007ff13d75f000,0x00007ff13d860000)]
  0x00007ff0f4006000 JavaThread "XNIO-1 task-12" [_thread_blocked, id=4620, stack(0x00007ff13d860000,0x00007ff13d961000)]
  0x00007ff0e8005000 JavaThread "XNIO-1 task-11" [_thread_blocked, id=4619, stack(0x00007ff13d961000,0x00007ff13da62000)]
  0x00007ff0f4004800 JavaThread "XNIO-1 task-10" [_thread_blocked, id=4618, stack(0x00007ff13da62000,0x00007ff13db63000)]
  0x00007ff0f0051800 JavaThread "XNIO-1 task-9" [_thread_blocked, id=4617, stack(0x00007ff13db63000,0x00007ff13dc64000)]
  0x00007ff0f004f800 JavaThread "XNIO-1 task-8" [_thread_blocked, id=4616, stack(0x00007ff13dc64000,0x00007ff13dd65000)]
  0x00007ff0e8002800 JavaThread "XNIO-1 task-7" [_thread_blocked, id=4615, stack(0x00007ff13dd65000,0x00007ff13de66000)]
  0x00007ff0f4003000 JavaThread "XNIO-1 task-6" [_thread_blocked, id=4614, stack(0x00007ff13de66000,0x00007ff13df67000)]
  0x00007ff0e8001000 JavaThread "XNIO-1 task-5" [_thread_blocked, id=4613, stack(0x00007ff13df67000,0x00007ff13e068000)]
  0x00007ff0f4001000 JavaThread "XNIO-1 task-4" [_thread_blocked, id=4612, stack(0x00007ff13e068000,0x00007ff13e169000)]
  0x00007ff0f004e000 JavaThread "XNIO-1 task-3" [_thread_blocked, id=4611, stack(0x00007ff13e169000,0x00007ff13e26a000)]
  0x00007ff0f0048000 JavaThread "XNIO-1 task-2" [_thread_blocked, id=4610, stack(0x00007ff13e26a000,0x00007ff13e36b000)]
  0x00007ff0f004a000 JavaThread "XNIO-1 task-1" [_thread_blocked, id=4609, stack(0x00007ff13e36b000,0x00007ff13e46c000)]
=>0x00007ff150010000 JavaThread "DestroyJavaVM" [_thread_blocked, id=4566, stack(0x00007ff157da3000,0x00007ff157ea4000)]
  0x00007ff150210000 JavaThread "XNIO-1 I/O-4" [_thread_in_native, id=4607, stack(0x00007ff13e46c000,0x00007ff13e56d000)]
  0x00007ff15020e000 JavaThread "XNIO-1 I/O-3" [_thread_in_native, id=4606, stack(0x00007ff13e56d000,0x00007ff13e66e000)]
  0x00007ff15020c800 JavaThread "XNIO-1 I/O-2" [_thread_in_native, id=4605, stack(0x00007ff13e66e000,0x00007ff13e76f000)]
  0x00007ff15020b800 JavaThread "XNIO-1 I/O-1" [_thread_in_native, id=4604, stack(0x00007ff13e76f000,0x00007ff13e870000)]
  0x00007ff1508b3000 JavaThread "MVStore background writer nio:/media/luke/Dokumenty/Dokumenty/workspaces/linux/workspace_spring/ModbusChart/database.mv.db" daemon [_thread_blocked, id=4599, stack(0x00007ff13e870000,0x00007ff13e971000)]
  0x00007ff1508ad000 JavaThread "H2 TCP Server (tcp://127.0.1.1:35124)" daemon [_thread_in_native, id=4595, stack(0x00007ff13e971000,0x00007ff13ea72000)]
  0x00007ff150ac5000 JavaThread "H2 File Lock Watchdog /media/luke/Dokumenty/Dokumenty/workspaces/linux/workspace_spring/ModbusChart/database.lock.db" daemon [_thread_blocked, id=4593, stack(0x00007ff13ea72000,0x00007ff13eb73000)]
  0x00007ff150abe800 JavaThread "Hikari Housekeeping Timer (pool HikariPool-0)" daemon [_thread_blocked, id=4590, stack(0x00007ff13eb73000,0x00007ff13ec74000)]
  0x00007ff150695800 JavaThread "RMI TCP Accept-0" daemon [_thread_in_native, id=4580, stack(0x00007ff13edb4000,0x00007ff13eeb5000)]
  0x00007ff15068b800 JavaThread "RMI TCP Accept-53699" daemon [_thread_in_native, id=4579, stack(0x00007ff13eeb5000,0x00007ff13efb6000)]
  0x00007ff15067e800 JavaThread "RMI TCP Accept-0" daemon [_thread_in_native, id=4578, stack(0x00007ff13efb6000,0x00007ff13f0b7000)]
  0x00007ff1500b4800 JavaThread "Service Thread" daemon [_thread_blocked, id=4577, stack(0x00007ff144e8c000,0x00007ff144f8d000)]
  0x00007ff1500b2000 JavaThread "C2 CompilerThread1" daemon [_thread_blocked, id=4576, stack(0x00007ff144f8d000,0x00007ff14508e000)]
  0x00007ff1500af000 JavaThread "C2 CompilerThread0" daemon [_thread_blocked, id=4575, stack(0x00007ff14508e000,0x00007ff14518f000)]
  0x00007ff1500ad000 JavaThread "Signal Dispatcher" daemon [_thread_blocked, id=4574, stack(0x00007ff14518f000,0x00007ff145290000)]
  0x00007ff150082000 JavaThread "Finalizer" daemon [_thread_blocked, id=4573, stack(0x00007ff14568a000,0x00007ff14578b000)]
  0x00007ff150080000 JavaThread "Reference Handler" daemon [_thread_blocked, id=4572, stack(0x00007ff14578b000,0x00007ff14588c000)]

Other Threads:
  0x00007ff15007b800 VMThread [stack: 0x00007ff14588c000,0x00007ff14598d000] [id=4571]
  0x00007ff15069f800 WatcherThread [stack: 0x00007ff13ecb3000,0x00007ff13edb4000] [id=4581]

VM state:not at safepoint (normal execution)

VM Mutex/Monitor currently owned by a thread: None

Heap
 PSYoungGen      total 327680K, used 41758K [0x00000000ebd00000, 0x0000000100000000, 0x0000000100000000)
  eden space 324608K, 12% used [0x00000000ebd00000,0x00000000ee3478c8,0x00000000ffa00000)
  from space 3072K, 83% used [0x00000000ffa00000,0x00000000ffc80000,0x00000000ffd00000)
  to   space 3072K, 0% used [0x00000000ffd00000,0x00000000ffd00000,0x0000000100000000)
 ParOldGen       total 177664K, used 114868K [0x00000000c3800000, 0x00000000ce580000, 0x00000000ebd00000)
  object space 177664K, 64% used [0x00000000c3800000,0x00000000ca82d328,0x00000000ce580000)
 PSPermGen       total 107008K, used 57452K [0x00000000b9200000, 0x00000000bfa80000, 0x00000000c3800000)
  object space 107008K, 53% used [0x00000000b9200000,0x00000000bca1b240,0x00000000bfa80000)

Card table byte_map: [0x00007ff1547b4000,0x00007ff1549ec000] byte_map_base: 0x00007ff1541eb000

Polling page: 0x00007ff157ec9000

Code Cache  [0x00007ff14d000000, 0x00007ff14d7b0000, 0x00007ff150000000)
 total_blobs=2876 nmethods=2398 adapters=429 free_code_cache=41438Kb largest_free_block=42312128

Compilation events (10 events):
Event: 2007,707 Thread 0x00007ff1500b2000 nmethod 2738 0x00007ff14d6ac390 code [0x00007ff14d6ac520, 0x00007ff14d6ac8b8]
Event: 2007,709 Thread 0x00007ff1500af000 nmethod 2739 0x00007ff14d6ab9d0 code [0x00007ff14d6abb60, 0x00007ff14d6abeb8]
Event: 2008,591 Thread 0x00007ff1500af000 2740             org.hibernate.engine.internal.StatefulPersistenceContext::getLoadedCollectionOwnerIdOrNull (10 bytes)
Event: 2008,591 Thread 0x00007ff1500b2000 2741             org.hibernate.engine.internal.StatefulPersistenceContext::getLoadedCollectionOwnerOrNull (42 bytes)
Event: 2008,600 Thread 0x00007ff1500af000 nmethod 2740 0x00007ff14d6fa1d0 code [0x00007ff14d6fa380, 0x00007ff14d6fa7f8]
Event: 2008,602 Thread 0x00007ff1500b2000 nmethod 2741 0x00007ff14d7795d0 code [0x00007ff14d779780, 0x00007ff14d779c28]
Event: 2317,679 Thread 0x00007ff1500af000 2742             java.util.HashSet::remove (20 bytes)
Event: 2317,679 Thread 0x00007ff1500b2000 2743   !         org.springframework.beans.factory.support.DefaultSingletonBeanRegistry::destroyBean (329 bytes)
Event: 2317,681 Thread 0x00007ff1500af000 nmethod 2742 0x00007ff14d424f90 code [0x00007ff14d425100, 0x00007ff14d425218]
Event: 2317,714 Thread 0x00007ff1500b2000 nmethod 2743 0x00007ff14d7849d0 code [0x00007ff14d784d20, 0x00007ff14d785da0]

GC Heap History (10 events):
Event: 2413,821 GC heap before
{Heap before GC invocations=896 (full 5):
 PSYoungGen      total 327680K, used 327168K [0x00000000ebd00000, 0x0000000100000000, 0x0000000100000000)
  eden space 324608K, 100% used [0x00000000ebd00000,0x00000000ffa00000,0x00000000ffa00000)
  from space 3072K, 83% used [0x00000000ffd00000,0x00000000fff80000,0x0000000100000000)
  to   space 3072K, 0% used [0x00000000ffa00000,0x00000000ffa00000,0x00000000ffd00000)
 ParOldGen       total 177664K, used 114828K [0x00000000c3800000, 0x00000000ce580000, 0x00000000ebd00000)
  object space 177664K, 64% used [0x00000000c3800000,0x00000000ca823328,0x00000000ce580000)
 PSPermGen       total 107008K, used 57452K [0x00000000b9200000, 0x00000000bfa80000, 0x00000000c3800000)
  object space 107008K, 53% used [0x00000000b9200000,0x00000000bca1b240,0x00000000bfa80000)
Event: 2413,830 GC heap after
Heap after GC invocations=896 (full 5):
 PSYoungGen      total 327680K, used 2592K [0x00000000ebd00000, 0x0000000100000000, 0x0000000100000000)
  eden space 324608K, 0% used [0x00000000ebd00000,0x00000000ebd00000,0x00000000ffa00000)
  from space 3072K, 84% used [0x00000000ffa00000,0x00000000ffc88000,0x00000000ffd00000)
  to   space 3072K, 0% used [0x00000000ffd00000,0x00000000ffd00000,0x0000000100000000)
 ParOldGen       total 177664K, used 114852K [0x00000000c3800000, 0x00000000ce580000, 0x00000000ebd00000)
  object space 177664K, 64% used [0x00000000c3800000,0x00000000ca829328,0x00000000ce580000)
 PSPermGen       total 107008K, used 57452K [0x00000000b9200000, 0x00000000bfa80000, 0x00000000c3800000)
  object space 107008K, 53% used [0x00000000b9200000,0x00000000bca1b240,0x00000000bfa80000)
}
Event: 2414,522 GC heap before
{Heap before GC invocations=897 (full 5):
 PSYoungGen      total 327680K, used 327200K [0x00000000ebd00000, 0x0000000100000000, 0x0000000100000000)
  eden space 324608K, 100% used [0x00000000ebd00000,0x00000000ffa00000,0x00000000ffa00000)
  from space 3072K, 84% used [0x00000000ffa00000,0x00000000ffc88000,0x00000000ffd00000)
  to   space 3072K, 0% used [0x00000000ffd00000,0x00000000ffd00000,0x0000000100000000)
 ParOldGen       total 177664K, used 114852K [0x00000000c3800000, 0x00000000ce580000, 0x00000000ebd00000)
  object space 177664K, 64% used [0x00000000c3800000,0x00000000ca829328,0x00000000ce580000)
 PSPermGen       total 107008K, used 57452K [0x00000000b9200000, 0x00000000bfa80000, 0x00000000c3800000)
  object space 107008K, 53% used [0x00000000b9200000,0x00000000bca1b240,0x00000000bfa80000)
Event: 2414,530 GC heap after
Heap after GC invocations=897 (full 5):
 PSYoungGen      total 327680K, used 2592K [0x00000000ebd00000, 0x0000000100000000, 0x0000000100000000)
  eden space 324608K, 0% used [0x00000000ebd00000,0x00000000ebd00000,0x00000000ffa00000)
  from space 3072K, 84% used [0x00000000ffd00000,0x00000000fff88000,0x0000000100000000)
  to   space 3072K, 0% used [0x00000000ffa00000,0x00000000ffa00000,0x00000000ffd00000)
 ParOldGen       total 177664K, used 114860K [0x00000000c3800000, 0x00000000ce580000, 0x00000000ebd00000)
  object space 177664K, 64% used [0x00000000c3800000,0x00000000ca82b328,0x00000000ce580000)
 PSPermGen       total 107008K, used 57452K [0x00000000b9200000, 0x00000000bfa80000, 0x00000000c3800000)
  object space 107008K, 53% used [0x00000000b9200000,0x00000000bca1b240,0x00000000bfa80000)
}
Event: 2415,296 GC heap before
{Heap before GC invocations=898 (full 5):
 PSYoungGen      total 327680K, used 327200K [0x00000000ebd00000, 0x0000000100000000, 0x0000000100000000)
  eden space 324608K, 100% used [0x00000000ebd00000,0x00000000ffa00000,0x00000000ffa00000)
  from space 3072K, 84% used [0x00000000ffd00000,0x00000000fff88000,0x0000000100000000)
  to   space 3072K, 0% used [0x00000000ffa00000,0x00000000ffa00000,0x00000000ffd00000)
 ParOldGen       total 177664K, used 114860K [0x00000000c3800000, 0x00000000ce580000, 0x00000000ebd00000)
  object space 177664K, 64% used [0x00000000c3800000,0x00000000ca82b328,0x00000000ce580000)
 PSPermGen       total 107008K, used 57452K [0x00000000b9200000, 0x00000000bfa80000, 0x00000000c3800000)
  object space 107008K, 53% used [0x00000000b9200000,0x00000000bca1b240,0x00000000bfa80000)
Event: 2415,305 GC heap after
Heap after GC invocations=898 (full 5):
 PSYoungGen      total 327680K, used 2688K [0x00000000ebd00000, 0x0000000100000000, 0x0000000100000000)
  eden space 324608K, 0% used [0x00000000ebd00000,0x00000000ebd00000,0x00000000ffa00000)
  from space 3072K, 87% used [0x00000000ffa00000,0x00000000ffca0000,0x00000000ffd00000)
  to   space 3072K, 0% used [0x00000000ffd00000,0x00000000ffd00000,0x0000000100000000)
 ParOldGen       total 177664K, used 114860K [0x00000000c3800000, 0x00000000ce580000, 0x00000000ebd00000)
  object space 177664K, 64% used [0x00000000c3800000,0x00000000ca82b328,0x00000000ce580000)
 PSPermGen       total 107008K, used 57452K [0x00000000b9200000, 0x00000000bfa80000, 0x00000000c3800000)
  object space 107008K, 53% used [0x00000000b9200000,0x00000000bca1b240,0x00000000bfa80000)
}
Event: 2415,980 GC heap before
{Heap before GC invocations=899 (full 5):
 PSYoungGen      total 327680K, used 327296K [0x00000000ebd00000, 0x0000000100000000, 0x0000000100000000)
  eden space 324608K, 100% used [0x00000000ebd00000,0x00000000ffa00000,0x00000000ffa00000)
  from space 3072K, 87% used [0x00000000ffa00000,0x00000000ffca0000,0x00000000ffd00000)
  to   space 3072K, 0% used [0x00000000ffd00000,0x00000000ffd00000,0x0000000100000000)
 ParOldGen       total 177664K, used 114860K [0x00000000c3800000, 0x00000000ce580000, 0x00000000ebd00000)
  object space 177664K, 64% used [0x00000000c3800000,0x00000000ca82b328,0x00000000ce580000)
 PSPermGen       total 107008K, used 57452K [0x00000000b9200000, 0x00000000bfa80000, 0x00000000c3800000)
  object space 107008K, 53% used [0x00000000b9200000,0x00000000bca1b240,0x00000000bfa80000)
Event: 2415,989 GC heap after
Heap after GC invocations=899 (full 5):
 PSYoungGen      total 327680K, used 2560K [0x00000000ebd00000, 0x0000000100000000, 0x0000000100000000)
  eden space 324608K, 0% used [0x00000000ebd00000,0x00000000ebd00000,0x00000000ffa00000)
  from space 3072K, 83% used [0x00000000ffd00000,0x00000000fff80000,0x0000000100000000)
  to   space 3072K, 0% used [0x00000000ffa00000,0x00000000ffa00000,0x00000000ffd00000)
 ParOldGen       total 177664K, used 114860K [0x00000000c3800000, 0x00000000ce580000, 0x00000000ebd00000)
  object space 177664K, 64% used [0x00000000c3800000,0x00000000ca82b328,0x00000000ce580000)
 PSPermGen       total 107008K, used 57452K [0x00000000b9200000, 0x00000000bfa80000, 0x00000000c3800000)
  object space 107008K, 53% used [0x00000000b9200000,0x00000000bca1b240,0x00000000bfa80000)
}
Event: 2416,661 GC heap before
{Heap before GC invocations=900 (full 5):
 PSYoungGen      total 327680K, used 327168K [0x00000000ebd00000, 0x0000000100000000, 0x0000000100000000)
  eden space 324608K, 100% used [0x00000000ebd00000,0x00000000ffa00000,0x00000000ffa00000)
  from space 3072K, 83% used [0x00000000ffd00000,0x00000000fff80000,0x0000000100000000)
  to   space 3072K, 0% used [0x00000000ffa00000,0x00000000ffa00000,0x00000000ffd00000)
 ParOldGen       total 177664K, used 114860K [0x00000000c3800000, 0x00000000ce580000, 0x00000000ebd00000)
  object space 177664K, 64% used [0x00000000c3800000,0x00000000ca82b328,0x00000000ce580000)
 PSPermGen       total 107008K, used 57452K [0x00000000b9200000, 0x00000000bfa80000, 0x00000000c3800000)
  object space 107008K, 53% used [0x00000000b9200000,0x00000000bca1b240,0x00000000bfa80000)
Event: 2416,671 GC heap after
Heap after GC invocations=900 (full 5):
 PSYoungGen      total 327680K, used 2560K [0x00000000ebd00000, 0x0000000100000000, 0x0000000100000000)
  eden space 324608K, 0% used [0x00000000ebd00000,0x00000000ebd00000,0x00000000ffa00000)
  from space 3072K, 83% used [0x00000000ffa00000,0x00000000ffc80000,0x00000000ffd00000)
  to   space 3072K, 0% used [0x00000000ffd00000,0x00000000ffd00000,0x0000000100000000)
 ParOldGen       total 177664K, used 114868K [0x00000000c3800000, 0x00000000ce580000, 0x00000000ebd00000)
  object space 177664K, 64% used [0x00000000c3800000,0x00000000ca82d328,0x00000000ce580000)
 PSPermGen       total 107008K, used 57452K [0x00000000b9200000, 0x00000000bfa80000, 0x00000000c3800000)
  object space 107008K, 53% used [0x00000000b9200000,0x00000000bca1b240,0x00000000bfa80000)
}

Deoptimization events (10 events):
Event: 1893,212 Thread 0x00007ff0f8004800 Uncommon trap: reason=class_check action=maybe_recompile pc=0x00007ff14d75c06c method=org.h2.expression.ValueExpression.getType()I @ 4
Event: 1893,212 Thread 0x00007ff0f8004800 Uncommon trap: reason=class_check action=maybe_recompile pc=0x00007ff14d75c06c method=org.h2.expression.ValueExpression.getType()I @ 4
Event: 1893,212 Thread 0x00007ff0f8004800 Uncommon trap: reason=class_check action=maybe_recompile pc=0x00007ff14d75c06c method=org.h2.expression.ValueExpression.getType()I @ 4
Event: 2007,649 Thread 0x00007ff0f0048000 Uncommon trap: reason=unreached action=reinterpret pc=0x00007ff14d5590ec method=org.hibernate.internal.util.collections.IdentityMap$IdentityKey.equals(Ljava/lang/Object;)Z @ 11
Event: 2007,649 Thread 0x00007ff0f0048000 Uncommon trap: reason=unreached action=reinterpret pc=0x00007ff14d5f89e4 method=org.hibernate.internal.util.collections.IdentityMap$IdentityKey.equals(Ljava/lang/Object;)Z @ 11
Event: 2007,649 Thread 0x00007ff0f0048000 Uncommon trap: reason=unreached action=reinterpret pc=0x00007ff14d4f2f1c method=org.hibernate.internal.util.collections.IdentityMap$IdentityKey.equals(Ljava/lang/Object;)Z @ 11
Event: 2007,649 Thread 0x00007ff0f0048000 Uncommon trap: reason=unreached action=reinterpret pc=0x00007ff14d54dc94 method=org.hibernate.internal.util.collections.IdentityMap$IdentityKey.equals(Ljava/lang/Object;)Z @ 11
Event: 2008,645 Thread 0x00007ff0e8005000 Uncommon trap: reason=unreached action=reinterpret pc=0x00007ff14d2dea84 method=java.lang.Throwable.<init>(Ljava/lang/Throwable;)V @ 30
Event: 2008,694 Thread 0x00007ff0e8005000 Uncommon trap: reason=unreached action=reinterpret pc=0x00007ff14d1dad04 method=java.lang.ref.SoftReference.get()Ljava/lang/Object; @ 6
Event: 2336,304 Thread 0x00007ff0f4006000 Uncommon trap: reason=unreached action=reinterpret pc=0x00007ff14d2de0c4 method=java.lang.Throwable.<init>(Ljava/lang/Throwable;)V @ 30

Internal exceptions (10 events):
Event: 2342,780 Thread 0x00007ff0e8006800 Threw 0x00000000ef136b58 at /build/buildd/openjdk-7-7u75-2.5.4/build/openjdk/hotspot/src/share/vm/prims/jni.cpp:721
Event: 2342,780 Thread 0x00007ff0e8006800 Threw 0x00000000ef136de0 at /build/buildd/openjdk-7-7u75-2.5.4/build/openjdk/hotspot/src/share/vm/prims/jni.cpp:721
Event: 2352,010 Thread 0x00007ff0e8008000 Threw 0x00000000fbc53fa8 at /build/buildd/openjdk-7-7u75-2.5.4/build/openjdk/hotspot/src/share/vm/prims/jvm.cpp:1284
Event: 2352,010 Thread 0x00007ff0e8008000 Threw 0x00000000fbc5ea00 at /build/buildd/openjdk-7-7u75-2.5.4/build/openjdk/hotspot/src/share/vm/prims/jvm.cpp:1284
Event: 2352,010 Thread 0x00007ff0e8008000 Threw 0x00000000fbc5fa20 at /build/buildd/openjdk-7-7u75-2.5.4/build/openjdk/hotspot/src/share/vm/prims/jvm.cpp:1284
Event: 2352,011 Thread 0x00007ff0e8008000 Threw 0x00000000fbc6a460 at /build/buildd/openjdk-7-7u75-2.5.4/build/openjdk/hotspot/src/share/vm/prims/jvm.cpp:1284
Event: 2352,011 Thread 0x00007ff0e8008000 Threw 0x00000000fbcb5ab8 at /build/buildd/openjdk-7-7u75-2.5.4/build/openjdk/hotspot/src/share/vm/prims/jni.cpp:721
Event: 2352,011 Thread 0x00007ff0e8008000 Threw 0x00000000fbcb5d40 at /build/buildd/openjdk-7-7u75-2.5.4/build/openjdk/hotspot/src/share/vm/prims/jni.cpp:721
Event: 2352,016 Thread 0x00007ff0e8008000 Threw 0x00000000fc3b76a8 at /build/buildd/openjdk-7-7u75-2.5.4/build/openjdk/hotspot/src/share/vm/prims/jni.cpp:721
Event: 2352,016 Thread 0x00007ff0e8008000 Threw 0x00000000fc3b7930 at /build/buildd/openjdk-7-7u75-2.5.4/build/openjdk/hotspot/src/share/vm/prims/jni.cpp:721

Events (10 events):
Event: 2413,821 Executing VM operation: ParallelGCFailedAllocation
Event: 2413,831 Executing VM operation: ParallelGCFailedAllocation done
Event: 2414,522 Executing VM operation: ParallelGCFailedAllocation
Event: 2414,530 Executing VM operation: ParallelGCFailedAllocation done
Event: 2415,296 Executing VM operation: ParallelGCFailedAllocation
Event: 2415,305 Executing VM operation: ParallelGCFailedAllocation done
Event: 2415,979 Executing VM operation: ParallelGCFailedAllocation
Event: 2415,989 Executing VM operation: ParallelGCFailedAllocation done
Event: 2416,661 Executing VM operation: ParallelGCFailedAllocation
Event: 2416,671 Executing VM operation: ParallelGCFailedAllocation done


Dynamic libraries:
00400000-00401000 r-xp 00000000 08:09 1832886                            /usr/lib/jvm/java-7-openjdk-amd64/jre/bin/java
00600000-00601000 r--p 00000000 08:09 1832886                            /usr/lib/jvm/java-7-openjdk-amd64/jre/bin/java
00601000-00602000 rw-p 00001000 08:09 1832886                            /usr/lib/jvm/java-7-openjdk-amd64/jre/bin/java
01442000-01463000 rw-p 00000000 00:00 0                                  [heap]
b9200000-bfa80000 rw-p 00000000 00:00 0 
bfa80000-c0100000 ---p 00000000 00:00 0 
c0100000-c3800000 rw-p 00000000 00:00 0 
c3800000-ce580000 rw-p 00000000 00:00 0 
ce580000-ebd00000 rw-p 00000000 00:00 0 
ebd00000-100000000 rw-p 00000000 00:00 0 
7ff0c8000000-7ff0c8068000 rw-p 00000000 00:00 0 
7ff0c8068000-7ff0cc000000 ---p 00000000 00:00 0 
7ff0cf05a000-7ff0cf05d000 ---p 00000000 00:00 0 
7ff0cf05d000-7ff0cf15b000 rw-p 00000000 00:00 0                          [stack:5175]
7ff0cf15b000-7ff0cf15e000 ---p 00000000 00:00 0 
7ff0cf15e000-7ff0cf4bd000 rw-p 00000000 00:00 0                          [stack:5086]
7ff0cf4bd000-7ff0cf4c0000 ---p 00000000 00:00 0 
7ff0cf4c0000-7ff0cf5be000 rw-p 00000000 00:00 0                          [stack:5127]
7ff0cf5be000-7ff0cf5c1000 ---p 00000000 00:00 0 
7ff0cf5c1000-7ff0cf6bf000 rw-p 00000000 00:00 0                          [stack:5082]
7ff0cf71d000-7ff0cf720000 ---p 00000000 00:00 0 
7ff0cf720000-7ff0cf81e000 rw-p 00000000 00:00 0                          [stack:5087]
7ff0cf81e000-7ff0cf821000 ---p 00000000 00:00 0 
7ff0cf821000-7ff0cfcfd000 rw-p 00000000 00:00 0                          [stack:5084]
7ff0cfcfd000-7ff0cfd00000 ---p 00000000 00:00 0 
7ff0cfd00000-7ff0cfdfe000 rw-p 00000000 00:00 0                          [stack:4863]
7ff0cfdfe000-7ff0cfe01000 ---p 00000000 00:00 0 
7ff0cfe01000-7ff0cfeff000 rw-p 00000000 00:00 0                          [stack:4894]
7ff0cfeff000-7ff0cff02000 ---p 00000000 00:00 0 
7ff0cff02000-7ff0d0000000 rw-p 00000000 00:00 0                          [stack:5008]
7ff0d0000000-7ff0d0044000 rw-p 00000000 00:00 0 
7ff0d0044000-7ff0d4000000 ---p 00000000 00:00 0 
7ff0d4000000-7ff0d4021000 rw-p 00000000 00:00 0 
7ff0d4021000-7ff0d8000000 ---p 00000000 00:00 0 
7ff0d8000000-7ff0d8021000 rw-p 00000000 00:00 0 
7ff0d8021000-7ff0dc000000 ---p 00000000 00:00 0 
7ff0dc000000-7ff0dc05d000 rw-p 00000000 00:00 0 
7ff0dc05d000-7ff0e0000000 ---p 00000000 00:00 0 
7ff0e0000000-7ff0e0084000 rw-p 00000000 00:00 0 
7ff0e0084000-7ff0e4000000 ---p 00000000 00:00 0 
7ff0e4000000-7ff0e4095000 rw-p 00000000 00:00 0 
7ff0e4095000-7ff0e8000000 ---p 00000000 00:00 0 
7ff0e8000000-7ff0e8021000 rw-p 00000000 00:00 0 
7ff0e8021000-7ff0ec000000 ---p 00000000 00:00 0 
7ff0ec000000-7ff0ec021000 rw-p 00000000 00:00 0 
7ff0ec021000-7ff0f0000000 ---p 00000000 00:00 0 
7ff0f0000000-7ff0f0060000 rw-p 00000000 00:00 0 
7ff0f0060000-7ff0f4000000 ---p 00000000 00:00 0 
7ff0f4000000-7ff0f4021000 rw-p 00000000 00:00 0 
7ff0f4021000-7ff0f8000000 ---p 00000000 00:00 0 
7ff0f8000000-7ff0f8021000 rw-p 00000000 00:00 0 
7ff0f8021000-7ff0fc000000 ---p 00000000 00:00 0 
7ff0fc000000-7ff0fc20e000 rw-p 00000000 00:00 0 
7ff0fc20e000-7ff100000000 ---p 00000000 00:00 0 
7ff100000000-7ff100021000 rw-p 00000000 00:00 0 
7ff100021000-7ff104000000 ---p 00000000 00:00 0 
7ff104000000-7ff104021000 rw-p 00000000 00:00 0 
7ff104021000-7ff108000000 ---p 00000000 00:00 0 
7ff108000000-7ff108021000 rw-p 00000000 00:00 0 
7ff108021000-7ff10c000000 ---p 00000000 00:00 0 
7ff10c000000-7ff10c021000 rw-p 00000000 00:00 0 
7ff10c021000-7ff110000000 ---p 00000000 00:00 0 
7ff110000000-7ff110021000 rw-p 00000000 00:00 0 
7ff110021000-7ff114000000 ---p 00000000 00:00 0 
7ff114000000-7ff114021000 rw-p 00000000 00:00 0 
7ff114021000-7ff118000000 ---p 00000000 00:00 0 
7ff118000000-7ff119269000 rw-p 00000000 00:00 0 
7ff119269000-7ff11c000000 ---p 00000000 00:00 0 
7ff11c000000-7ff11c052000 rw-p 00000000 00:00 0 
7ff11c052000-7ff120000000 ---p 00000000 00:00 0 
7ff120000000-7ff1201ce000 rw-p 00000000 00:00 0 
7ff1201ce000-7ff124000000 ---p 00000000 00:00 0 
7ff124000000-7ff125dcc000 rw-p 00000000 00:00 0 
7ff125dcc000-7ff128000000 ---p 00000000 00:00 0 
7ff128000000-7ff128250000 rw-p 00000000 00:00 0 
7ff128250000-7ff12c000000 ---p 00000000 00:00 0 
7ff12c000000-7ff12c051000 rw-p 00000000 00:00 0 
7ff12c051000-7ff130000000 ---p 00000000 00:00 0 
7ff130000000-7ff130058000 rw-p 00000000 00:00 0 
7ff130058000-7ff134000000 ---p 00000000 00:00 0 
7ff134000000-7ff134180000 rw-p 00000000 00:00 0 
7ff134180000-7ff138000000 ---p 00000000 00:00 0 
7ff138000000-7ff13807c000 rw-p 00000000 00:00 0 
7ff13807c000-7ff13c000000 ---p 00000000 00:00 0 
7ff13c046000-7ff13c048000 rw-p 00000000 00:00 0 
7ff13c048000-7ff13c04b000 ---p 00000000 00:00 0 
7ff13c04b000-7ff13c149000 rw-p 00000000 00:00 0                          [stack:4782]
7ff13c149000-7ff13c14c000 ---p 00000000 00:00 0 
7ff13c14c000-7ff13c24a000 rw-p 00000000 00:00 0                          [stack:4644]
7ff13c24a000-7ff13c24d000 ---p 00000000 00:00 0 
7ff13c24d000-7ff13c34b000 rw-p 00000000 00:00 0                          [stack:4785]
7ff13c34b000-7ff13c34e000 ---p 00000000 00:00 0 
7ff13c34e000-7ff13c44c000 rw-p 00000000 00:00 0                          [stack:4783]
7ff13c44c000-7ff13c44f000 ---p 00000000 00:00 0 
7ff13c44f000-7ff13c54d000 rw-p 00000000 00:00 0                          [stack:4784]
7ff13c54d000-7ff13c550000 ---p 00000000 00:00 0 
7ff13c550000-7ff13c64e000 rw-p 00000000 00:00 0                          [stack:4640]
7ff13c64e000-7ff13c651000 ---p 00000000 00:00 0 
7ff13c651000-7ff13c74f000 rw-p 00000000 00:00 0                          [stack:4638]
7ff13c74f000-7ff13c752000 ---p 00000000 00:00 0 
7ff13c752000-7ff13c850000 rw-p 00000000 00:00 0                          [stack:4637]
7ff13c850000-7ff13c853000 ---p 00000000 00:00 0 
7ff13c853000-7ff13c951000 rw-p 00000000 00:00 0                          [stack:4636]
7ff13c951000-7ff13c954000 ---p 00000000 00:00 0 
7ff13c954000-7ff13ca52000 rw-p 00000000 00:00 0                          [stack:4635]
7ff13ca52000-7ff13ca55000 ---p 00000000 00:00 0 
7ff13ca55000-7ff13cb53000 rw-p 00000000 00:00 0                          [stack:4634]
7ff13cb53000-7ff13cb56000 ---p 00000000 00:00 0 
7ff13cb56000-7ff13cc54000 rw-p 00000000 00:00 0                          [stack:4633]
7ff13cc54000-7ff13cc57000 ---p 00000000 00:00 0 
7ff13cc57000-7ff13cd55000 rw-p 00000000 00:00 0                          [stack:4632]
7ff13cd55000-7ff13cd58000 ---p 00000000 00:00 0 
7ff13cd58000-7ff13ce56000 rw-p 00000000 00:00 0                          [stack:4631]
7ff13ce56000-7ff13ce59000 ---p 00000000 00:00 0 
7ff13ce59000-7ff13cf57000 rw-p 00000000 00:00 0                          [stack:4630]
7ff13cf57000-7ff13cf5a000 ---p 00000000 00:00 0 
7ff13cf5a000-7ff13d058000 rw-p 00000000 00:00 0                          [stack:4629]
7ff13d058000-7ff13d05b000 ---p 00000000 00:00 0 
7ff13d05b000-7ff13d159000 rw-p 00000000 00:00 0                          [stack:4628]
7ff13d159000-7ff13d15c000 ---p 00000000 00:00 0 
7ff13d15c000-7ff13d25a000 rw-p 00000000 00:00 0                          [stack:4627]
7ff13d25a000-7ff13d25d000 ---p 00000000 00:00 0 
7ff13d25d000-7ff13d35b000 rw-p 00000000 00:00 0                          [stack:4626]
7ff13d35b000-7ff13d35e000 ---p 00000000 00:00 0 
7ff13d35e000-7ff13d45c000 rw-p 00000000 00:00 0                          [stack:4625]
7ff13d45c000-7ff13d45f000 ---p 00000000 00:00 0 
7ff13d45f000-7ff13d55d000 rw-p 00000000 00:00 0                          [stack:4624]
7ff13d55d000-7ff13d560000 ---p 00000000 00:00 0 
7ff13d560000-7ff13d65e000 rw-p 00000000 00:00 0                          [stack:4623]
7ff13d65e000-7ff13d661000 ---p 00000000 00:00 0 
7ff13d661000-7ff13d75f000 rw-p 00000000 00:00 0                          [stack:4622]
7ff13d75f000-7ff13d762000 ---p 00000000 00:00 0 
7ff13d762000-7ff13d860000 rw-p 00000000 00:00 0                          [stack:4621]
7ff13d860000-7ff13d863000 ---p 00000000 00:00 0 
7ff13d863000-7ff13d961000 rw-p 00000000 00:00 0                          [stack:4620]
7ff13d961000-7ff13d964000 ---p 00000000 00:00 0 
7ff13d964000-7ff13da62000 rw-p 00000000 00:00 0                          [stack:4619]
7ff13da62000-7ff13da65000 ---p 00000000 00:00 0 
7ff13da65000-7ff13db63000 rw-p 00000000 00:00 0                          [stack:4618]
7ff13db63000-7ff13db66000 ---p 00000000 00:00 0 
7ff13db66000-7ff13dc64000 rw-p 00000000 00:00 0                          [stack:4617]
7ff13dc64000-7ff13dc67000 ---p 00000000 00:00 0 
7ff13dc67000-7ff13dd65000 rw-p 00000000 00:00 0                          [stack:4616]
7ff13dd65000-7ff13dd68000 ---p 00000000 00:00 0 
7ff13dd68000-7ff13de66000 rw-p 00000000 00:00 0                          [stack:4615]
7ff13de66000-7ff13de69000 ---p 00000000 00:00 0 
7ff13de69000-7ff13df67000 rw-p 00000000 00:00 0                          [stack:4614]
7ff13df67000-7ff13df6a000 ---p 00000000 00:00 0 
7ff13df6a000-7ff13e068000 rw-p 00000000 00:00 0                          [stack:4613]
7ff13e068000-7ff13e06b000 ---p 00000000 00:00 0 
7ff13e06b000-7ff13e169000 rw-p 00000000 00:00 0                          [stack:4612]
7ff13e169000-7ff13e16c000 ---p 00000000 00:00 0 
7ff13e16c000-7ff13e26a000 rw-p 00000000 00:00 0                          [stack:4611]
7ff13e26a000-7ff13e26d000 ---p 00000000 00:00 0 
7ff13e26d000-7ff13e36b000 rw-p 00000000 00:00 0                          [stack:4610]
7ff13e36b000-7ff13e36e000 ---p 00000000 00:00 0 
7ff13e36e000-7ff13e46c000 rw-p 00000000 00:00 0                          [stack:4609]
7ff13e46c000-7ff13e46f000 ---p 00000000 00:00 0 
7ff13e46f000-7ff13e56d000 rw-p 00000000 00:00 0                          [stack:4607]
7ff13e56d000-7ff13e570000 ---p 00000000 00:00 0 
7ff13e570000-7ff13e66e000 rw-p 00000000 00:00 0                          [stack:4606]
7ff13e66e000-7ff13e671000 ---p 00000000 00:00 0 
7ff13e671000-7ff13e76f000 rw-p 00000000 00:00 0                          [stack:4605]
7ff13e76f000-7ff13e772000 ---p 00000000 00:00 0 
7ff13e772000-7ff13e870000 rw-p 00000000 00:00 0                          [stack:4604]
7ff13e870000-7ff13e873000 ---p 00000000 00:00 0 
7ff13e873000-7ff13e971000 rw-p 00000000 00:00 0                          [stack:4599]
7ff13e971000-7ff13e974000 ---p 00000000 00:00 0 
7ff13e974000-7ff13ea72000 rw-p 00000000 00:00 0                          [stack:4595]
7ff13ea72000-7ff13ea75000 ---p 00000000 00:00 0 
7ff13ea75000-7ff13eb73000 rw-p 00000000 00:00 0                          [stack:4593]
7ff13eb73000-7ff13eb76000 ---p 00000000 00:00 0 
7ff13eb76000-7ff13ec74000 rw-p 00000000 00:00 0                          [stack:4590]
7ff13ec74000-7ff13ec7e000 r--s 00203000 08:09 1832821                    /usr/lib/jvm/java-7-openjdk-amd64/jre/lib/charsets.jar
7ff13ec7e000-7ff13ec87000 r--s 000b9000 08:09 1832800                    /usr/lib/jvm/java-7-openjdk-amd64/jre/lib/resources.jar
7ff13ec87000-7ff13ec8e000 r--s 00000000 08:09 2100353                    /usr/lib/x86_64-linux-gnu/gconv/gconv-modules.cache
7ff13ec8e000-7ff13ecb3000 r--p 00000000 08:09 2233091                    /usr/share/locale-langpack/pl/LC_MESSAGES/libc.mo
7ff13ecb3000-7ff13ecb4000 ---p 00000000 00:00 0 
7ff13ecb4000-7ff13edb4000 rw-p 00000000 00:00 0                          [stack:4581]
7ff13edb4000-7ff13edb7000 ---p 00000000 00:00 0 
7ff13edb7000-7ff13eeb5000 rw-p 00000000 00:00 0                          [stack:4580]
7ff13eeb5000-7ff13eeb8000 ---p 00000000 00:00 0 
7ff13eeb8000-7ff13efb6000 rw-p 00000000 00:00 0                          [stack:4579]
7ff13efb6000-7ff13efb9000 ---p 00000000 00:00 0 
7ff13efb9000-7ff13f0b7000 rw-p 00000000 00:00 0                          [stack:4578]
7ff13f0b7000-7ff13f0bb000 r--s 0004d000 08:09 1832818                    /usr/lib/jvm/java-7-openjdk-amd64/jre/lib/jsse.jar
7ff13f0bb000-7ff13f0bc000 r--s 00003000 08:09 1702004                    /home/luke/.m2/repository/org/apache/geronimo/specs/geronimo-jta_1.1_spec/1.1.1/geronimo-jta_1.1_spec-1.1.1.jar
7ff13f0bc000-7ff13f0c0000 r--s 00017000 08:09 1447660                    /home/luke/.m2/repository/org/neo4j/neo4j-primitive-collections/2.1.5/neo4j-primitive-collections-2.1.5.jar
7ff13f0c0000-7ff13f0fa000 r--s 00257000 08:09 1447655                    /home/luke/.m2/repository/org/neo4j/neo4j-kernel/2.1.5/neo4j-kernel-2.1.5.jar
7ff13f0fa000-7ff13f0fb000 r--s 00005000 08:09 1580422                    /home/luke/.m2/repository/io/airlift/floatingdecimal/0.2/floatingdecimal-0.2.jar
7ff13f0fb000-7ff13f103000 r--s 0003a000 08:09 1983903                    /home/luke/.m2/repository/org/springframework/boot/spring-boot-actuator/1.2.1.RELEASE/spring-boot-actuator-1.2.1.RELEASE.jar
7ff13f103000-7ff13f104000 r--s 00000000 08:09 1983884                    /home/luke/.m2/repository/org/springframework/boot/spring-boot-starter-actuator/1.2.1.RELEASE/spring-boot-starter-actuator-1.2.1.RELEASE.jar
7ff13f104000-7ff13f10d000 r--s 0004f000 08:09 1445641                    /home/luke/.m2/repository/org/springframework/spring-aop/4.1.4.RELEASE/spring-aop-4.1.4.RELEASE.jar
7ff13f10d000-7ff13f117000 r--s 0004a000 08:09 1574167                    /home/luke/.m2/repository/org/springframework/security/spring-security-web/3.2.5.RELEASE/spring-security-web-3.2.5.RELEASE.jar
7ff13f117000-7ff13f122000 r--s 0004f000 08:09 1574156                    /home/luke/.m2/repository/org/springframework/security/spring-security-core/3.2.5.RELEASE/spring-security-core-3.2.5.RELEASE.jar
7ff13f122000-7ff13f124000 r--s 00000000 08:09 1312943                    /home/luke/.m2/repository/aopalliance/aopalliance/1.0/aopalliance-1.0.jar
7ff13f124000-7ff13f12c000 r--s 0005c000 08:09 1574135                    /home/luke/.m2/repository/org/springframework/security/spring-security-config/3.2.5.RELEASE/spring-security-config-3.2.5.RELEASE.jar
7ff13f12c000-7ff13f131000 r--s 0003b000 08:09 1573023                    /home/luke/.m2/repository/org/springframework/spring-expression/4.1.4.RELEASE/spring-expression-4.1.4.RELEASE.jar
7ff13f131000-7ff13f149000 r--s 000e3000 08:09 1572965                    /home/luke/.m2/repository/org/springframework/spring-context/4.1.4.RELEASE/spring-context-4.1.4.RELEASE.jar
7ff13f149000-7ff13f156000 r--s 000a0000 08:09 1572854                    /home/luke/.m2/repository/org/springframework/spring-beans/4.1.4.RELEASE/spring-beans-4.1.4.RELEASE.jar
7ff13f156000-7ff13f157000 r--s 00000000 08:09 1573594                    /home/luke/.m2/repository/org/springframework/boot/spring-boot-starter-security/1.2.1.RELEASE/spring-boot-starter-security-1.2.1.RELEASE.jar
7ff13f157000-7ff13f15b000 r--s 00033000 08:09 1714608                    /home/luke/.m2/repository/org/glassfish/javax.el/3.0.0/javax.el-3.0.0.jar
7ff13f15b000-7ff13f15e000 r--s 00015000 08:09 1579227                    /home/luke/.m2/repository/javax/servlet/javax.servlet-api/3.1.0/javax.servlet-api-3.1.0.jar
7ff13f15e000-7ff13f160000 r--s 00009000 08:09 1574703                    /home/luke/.m2/repository/org/jboss/spec/javax/websocket/jboss-websocket-api_1.1_spec/1.1.0.Final/jboss-websocket-api_1.1_spec-1.1.0.Final.jar
7ff13f160000-7ff13f164000 r--s 00021000 08:09 1579421                    /home/luke/.m2/repository/io/undertow/undertow-websockets-jsr/1.1.1.Final/undertow-websockets-jsr-1.1.1.Final.jar
7ff13f164000-7ff13f165000 r--s 00004000 08:09 1574606                    /home/luke/.m2/repository/org/jboss/spec/javax/annotation/jboss-annotations-api_1.2_spec/1.0.0.Final/jboss-annotations-api_1.2_spec-1.0.0.Final.jar
7ff13f165000-7ff13f16d000 r--s 0005a000 08:09 1579410                    /home/luke/.m2/repository/io/undertow/undertow-servlet/1.1.1.Final/undertow-servlet-1.1.1.Final.jar
7ff13f16d000-7ff13f170000 r--s 00016000 08:09 1577777                    /home/luke/.m2/repository/org/jboss/xnio/xnio-nio/3.3.0.Final/xnio-nio-3.3.0.Final.jar
7ff13f170000-7ff13f179000 r--s 00073000 08:09 1577650                    /home/luke/.m2/repository/org/jboss/xnio/xnio-api/3.3.0.Final/xnio-api-3.3.0.Final.jar
7ff13f179000-7ff13f194000 r--s 00156000 08:09 1579386                    /home/luke/.m2/repository/io/undertow/undertow-core/1.1.1.Final/undertow-core-1.1.1.Final.jar
7ff13f194000-7ff13f195000 r--s 00000000 08:09 1573886                    /home/luke/.m2/repository/org/springframework/boot/spring-boot-starter-undertow/1.2.1.RELEASE/spring-boot-starter-undertow-1.2.1.RELEASE.jar
7ff13f195000-7ff13f196000 r--s 00007000 08:09 2225292                    /home/luke/.m2/repository/com/fasterxml/jackson/module/jackson-module-jaxb-annotations/2.3.2/jackson-module-jaxb-annotations-2.3.2.jar
7ff13f196000-7ff13f198000 r--s 00003000 08:09 2225280                    /home/luke/.m2/repository/com/fasterxml/jackson/jaxrs/jackson-jaxrs-json-provider/2.3.2/jackson-jaxrs-json-provider-2.3.2.jar
7ff13f198000-7ff13f199000 r--s 00006000 08:09 2224251                    /home/luke/.m2/repository/com/fasterxml/jackson/jaxrs/jackson-jaxrs-base/2.3.2/jackson-jaxrs-base-2.3.2.jar
7ff13f199000-7ff13f19a000 r--s 00001000 08:09 1714773                    /home/luke/.m2/repository/org/glassfish/jersey/media/jersey-media-json-jackson/2.14/jersey-media-json-jackson-2.14.jar
7ff13f19a000-7ff13f19c000 r--s 00002000 08:09 1715097                    /home/luke/.m2/repository/org/glassfish/hk2/spring-bridge/2.4.0-b06/spring-bridge-2.4.0-b06.jar
7ff13f19c000-7ff13f1a3000 r--s 0005b000 08:09 1714971                    /home/luke/.m2/repository/org/glassfish/hk2/external/asm-all-repackaged/2.4.0-b06/asm-all-repackaged-2.4.0-b06.jar
7ff13f1a3000-7ff13f1a6000 r--s 00013000 08:09 1715086                    /home/luke/.m2/repository/org/glassfish/hk2/class-model/2.4.0-b06/class-model-2.4.0-b06.jar
7ff13f1a6000-7ff13f1a8000 r--s 0000c000 08:09 1715075                    /home/luke/.m2/repository/org/glassfish/hk2/hk2-runlevel/2.4.0-b06/hk2-runlevel-2.4.0-b06.jar
7ff13f1a8000-7ff13f1bb000 r--s 000b4000 08:09 1714960                    /home/luke/.m2/repository/org/glassfish/hk2/external/bean-validator/2.4.0-b06/bean-validator-2.4.0-b06.jar
7ff13f1bb000-7ff13f1bd000 r--s 00003000 08:09 1578990                    /home/luke/.m2/repository/org/jvnet/tiger-types/1.4/tiger-types-1.4.jar
7ff13f1bd000-7ff13f1c1000 r--s 0002e000 08:09 1715053                    /home/luke/.m2/repository/org/glassfish/hk2/hk2-config/2.4.0-b06/hk2-config-2.4.0-b06.jar
7ff13f1c1000-7ff13f1c4000 r--s 0001a000 08:09 1715064                    /home/luke/.m2/repository/org/glassfish/hk2/core/2.4.0-b06/core-2.4.0-b06.jar
7ff13f1c4000-7ff13f1c5000 r--s 00001000 08:09 1715021                    /home/luke/.m2/repository/org/glassfish/hk2/config-types/2.4.0-b06/config-types-2.4.0-b06.jar
7ff13f1c5000-7ff13f1c6000 r--s 00000000 08:09 1715010                    /home/luke/.m2/repository/org/glassfish/hk2/hk2/2.4.0-b06/hk2-2.4.0-b06.jar
7ff13f1c6000-7ff13f1c8000 r--s 00004000 08:09 1714806                    /home/luke/.m2/repository/org/glassfish/jersey/ext/jersey-spring3/2.14/jersey-spring3-2.14.jar
7ff13f1c8000-7ff13f1c9000 r--s 00003000 08:09 1714829                    /home/luke/.m2/repository/org/glassfish/jersey/containers/jersey-container-servlet/2.14/jersey-container-servlet-2.14.jar
7ff13f1c9000-7ff13f1cb000 r--s 0000c000 08:09 1714818                    /home/luke/.m2/repository/org/glassfish/jersey/containers/jersey-container-servlet-core/2.14/jersey-container-servlet-core-2.14.jar
7ff13f1cb000-7ff13f1ce000 r--s 00027000 08:09 1714990                    /home/luke/.m2/repository/org/glassfish/hk2/hk2-locator/2.4.0-b06/hk2-locator-2.4.0-b06.jar
7ff13f1ce000-7ff13f1cf000 r--s 00001000 08:09 1714943                    /home/luke/.m2/repository/org/glassfish/hk2/external/javax.inject/2.4.0-b06/javax.inject-2.4.0-b06.jar
7ff13f1cf000-7ff13f1d1000 r--s 00002000 08:09 1714919                    /home/luke/.m2/repository/org/glassfish/hk2/external/aopalliance-repackaged/2.4.0-b06/aopalliance-repackaged-2.4.0-b06.jar
7ff13f1d1000-7ff13f1d4000 r--s 00013000 08:09 1714899                    /home/luke/.m2/repository/org/glassfish/hk2/hk2-utils/2.4.0-b06/hk2-utils-2.4.0-b06.jar
7ff13f1d4000-7ff13f1d9000 r--s 00026000 08:09 1714868                    /home/luke/.m2/repository/org/glassfish/hk2/hk2-api/2.4.0-b06/hk2-api-2.4.0-b06.jar
7ff13f1d9000-7ff13f1db000 r--s 00005000 08:09 1446191                    /home/luke/.m2/repository/javax/annotation/javax.annotation-api/1.2/javax.annotation-api-1.2.jar
7ff13f1db000-7ff13f1df000 r--s 00019000 08:09 1446161                    /home/luke/.m2/repository/javax/ws/rs/javax.ws.rs-api/2.0.1/javax.ws.rs-api-2.0.1.jar
7ff13f1df000-7ff13f1e3000 r--s 00022000 08:09 1714653                    /home/luke/.m2/repository/org/glassfish/jersey/core/jersey-client/2.14/jersey-client-2.14.jar
7ff13f1e3000-7ff13f1e4000 r--s 00004000 08:09 1714999                    /home/luke/.m2/repository/org/glassfish/hk2/osgi-resource-locator/1.0.1/osgi-resource-locator-1.0.1.jar
7ff13f1e4000-7ff13f1fb000 r--s 000d4000 08:09 1714716                    /home/luke/.m2/repository/org/glassfish/jersey/bundles/repackaged/jersey-guava/2.14/jersey-guava-2.14.jar
7ff13f1fb000-7ff13f209000 r--s 000a3000 08:09 1714672                    /home/luke/.m2/repository/org/glassfish/jersey/core/jersey-common/2.14/jersey-common-2.14.jar
7ff13f209000-7ff13f21e000 r--s 000cd000 08:09 1714683                    /home/luke/.m2/repository/org/glassfish/jersey/core/jersey-server/2.14/jersey-server-2.14.jar
7ff13f21e000-7ff13f21f000 r--s 00000000 08:09 1573875                    /home/luke/.m2/repository/org/springframework/boot/spring-boot-starter-jersey/1.2.1.RELEASE/spring-boot-starter-jersey-1.2.1.RELEASE.jar
7ff13f21f000-7ff13f221000 r--s 0000d000 08:09 2117664                    /home/luke/.m2/repository/org/rxtx/rxtx/2.1.7/rxtx-2.1.7.jar
7ff13f221000-7ff13f225000 r--s 00021000 08:09 2233892                    /home/luke/.m2/repository/net/wimpi/jamod/1.2/jamod-1.2.jar
7ff13f225000-7ff13f227000 r--s 00005000 08:09 2233931                    /home/luke/.m2/repository/stax/stax-api/1.0.1/stax-api-1.0.1.jar
7ff13f227000-7ff13f265000 r--s 0025d000 08:09 1977490                    /home/luke/.m2/repository/org/apache/xmlbeans/xmlbeans/2.6.0/xmlbeans-2.6.0.jar
7ff13f265000-7ff13f31d000 r--s 0049f000 08:09 1976477                    /home/luke/.m2/repository/org/apache/poi/poi-ooxml-schemas/3.11/poi-ooxml-schemas-3.11.jar
7ff13f31d000-7ff13f32c000 r--s 00119000 08:09 1976468                    /home/luke/.m2/repository/org/apache/poi/poi-ooxml/3.11/poi-ooxml-3.11.jar
7ff13f32c000-7ff13f34e000 r--s 001da000 08:09 1976470                    /home/luke/.m2/repository/org/apache/poi/poi/3.11/poi-3.11.jar
7ff13f34e000-7ff13f35c000 r--s 0018f000 08:09 2118495                    /home/luke/.m2/repository/com/h2database/h2/1.4.184/h2-1.4.184.jar
7ff13f35c000-7ff13f366000 r--s 000a5000 08:09 2117059                    /home/luke/.m2/repository/org/javassist/javassist/3.18.1-GA/javassist-3.18.1-GA.jar
7ff13f366000-7ff13f376000 r-xp 00000000 08:09 1832830                    /usr/lib/jvm/java-7-openjdk-amd64/jre/lib/amd64/libnio.so
7ff13f376000-7ff13f576000 ---p 00010000 08:09 1832830                    /usr/lib/jvm/java-7-openjdk-amd64/jre/lib/amd64/libnio.so
7ff13f576000-7ff13f577000 r--p 00010000 08:09 1832830                    /usr/lib/jvm/java-7-openjdk-amd64/jre/lib/amd64/libnio.so
7ff13f577000-7ff13f578000 rw-p 00011000 08:09 1832830                    /usr/lib/jvm/java-7-openjdk-amd64/jre/lib/amd64/libnio.so
7ff13f578000-7ff13f5b5000 r-xp 00000000 08:09 2751497                    /lib/x86_64-linux-gnu/libpcre.so.3.13.1
7ff13f5b5000-7ff13f7b4000 ---p 0003d000 08:09 2751497                    /lib/x86_64-linux-gnu/libpcre.so.3.13.1
7ff13f7b4000-7ff13f7b5000 r--p 0003c000 08:09 2751497                    /lib/x86_64-linux-gnu/libpcre.so.3.13.1
7ff13f7b5000-7ff13f7b6000 rw-p 0003d000 08:09 2751497                    /lib/x86_64-linux-gnu/libpcre.so.3.13.1
7ff13f7b6000-7ff13f7bd000 r-xp 00000000 08:09 1709890                    /usr/lib/x86_64-linux-gnu/libffi.so.6.0.1
7ff13f7bd000-7ff13f9bc000 ---p 00007000 08:09 1709890                    /usr/lib/x86_64-linux-gnu/libffi.so.6.0.1
7ff13f9bc000-7ff13f9bd000 r--p 00006000 08:09 1709890                    /usr/lib/x86_64-linux-gnu/libffi.so.6.0.1
7ff13f9bd000-7ff13f9be000 rw-p 00007000 08:09 1709890                    /usr/lib/x86_64-linux-gnu/libffi.so.6.0.1
7ff13f9be000-7ff13f9d5000 r-xp 00000000 08:09 2762485                    /lib/x86_64-linux-gnu/libresolv-2.19.so
7ff13f9d5000-7ff13fbd5000 ---p 00017000 08:09 2762485                    /lib/x86_64-linux-gnu/libresolv-2.19.so
7ff13fbd5000-7ff13fbd6000 r--p 00017000 08:09 2762485                    /lib/x86_64-linux-gnu/libresolv-2.19.so
7ff13fbd6000-7ff13fbd7000 rw-p 00018000 08:09 2762485                    /lib/x86_64-linux-gnu/libresolv-2.19.so
7ff13fbd7000-7ff13fbd9000 rw-p 00000000 00:00 0 
7ff13fbd9000-7ff13fbf9000 r-xp 00000000 08:09 2751524                    /lib/x86_64-linux-gnu/libselinux.so.1
7ff13fbf9000-7ff13fdf8000 ---p 00020000 08:09 2751524                    /lib/x86_64-linux-gnu/libselinux.so.1
7ff13fdf8000-7ff13fdf9000 r--p 0001f000 08:09 2751524                    /lib/x86_64-linux-gnu/libselinux.so.1
7ff13fdf9000-7ff13fdfa000 rw-p 00020000 08:09 2751524                    /lib/x86_64-linux-gnu/libselinux.so.1
7ff13fdfa000-7ff13fdfc000 rw-p 00000000 00:00 0 
7ff13fdfc000-7ff13fdff000 r-xp 00000000 08:09 1710024                    /usr/lib/x86_64-linux-gnu/libgmodule-2.0.so.0.4002.0
7ff13fdff000-7ff13fffe000 ---p 00003000 08:09 1710024                    /usr/lib/x86_64-linux-gnu/libgmodule-2.0.so.0.4002.0
7ff13fffe000-7ff13ffff000 r--p 00002000 08:09 1710024                    /usr/lib/x86_64-linux-gnu/libgmodule-2.0.so.0.4002.0
7ff13ffff000-7ff140000000 rw-p 00003000 08:09 1710024                    /usr/lib/x86_64-linux-gnu/libgmodule-2.0.so.0.4002.0
7ff140000000-7ff140052000 rw-p 00000000 00:00 0 
7ff140052000-7ff144000000 ---p 00000000 00:00 0 
7ff144000000-7ff144007000 r--s 0003a000 08:09 1978797                    /home/luke/.m2/repository/commons-codec/commons-codec/1.9/commons-codec-1.9.jar
7ff144007000-7ff144008000 r--s 00007000 08:09 1578682                    /home/luke/.m2/repository/org/slf4j/slf4j-api/1.7.8/slf4j-api-1.7.8.jar
7ff144008000-7ff14400b000 r--s 00014000 08:09 2118747                    /home/luke/.m2/repository/com/zaxxer/HikariCP-java6/2.3.0/HikariCP-java6-2.3.0.jar
7ff14400b000-7ff14400d000 r--s 0000c000 08:09 1574285                    /home/luke/.m2/repository/org/springframework/spring-aspects/4.1.4.RELEASE/spring-aspects-4.1.4.RELEASE.jar
7ff14400d000-7ff14400f000 r--s 00003000 08:09 1578849                    /home/luke/.m2/repository/org/slf4j/jcl-over-slf4j/1.7.8/jcl-over-slf4j-1.7.8.jar
7ff14400f000-7ff14401c000 r--s 0006d000 08:09 1574070                    /home/luke/.m2/repository/org/springframework/data/spring-data-commons/1.9.1.RELEASE/spring-data-commons-1.9.1.RELEASE.jar
7ff14401c000-7ff144022000 r--s 00030000 08:09 1574106                    /home/luke/.m2/repository/org/springframework/data/spring-data-jpa/1.7.1.RELEASE/spring-data-jpa-1.7.1.RELEASE.jar
7ff144022000-7ff14402a000 r--s 00054000 08:09 1573208                    /home/luke/.m2/repository/org/springframework/spring-orm/4.1.4.RELEASE/spring-orm-4.1.4.RELEASE.jar
7ff14402a000-7ff14402c000 r--s 00006000 08:09 1579189                    /home/luke/.m2/repository/javax/transaction/javax.transaction-api/1.2/javax.transaction-api-1.2.jar
7ff14402c000-7ff144031000 r--s 00017000 08:09 1445834                    /home/luke/.m2/repository/org/hibernate/javax/persistence/hibernate-jpa-2.1-api/1.0.0.Final/hibernate-jpa-2.1-api-1.0.0.Final.jar
7ff144031000-7ff144034000 r--s 00010000 08:09 1445814                    /home/luke/.m2/repository/org/hibernate/common/hibernate-commons-annotations/4.0.5.Final/hibernate-commons-annotations-4.0.5.Final.jar
7ff144034000-7ff144039000 r--s 00016000 08:09 2233977                    /home/luke/.m2/repository/xml-apis/xml-apis/1.0.b2/xml-apis-1.0.b2.jar
7ff144039000-7ff14403e000 r--s 00048000 08:09 2233941                    /home/luke/.m2/repository/dom4j/dom4j/1.6.1/dom4j-1.6.1.jar
7ff14403e000-7ff144040000 r--s 00011000 08:09 1578081                    /home/luke/.m2/repository/org/jboss/jandex/1.1.0.Final/jandex-1.1.0.Final.jar
7ff144040000-7ff144045000 r--s 00068000 08:09 1312869                    /home/luke/.m2/repository/antlr/antlr/2.7.7/antlr-2.7.7.jar
7ff144045000-7ff1440a3000 r--s 004a9000 08:09 1445758                    /home/luke/.m2/repository/org/hibernate/hibernate-core/4.3.7.Final/hibernate-core-4.3.7.Final.jar
7ff1440a3000-7ff1440a4000 r--s 00002000 08:09 1577343                    /home/luke/.m2/repository/org/jboss/logging/jboss-logging-annotations/1.2.0.Beta1/jboss-logging-annotations-1.2.0.Beta1.jar
7ff1440a4000-7ff1440b2000 r--s 00091000 08:09 1445713                    /home/luke/.m2/repository/org/hibernate/hibernate-entitymanager/4.3.7.Final/hibernate-entitymanager-4.3.7.Final.jar
7ff1440b2000-7ff1440b9000 r--s 00037000 08:09 1573160                    /home/luke/.m2/repository/org/springframework/spring-tx/4.1.4.RELEASE/spring-tx-4.1.4.RELEASE.jar
7ff1440b9000-7ff1440bb000 r--s 00009000 08:09 1977872                    /home/luke/.m2/repository/org/apache/tomcat/tomcat-juli/8.0.15/tomcat-juli-8.0.15.jar
7ff1440bb000-7ff1440bd000 r--s 0001f000 08:09 1977851                    /home/luke/.m2/repository/org/apache/tomcat/tomcat-jdbc/8.0.15/tomcat-jdbc-8.0.15.jar
7ff1440bd000-7ff1440c7000 r--s 0005f000 08:09 1573113                    /home/luke/.m2/repository/org/springframework/spring-jdbc/4.1.4.RELEASE/spring-jdbc-4.1.4.RELEASE.jar
7ff1440c7000-7ff1440c8000 r--s 00000000 08:09 1573843                    /home/luke/.m2/repository/org/springframework/boot/spring-boot-starter-jdbc/1.2.1.RELEASE/spring-boot-starter-jdbc-1.2.1.RELEASE.jar
7ff1440c8000-7ff1440e1000 r--s 001ae000 08:09 2117823                    /home/luke/.m2/repository/org/aspectj/aspectjweaver/1.8.4/aspectjweaver-1.8.4.jar
7ff1440e1000-7ff1440e5000 r--s 00019000 08:09 2117766                    /home/luke/.m2/repository/org/aspectj/aspectjrt/1.8.4/aspectjrt-1.8.4.jar
7ff1440e5000-7ff1440e6000 r--s 00000000 08:09 1573822                    /home/luke/.m2/repository/org/springframework/boot/spring-boot-starter-aop/1.2.1.RELEASE/spring-boot-starter-aop-1.2.1.RELEASE.jar
7ff1440e6000-7ff1440f5000 r--s 000b0000 08:09 1573352                    /home/luke/.m2/repository/org/springframework/spring-webmvc/4.1.4.RELEASE/spring-webmvc-4.1.4.RELEASE.jar
7ff1440f5000-7ff144105000 r--s 0009f000 08:09 1573295                    /home/luke/.m2/repository/org/springframework/spring-web/4.1.4.RELEASE/spring-web-4.1.4.RELEASE.jar
7ff144105000-7ff144119000 r--s 000e2000 08:09 1572912                    /home/luke/.m2/repository/org/springframework/spring-core/4.1.4.RELEASE/spring-core-4.1.4.RELEASE.jar
7ff144119000-7ff14411b000 r--s 0000d000 08:09 2225325                    /home/luke/.m2/repository/com/fasterxml/classmate/1.0.0/classmate-1.0.0.jar
7ff14411b000-7ff14411d000 r--s 0000c000 08:09 1577299                    /home/luke/.m2/repository/org/jboss/logging/jboss-logging/3.1.3.GA/jboss-logging-3.1.3.GA.jar
7ff14411d000-7ff144121000 r--s 0000c000 08:09 1446051                    /home/luke/.m2/repository/javax/validation/validation-api/1.1.0.Final/validation-api-1.1.0.Final.jar
7ff144121000-7ff14412f000 r--s 0008d000 08:09 1445863                    /home/luke/.m2/repository/org/hibernate/hibernate-validator/5.1.3.Final/hibernate-validator-5.1.3.Final.jar
7ff14412f000-7ff144133000 r--s 00034000 08:09 2118684                    /home/luke/.m2/repository/com/fasterxml/jackson/core/jackson-core/2.4.4/jackson-core-2.4.4.jar
7ff144133000-7ff144144000 r--s 000f6000 08:09 2118642                    /home/luke/.m2/repository/com/fasterxml/jackson/core/jackson-databind/2.4.4/jackson-databind-2.4.4.jar
7ff144144000-7ff144149000 r--s 00034000 08:09 1977830                    /home/luke/.m2/repository/org/apache/tomcat/embed/tomcat-embed-websocket/8.0.15/tomcat-embed-websocket-8.0.15.jar
7ff144149000-7ff14416e000 r--s 0028d000 08:09 1977777                    /home/luke/.m2/repository/org/apache/tomcat/embed/tomcat-embed-core/8.0.15/tomcat-embed-core-8.0.15.jar
7ff14416e000-7ff14419f000 rw-p 00000000 00:00 0 
7ff14419f000-7ff1442a5000 r-xp 00000000 08:09 2751424                    /lib/x86_64-linux-gnu/libglib-2.0.so.0.4002.0
7ff1442a5000-7ff1444a4000 ---p 00106000 08:09 2751424                    /lib/x86_64-linux-gnu/libglib-2.0.so.0.4002.0
7ff1444a4000-7ff1444a5000 r--p 00105000 08:09 2751424                    /lib/x86_64-linux-gnu/libglib-2.0.so.0.4002.0
7ff1444a5000-7ff1444a6000 rw-p 00106000 08:09 2751424                    /lib/x86_64-linux-gnu/libglib-2.0.so.0.4002.0
7ff1444a6000-7ff1444a7000 rw-p 00000000 00:00 0 
7ff1444a7000-7ff1444f6000 r-xp 00000000 08:09 1710048                    /usr/lib/x86_64-linux-gnu/libgobject-2.0.so.0.4002.0
7ff1444f6000-7ff1446f6000 ---p 0004f000 08:09 1710048                    /usr/lib/x86_64-linux-gnu/libgobject-2.0.so.0.4002.0
7ff1446f6000-7ff1446f7000 r--p 0004f000 08:09 1710048                    /usr/lib/x86_64-linux-gnu/libgobject-2.0.so.0.4002.0
7ff1446f7000-7ff1446f8000 rw-p 00050000 08:09 1710048                    /usr/lib/x86_64-linux-gnu/libgobject-2.0.so.0.4002.0
7ff1446f8000-7ff144864000 r-xp 00000000 08:09 1710008                    /usr/lib/x86_64-linux-gnu/libgio-2.0.so.0.4002.0
7ff144864000-7ff144a63000 ---p 0016c000 08:09 1710008                    /usr/lib/x86_64-linux-gnu/libgio-2.0.so.0.4002.0
7ff144a63000-7ff144a67000 r--p 0016b000 08:09 1710008                    /usr/lib/x86_64-linux-gnu/libgio-2.0.so.0.4002.0
7ff144a67000-7ff144a69000 rw-p 0016f000 08:09 1710008                    /usr/lib/x86_64-linux-gnu/libgio-2.0.so.0.4002.0
7ff144a69000-7ff144a6b000 rw-p 00000000 00:00 0 
7ff144a6b000-7ff144a82000 r-xp 00000000 08:09 1832834                    /usr/lib/jvm/java-7-openjdk-amd64/jre/lib/amd64/libnet.so
7ff144a82000-7ff144c81000 ---p 00017000 08:09 1832834                    /usr/lib/jvm/java-7-openjdk-amd64/jre/lib/amd64/libnet.so
7ff144c81000-7ff144c82000 r--p 00016000 08:09 1832834                    /usr/lib/jvm/java-7-openjdk-amd64/jre/lib/amd64/libnet.so
7ff144c82000-7ff144c83000 rw-p 00017000 08:09 1832834                    /usr/lib/jvm/java-7-openjdk-amd64/jre/lib/amd64/libnet.so
7ff144c83000-7ff144c8b000 r-xp 00000000 08:09 1832841                    /usr/lib/jvm/java-7-openjdk-amd64/jre/lib/amd64/libmanagement.so
7ff144c8b000-7ff144e8a000 ---p 00008000 08:09 1832841                    /usr/lib/jvm/java-7-openjdk-amd64/jre/lib/amd64/libmanagement.so
7ff144e8a000-7ff144e8b000 r--p 00007000 08:09 1832841                    /usr/lib/jvm/java-7-openjdk-amd64/jre/lib/amd64/libmanagement.so
7ff144e8b000-7ff144e8c000 rw-p 00008000 08:09 1832841                    /usr/lib/jvm/java-7-openjdk-amd64/jre/lib/amd64/libmanagement.so
7ff144e8c000-7ff144e8f000 ---p 00000000 00:00 0 
7ff144e8f000-7ff144f8d000 rw-p 00000000 00:00 0                          [stack:4577]
7ff144f8d000-7ff144f90000 ---p 00000000 00:00 0 
7ff144f90000-7ff14508e000 rw-p 00000000 00:00 0                          [stack:4576]
7ff14508e000-7ff145091000 ---p 00000000 00:00 0 
7ff145091000-7ff14518f000 rw-p 00000000 00:00 0                          [stack:4575]
7ff14518f000-7ff145192000 ---p 00000000 00:00 0 
7ff145192000-7ff145290000 rw-p 00000000 00:00 0                          [stack:4574]
7ff145290000-7ff14568a000 r--p 00000000 08:09 1707885                    /usr/lib/locale/locale-archive
7ff14568a000-7ff14568d000 ---p 00000000 00:00 0 
7ff14568d000-7ff14578b000 rw-p 00000000 00:00 0                          [stack:4573]
7ff14578b000-7ff14578e000 ---p 00000000 00:00 0 
7ff14578e000-7ff14588c000 rw-p 00000000 00:00 0                          [stack:4572]
7ff14588c000-7ff14588d000 ---p 00000000 00:00 0 
7ff14588d000-7ff148000000 rw-p 00000000 00:00 0                          [stack:4571]
7ff148000000-7ff148081000 rw-p 00000000 00:00 0 
7ff148081000-7ff14c000000 ---p 00000000 00:00 0 
7ff14c000000-7ff14c001000 r--s 00000000 08:09 1573801                    /home/luke/.m2/repository/org/springframework/boot/spring-boot-starter-data-jpa/1.2.1.RELEASE/spring-boot-starter-data-jpa-1.2.1.RELEASE.jar
7ff14c001000-7ff14c004000 r--s 00007000 08:09 2118663                    /home/luke/.m2/repository/com/fasterxml/jackson/core/jackson-annotations/2.4.4/jackson-annotations-2.4.4.jar
7ff14c004000-7ff14c006000 r--s 00009000 08:09 1977819                    /home/luke/.m2/repository/org/apache/tomcat/embed/tomcat-embed-logging-juli/8.0.15/tomcat-embed-logging-juli-8.0.15.jar
7ff14c006000-7ff14c00a000 r--s 00036000 08:09 1977798                    /home/luke/.m2/repository/org/apache/tomcat/embed/tomcat-embed-el/8.0.15/tomcat-embed-el-8.0.15.jar
7ff14c00a000-7ff14c00b000 r--s 00000000 08:09 1573758                    /home/luke/.m2/repository/org/springframework/boot/spring-boot-starter-tomcat/1.2.1.RELEASE/spring-boot-starter-tomcat-1.2.1.RELEASE.jar
7ff14c00b000-7ff14cc17000 rw-p 00000000 00:00 0 
7ff14cc17000-7ff14cdc9000 r--s 01d23000 08:09 1832796                    /usr/lib/jvm/java-7-openjdk-amd64/jre/lib/rt.jar
7ff14cdc9000-7ff14d000000 rw-p 00000000 00:00 0 
7ff14d000000-7ff14d7b0000 rwxp 00000000 00:00 0 
7ff14d7b0000-7ff151649000 rw-p 00000000 00:00 0 
7ff151649000-7ff154000000 ---p 00000000 00:00 0 
7ff154000000-7ff154007000 r--s 0003d000 08:09 2117696                    /home/luke/.m2/repository/org/yaml/snakeyaml/1.14/snakeyaml-1.14.jar
7ff154007000-7ff154011000 r--s 0005f000 08:09 2234256                    /home/luke/.m2/repository/ch/qos/logback/logback-core/1.1.2/logback-core-1.1.2.jar
7ff154011000-7ff154017000 r--s 0003d000 08:09 2234233                    /home/luke/.m2/repository/ch/qos/logback/logback-classic/1.1.2/logback-classic-1.1.2.jar
7ff154017000-7ff154018000 r--s 00005000 08:09 1578907                    /home/luke/.m2/repository/org/slf4j/log4j-over-slf4j/1.7.8/log4j-over-slf4j-1.7.8.jar
7ff154018000-7ff15401a000 r--s 00000000 08:09 1578886                    /home/luke/.m2/repository/org/slf4j/jul-to-slf4j/1.7.8/jul-to-slf4j-1.7.8.jar
7ff15401a000-7ff154029000 r--s 00064000 08:09 1573674                    /home/luke/.m2/repository/org/springframework/boot/spring-boot-autoconfigure/1.2.1.RELEASE/spring-boot-autoconfigure-1.2.1.RELEASE.jar
7ff154029000-7ff154033000 r--s 0005c000 08:09 1573653                    /home/luke/.m2/repository/org/springframework/boot/spring-boot/1.2.1.RELEASE/spring-boot-1.2.1.RELEASE.jar
7ff154033000-7ff15421a000 rw-p 00000000 00:00 0 
7ff15421a000-7ff15421b000 ---p 00000000 00:00 0 
7ff15421b000-7ff15431b000 rw-p 00000000 00:00 0                          [stack:4570]
7ff15431b000-7ff15431c000 ---p 00000000 00:00 0 
7ff15431c000-7ff15441c000 rw-p 00000000 00:00 0                          [stack:4569]
7ff15441c000-7ff15441d000 ---p 00000000 00:00 0 
7ff15441d000-7ff15451d000 rw-p 00000000 00:00 0                          [stack:4568]
7ff15451d000-7ff15451e000 ---p 00000000 00:00 0 
7ff15451e000-7ff154653000 rw-p 00000000 00:00 0                          [stack:4567]
7ff154653000-7ff154656000 ---p 00000000 00:00 0 
7ff154656000-7ff154671000 rw-p 00000000 00:00 0 
7ff154671000-7ff1546c8000 rw-p 00000000 00:00 0 
7ff1546c8000-7ff1547b4000 rw-p 00000000 00:00 0 
7ff1547b4000-7ff1547e9000 rw-p 00000000 00:00 0 
7ff1547e9000-7ff1547ec000 ---p 00000000 00:00 0 
7ff1547ec000-7ff154807000 rw-p 00000000 00:00 0 
7ff154807000-7ff15485e000 rw-p 00000000 00:00 0 
7ff15485e000-7ff154949000 rw-p 00000000 00:00 0 
7ff154949000-7ff1549eb000 rw-p 00000000 00:00 0 
7ff1549eb000-7ff1549ec000 rw-p 00000000 00:00 0 
7ff1549ec000-7ff1549f4000 r-xp 00000000 08:09 1832883                    /usr/lib/jvm/java-7-openjdk-amd64/jre/lib/amd64/libzip.so
7ff1549f4000-7ff154bf3000 ---p 00008000 08:09 1832883                    /usr/lib/jvm/java-7-openjdk-amd64/jre/lib/amd64/libzip.so
7ff154bf3000-7ff154bf4000 r--p 00007000 08:09 1832883                    /usr/lib/jvm/java-7-openjdk-amd64/jre/lib/amd64/libzip.so
7ff154bf4000-7ff154bf5000 rw-p 00008000 08:09 1832883                    /usr/lib/jvm/java-7-openjdk-amd64/jre/lib/amd64/libzip.so
7ff154bf5000-7ff154c00000 r-xp 00000000 08:09 2762511                    /lib/x86_64-linux-gnu/libnss_files-2.19.so
7ff154c00000-7ff154dff000 ---p 0000b000 08:09 2762511                    /lib/x86_64-linux-gnu/libnss_files-2.19.so
7ff154dff000-7ff154e00000 r--p 0000a000 08:09 2762511                    /lib/x86_64-linux-gnu/libnss_files-2.19.so
7ff154e00000-7ff154e01000 rw-p 0000b000 08:09 2762511                    /lib/x86_64-linux-gnu/libnss_files-2.19.so
7ff154e01000-7ff154e0c000 r-xp 00000000 08:09 2762729                    /lib/x86_64-linux-gnu/libnss_nis-2.19.so
7ff154e0c000-7ff15500b000 ---p 0000b000 08:09 2762729                    /lib/x86_64-linux-gnu/libnss_nis-2.19.so
7ff15500b000-7ff15500c000 r--p 0000a000 08:09 2762729                    /lib/x86_64-linux-gnu/libnss_nis-2.19.so
7ff15500c000-7ff15500d000 rw-p 0000b000 08:09 2762729                    /lib/x86_64-linux-gnu/libnss_nis-2.19.so
7ff15500d000-7ff155024000 r-xp 00000000 08:09 2762595                    /lib/x86_64-linux-gnu/libnsl-2.19.so
7ff155024000-7ff155223000 ---p 00017000 08:09 2762595                    /lib/x86_64-linux-gnu/libnsl-2.19.so
7ff155223000-7ff155224000 r--p 00016000 08:09 2762595                    /lib/x86_64-linux-gnu/libnsl-2.19.so
7ff155224000-7ff155225000 rw-p 00017000 08:09 2762595                    /lib/x86_64-linux-gnu/libnsl-2.19.so
7ff155225000-7ff155227000 rw-p 00000000 00:00 0 
7ff155227000-7ff155230000 r-xp 00000000 08:09 2762592                    /lib/x86_64-linux-gnu/libnss_compat-2.19.so
7ff155230000-7ff15542f000 ---p 00009000 08:09 2762592                    /lib/x86_64-linux-gnu/libnss_compat-2.19.so
7ff15542f000-7ff155430000 r--p 00008000 08:09 2762592                    /lib/x86_64-linux-gnu/libnss_compat-2.19.so
7ff155430000-7ff155431000 rw-p 00009000 08:09 2762592                    /lib/x86_64-linux-gnu/libnss_compat-2.19.so
7ff155431000-7ff15545c000 r-xp 00000000 08:09 1832849                    /usr/lib/jvm/java-7-openjdk-amd64/jre/lib/amd64/libjava.so
7ff15545c000-7ff15565c000 ---p 0002b000 08:09 1832849                    /usr/lib/jvm/java-7-openjdk-amd64/jre/lib/amd64/libjava.so
7ff15565c000-7ff15565d000 r--p 0002b000 08:09 1832849                    /usr/lib/jvm/java-7-openjdk-amd64/jre/lib/amd64/libjava.so
7ff15565d000-7ff15565f000 rw-p 0002c000 08:09 1832849                    /usr/lib/jvm/java-7-openjdk-amd64/jre/lib/amd64/libjava.so
7ff15565f000-7ff15566f000 r-xp 00000000 08:09 1832848                    /usr/lib/jvm/java-7-openjdk-amd64/jre/lib/amd64/libverify.so
7ff15566f000-7ff15586e000 ---p 00010000 08:09 1832848                    /usr/lib/jvm/java-7-openjdk-amd64/jre/lib/amd64/libverify.so
7ff15586e000-7ff155870000 r--p 0000f000 08:09 1832848                    /usr/lib/jvm/java-7-openjdk-amd64/jre/lib/amd64/libverify.so
7ff155870000-7ff155871000 rw-p 00011000 08:09 1832848                    /usr/lib/jvm/java-7-openjdk-amd64/jre/lib/amd64/libverify.so
7ff155871000-7ff155878000 r-xp 00000000 08:09 2762638                    /lib/x86_64-linux-gnu/librt-2.19.so
7ff155878000-7ff155a77000 ---p 00007000 08:09 2762638                    /lib/x86_64-linux-gnu/librt-2.19.so
7ff155a77000-7ff155a78000 r--p 00006000 08:09 2762638                    /lib/x86_64-linux-gnu/librt-2.19.so
7ff155a78000-7ff155a79000 rw-p 00007000 08:09 2762638                    /lib/x86_64-linux-gnu/librt-2.19.so
7ff155a79000-7ff155a8f000 r-xp 00000000 08:09 2751420                    /lib/x86_64-linux-gnu/libgcc_s.so.1
7ff155a8f000-7ff155c8e000 ---p 00016000 08:09 2751420                    /lib/x86_64-linux-gnu/libgcc_s.so.1
7ff155c8e000-7ff155c8f000 rw-p 00015000 08:09 2751420                    /lib/x86_64-linux-gnu/libgcc_s.so.1
7ff155c8f000-7ff155d94000 r-xp 00000000 08:09 2762510                    /lib/x86_64-linux-gnu/libm-2.19.so
7ff155d94000-7ff155f93000 ---p 00105000 08:09 2762510                    /lib/x86_64-linux-gnu/libm-2.19.so
7ff155f93000-7ff155f94000 r--p 00104000 08:09 2762510                    /lib/x86_64-linux-gnu/libm-2.19.so
7ff155f94000-7ff155f95000 rw-p 00105000 08:09 2762510                    /lib/x86_64-linux-gnu/libm-2.19.so
7ff155f95000-7ff15607b000 r-xp 00000000 08:09 1710603                    /usr/lib/x86_64-linux-gnu/libstdc++.so.6.0.19
7ff15607b000-7ff15627a000 ---p 000e6000 08:09 1710603                    /usr/lib/x86_64-linux-gnu/libstdc++.so.6.0.19
7ff15627a000-7ff156282000 r--p 000e5000 08:09 1710603                    /usr/lib/x86_64-linux-gnu/libstdc++.so.6.0.19
7ff156282000-7ff156284000 rw-p 000ed000 08:09 1710603                    /usr/lib/x86_64-linux-gnu/libstdc++.so.6.0.19
7ff156284000-7ff156299000 rw-p 00000000 00:00 0 
7ff156299000-7ff156db1000 r-xp 00000000 08:09 1832853                    /usr/lib/jvm/java-7-openjdk-amd64/jre/lib/amd64/server/libjvm.so
7ff156db1000-7ff156fb1000 ---p 00b18000 08:09 1832853                    /usr/lib/jvm/java-7-openjdk-amd64/jre/lib/amd64/server/libjvm.so
7ff156fb1000-7ff15704b000 r--p 00b18000 08:09 1832853                    /usr/lib/jvm/java-7-openjdk-amd64/jre/lib/amd64/server/libjvm.so
7ff15704b000-7ff15706e000 rw-p 00bb2000 08:09 1832853                    /usr/lib/jvm/java-7-openjdk-amd64/jre/lib/amd64/server/libjvm.so
7ff15706e000-7ff15709c000 rw-p 00000000 00:00 0 
7ff15709c000-7ff1570b4000 r-xp 00000000 08:09 2751557                    /lib/x86_64-linux-gnu/libz.so.1.2.8
7ff1570b4000-7ff1572b3000 ---p 00018000 08:09 2751557                    /lib/x86_64-linux-gnu/libz.so.1.2.8
7ff1572b3000-7ff1572b4000 r--p 00017000 08:09 2751557                    /lib/x86_64-linux-gnu/libz.so.1.2.8
7ff1572b4000-7ff1572b5000 rw-p 00018000 08:09 2751557                    /lib/x86_64-linux-gnu/libz.so.1.2.8
7ff1572b5000-7ff1572ce000 r-xp 00000000 08:09 2762636                    /lib/x86_64-linux-gnu/libpthread-2.19.so
7ff1572ce000-7ff1574cd000 ---p 00019000 08:09 2762636                    /lib/x86_64-linux-gnu/libpthread-2.19.so
7ff1574cd000-7ff1574ce000 r--p 00018000 08:09 2762636                    /lib/x86_64-linux-gnu/libpthread-2.19.so
7ff1574ce000-7ff1574cf000 rw-p 00019000 08:09 2762636                    /lib/x86_64-linux-gnu/libpthread-2.19.so
7ff1574cf000-7ff1574d3000 rw-p 00000000 00:00 0 
7ff1574d3000-7ff1574d6000 r-xp 00000000 08:09 2762539                    /lib/x86_64-linux-gnu/libdl-2.19.so
7ff1574d6000-7ff1576d5000 ---p 00003000 08:09 2762539                    /lib/x86_64-linux-gnu/libdl-2.19.so
7ff1576d5000-7ff1576d6000 r--p 00002000 08:09 2762539                    /lib/x86_64-linux-gnu/libdl-2.19.so
7ff1576d6000-7ff1576d7000 rw-p 00003000 08:09 2762539                    /lib/x86_64-linux-gnu/libdl-2.19.so
7ff1576d7000-7ff157892000 r-xp 00000000 08:09 2762615                    /lib/x86_64-linux-gnu/libc-2.19.so
7ff157892000-7ff157a91000 ---p 001bb000 08:09 2762615                    /lib/x86_64-linux-gnu/libc-2.19.so
7ff157a91000-7ff157a95000 r--p 001ba000 08:09 2762615                    /lib/x86_64-linux-gnu/libc-2.19.so
7ff157a95000-7ff157a97000 rw-p 001be000 08:09 2762615                    /lib/x86_64-linux-gnu/libc-2.19.so
7ff157a97000-7ff157a9c000 rw-p 00000000 00:00 0 
7ff157a9c000-7ff157aa9000 r-xp 00000000 08:09 1832825                    /usr/lib/jvm/java-7-openjdk-amd64/jre/lib/amd64/jli/libjli.so
7ff157aa9000-7ff157ca8000 ---p 0000d000 08:09 1832825                    /usr/lib/jvm/java-7-openjdk-amd64/jre/lib/amd64/jli/libjli.so
7ff157ca8000-7ff157ca9000 r--p 0000c000 08:09 1832825                    /usr/lib/jvm/java-7-openjdk-amd64/jre/lib/amd64/jli/libjli.so
7ff157ca9000-7ff157caa000 rw-p 0000d000 08:09 1832825                    /usr/lib/jvm/java-7-openjdk-amd64/jre/lib/amd64/jli/libjli.so
7ff157caa000-7ff157ccd000 r-xp 00000000 08:09 2762608                    /lib/x86_64-linux-gnu/ld-2.19.so
7ff157ccd000-7ff157cce000 r--s 00000000 08:09 1573695                    /home/luke/.m2/repository/org/springframework/boot/spring-boot-starter-logging/1.2.1.RELEASE/spring-boot-starter-logging-1.2.1.RELEASE.jar
7ff157cce000-7ff157ccf000 r--s 00000000 08:09 1573628                    /home/luke/.m2/repository/org/springframework/boot/spring-boot-starter/1.2.1.RELEASE/spring-boot-starter-1.2.1.RELEASE.jar
7ff157ccf000-7ff157cd0000 r--s 00000000 08:09 1573737                    /home/luke/.m2/repository/org/springframework/boot/spring-boot-starter-web/1.2.1.RELEASE/spring-boot-starter-web-1.2.1.RELEASE.jar
7ff157cd0000-7ff157cd2000 r--s 00012000 08:09 1832804                    /usr/lib/jvm/java-7-openjdk-amd64/jre/lib/ext/zipfs.jar
7ff157cd2000-7ff157cd6000 r--s 0003c000 08:09 1832802                    /usr/lib/jvm/java-7-openjdk-amd64/jre/lib/ext/sunpkcs11.jar
7ff157cd6000-7ff157cd8000 r--s 00006000 08:09 2102412                    /usr/share/java/java-atk-wrapper.jar
7ff157cd8000-7ff157cdc000 r--s 00034000 08:09 1832803                    /usr/lib/jvm/java-7-openjdk-amd64/jre/lib/ext/sunjce_provider.jar
7ff157cdc000-7ff157cdf000 r--s 0000f000 08:09 1832801                    /usr/lib/jvm/java-7-openjdk-amd64/jre/lib/ext/icedtea-sound.jar
7ff157cdf000-7ff157ce0000 r--s 00002000 08:09 1832807                    /usr/lib/jvm/java-7-openjdk-amd64/jre/lib/ext/dnsns.jar
7ff157ce0000-7ff157ce3000 r--s 00086000 08:09 1832808                    /usr/lib/jvm/java-7-openjdk-amd64/jre/lib/ext/localedata.jar
7ff157ce3000-7ff157d02000 rw-p 00000000 00:00 0 
7ff157d02000-7ff157da3000 rw-p 00000000 00:00 0 
7ff157da3000-7ff157da6000 ---p 00000000 00:00 0 
7ff157da6000-7ff157ec0000 rw-p 00000000 00:00 0                          [stack:4566]
7ff157ec0000-7ff157ec8000 rw-s 00000000 08:09 1313104                    /tmp/hsperfdata_luke/4560
7ff157ec8000-7ff157ec9000 rw-p 00000000 00:00 0 
7ff157ec9000-7ff157eca000 r--p 00000000 00:00 0 
7ff157eca000-7ff157ecc000 rw-p 00000000 00:00 0 
7ff157ecc000-7ff157ecd000 r--p 00022000 08:09 2762608                    /lib/x86_64-linux-gnu/ld-2.19.so
7ff157ecd000-7ff157ece000 rw-p 00023000 08:09 2762608                    /lib/x86_64-linux-gnu/ld-2.19.so
7ff157ece000-7ff157ecf000 rw-p 00000000 00:00 0 
7fff9d0ce000-7fff9d0f2000 rw-p 00000000 00:00 0                          [stack]
7fff9d143000-7fff9d145000 r-xp 00000000 00:00 0                          [vdso]
ffffffffff600000-ffffffffff601000 r-xp 00000000 00:00 0                  [vsyscall]

VM Arguments:
jvm_args: -Dspring.liveBeansView.mbeanDomain -Dcom.sun.management.jmxremote -Dcom.sun.management.jmxremote.port=53699 -Dcom.sun.management.jmxremote.authenticate=false -Dcom.sun.management.jmxremote.ssl=false -Dfile.encoding=UTF-8 
java_command: eu.luckyApp.ModbusChartApplication
Launcher Type: SUN_STANDARD

Environment Variables:
JAVA_HOME=/usr/lib/jvm/java-8-oracle
PATH=/usr/local/sbin:/usr/local/bin:/usr/sbin:/usr/bin:/sbin:/bin:/usr/games:/usr/local/games:/usr/lib/jvm/java-8-oracle/bin:/usr/lib/jvm/java-8-oracle/db/bin:/usr/lib/jvm/java-8-oracle/jre/bin
USERNAME=luke
SHELL=/bin/bash
DISPLAY=:0

Signal Handlers:
SIGSEGV: [libjvm.so+0x94b4b0], sa_mask[0]=0x7ffbfeff, sa_flags=0x10000004
SIGBUS: [libjvm.so+0x94b4b0], sa_mask[0]=0x7ffbfeff, sa_flags=0x10000004
SIGFPE: [libjvm.so+0x7c3390], sa_mask[0]=0x7ffbfeff, sa_flags=0x10000004
SIGPIPE: [libjvm.so+0x7c3390], sa_mask[0]=0x7ffbfeff, sa_flags=0x10000004
SIGXFSZ: [libjvm.so+0x7c3390], sa_mask[0]=0x7ffbfeff, sa_flags=0x10000004
SIGILL: [libjvm.so+0x7c3390], sa_mask[0]=0x7ffbfeff, sa_flags=0x10000004
SIGUSR1: SIG_DFL, sa_mask[0]=0x00000000, sa_flags=0x00000000
SIGUSR2: [libjvm.so+0x7c3230], sa_mask[0]=0x00000004, sa_flags=0x10000004
SIGHUP: [libjvm.so+0x7c3410], sa_mask[0]=0x7ffbfeff, sa_flags=0x10000004
SIGINT: [libjvm.so+0x7c3410], sa_mask[0]=0x7ffbfeff, sa_flags=0x10000004
SIGTERM: [libjvm.so+0x7c3410], sa_mask[0]=0x7ffbfeff, sa_flags=0x10000004
SIGQUIT: [libjvm.so+0x7c3410], sa_mask[0]=0x7ffbfeff, sa_flags=0x10000004
SIGTRAP: SIG_DFL, sa_mask[0]=0x00000000, sa_flags=0x00000000


---------------  S Y S T E M  ---------------

OS:LinuxMint 17.1 (rebecca)
uname:Linux 3.13.0-37-generic #64-Ubuntu SMP Mon Sep 22 21:28:38 UTC 2014 x86_64
libc:glibc 2.19 NPTL 2.19 
rlimit: STACK 8192k, CORE 0k, NPROC 30688, NOFILE 4096, AS infinity
load average:1,52 1,27 0,94

/proc/meminfo:
MemTotal:        3958908 kB
MemFree:         1305132 kB
Buffers:           74612 kB
Cached:           814884 kB
SwapCached:          220 kB
Active:          1763756 kB
Inactive:         720440 kB
Active(anon):    1346488 kB
Inactive(anon):   449756 kB
Active(file):     417268 kB
Inactive(file):   270684 kB
Unevictable:           0 kB
Mlocked:               0 kB
SwapTotal:       2442236 kB
SwapFree:        2441876 kB
Dirty:               960 kB
Writeback:             0 kB
AnonPages:       1594568 kB
Mapped:           250724 kB
Shmem:            201472 kB
Slab:              86404 kB
SReclaimable:      53236 kB
SUnreclaim:        33168 kB
KernelStack:        4032 kB
PageTables:        23532 kB
NFS_Unstable:          0 kB
Bounce:                0 kB
WritebackTmp:          0 kB
CommitLimit:     4421688 kB
Committed_AS:    4067772 kB
VmallocTotal:   34359738367 kB
VmallocUsed:      347872 kB
VmallocChunk:   34359383056 kB
HardwareCorrupted:     0 kB
AnonHugePages:    315392 kB
HugePages_Total:       0
HugePages_Free:        0
HugePages_Rsvd:        0
HugePages_Surp:        0
Hugepagesize:       2048 kB
DirectMap4k:       92096 kB
DirectMap2M:     4014080 kB


CPU:total 4 (2 cores per cpu, 2 threads per core) family 6 model 42 stepping 7, cmov, cx8, fxsr, mmx, sse, sse2, sse3, ssse3, sse4.1, sse4.2, popcnt, avx, aes, ht, tsc, tscinvbit

/proc/cpuinfo:
processor	: 0
vendor_id	: GenuineIntel
cpu family	: 6
model		: 42
model name	: Intel(R) Core(TM) i5-2410M CPU @ 2.30GHz
stepping	: 7
microcode	: 0x23
cpu MHz		: 800.000
cache size	: 3072 KB
physical id	: 0
siblings	: 4
core id		: 0
cpu cores	: 2
apicid		: 0
initial apicid	: 0
fpu		: yes
fpu_exception	: yes
cpuid level	: 13
wp		: yes
flags		: fpu vme de pse tsc msr pae mce cx8 apic sep mtrr pge mca cmov pat pse36 clflush dts acpi mmx fxsr sse sse2 ss ht tm pbe syscall nx rdtscp lm constant_tsc arch_perfmon pebs bts nopl xtopology nonstop_tsc aperfmperf eagerfpu pni pclmulqdq dtes64 monitor ds_cpl vmx est tm2 ssse3 cx16 xtpr pdcm pcid sse4_1 sse4_2 x2apic popcnt tsc_deadline_timer aes xsave avx lahf_lm ida arat epb xsaveopt pln pts dtherm tpr_shadow vnmi flexpriority ept vpid
bogomips	: 4589.80
clflush size	: 64
cache_alignment	: 64
address sizes	: 36 bits physical, 48 bits virtual
power management:

processor	: 1
vendor_id	: GenuineIntel
cpu family	: 6
model		: 42
model name	: Intel(R) Core(TM) i5-2410M CPU @ 2.30GHz
stepping	: 7
microcode	: 0x23
cpu MHz		: 1400.000
cache size	: 3072 KB
physical id	: 0
siblings	: 4
core id		: 0
cpu cores	: 2
apicid		: 1
initial apicid	: 1
fpu		: yes
fpu_exception	: yes
cpuid level	: 13
wp		: yes
flags		: fpu vme de pse tsc msr pae mce cx8 apic sep mtrr pge mca cmov pat pse36 clflush dts acpi mmx fxsr sse sse2 ss ht tm pbe syscall nx rdtscp lm constant_tsc arch_perfmon pebs bts nopl xtopology nonstop_tsc aperfmperf eagerfpu pni pclmulqdq dtes64 monitor ds_cpl vmx est tm2 ssse3 cx16 xtpr pdcm pcid sse4_1 sse4_2 x2apic popcnt tsc_deadline_timer aes xsave avx lahf_lm ida arat epb xsaveopt pln pts dtherm tpr_shadow vnmi flexpriority ept vpid
bogomips	: 4589.80
clflush size	: 64
cache_alignment	: 64
address sizes	: 36 bits physical, 48 bits virtual
power management:

processor	: 2
vendor_id	: GenuineIntel
cpu family	: 6
model		: 42
model name	: Intel(R) Core(TM) i5-2410M CPU @ 2.30GHz
stepping	: 7
microcode	: 0x23
cpu MHz		: 2300.000
cache size	: 3072 KB
physical id	: 0
siblings	: 4
core id		: 1
cpu cores	: 2
apicid		: 2
initial apicid	: 2
fpu		: yes
fpu_exception	: yes
cpuid level	: 13
wp		: yes
flags		: fpu vme de pse tsc msr pae mce cx8 apic sep mtrr pge mca cmov pat pse36 clflush dts acpi mmx fxsr sse sse2 ss ht tm pbe syscall nx rdtscp lm constant_tsc arch_perfmon pebs bts nopl xtopology nonstop_tsc aperfmperf eagerfpu pni pclmulqdq dtes64 monitor ds_cpl vmx est tm2 ssse3 cx16 xtpr pdcm pcid sse4_1 sse4_2 x2apic popcnt tsc_deadline_timer aes xsave avx lahf_lm ida arat epb xsaveopt pln pts dtherm tpr_shadow vnmi flexpriority ept vpid
bogomips	: 4589.80
clflush size	: 64
cache_alignment	: 64
address sizes	: 36 bits physical, 48 bits virtual
power management:

processor	: 3
vendor_id	: GenuineIntel
cpu family	: 6
model		: 42
model name	: Intel(R) Core(TM) i5-2410M CPU @ 2.30GHz
stepping	: 7
microcode	: 0x23
cpu MHz		: 1800.000
cache size	: 3072 KB
physical id	: 0
siblings	: 4
core id		: 1
cpu cores	: 2
apicid		: 3
initial apicid	: 3
fpu		: yes
fpu_exception	: yes
cpuid level	: 13
wp		: yes
flags		: fpu vme de pse tsc msr pae mce cx8 apic sep mtrr pge mca cmov pat pse36 clflush dts acpi mmx fxsr sse sse2 ss ht tm pbe syscall nx rdtscp lm constant_tsc arch_perfmon pebs bts nopl xtopology nonstop_tsc aperfmperf eagerfpu pni pclmulqdq dtes64 monitor ds_cpl vmx est tm2 ssse3 cx16 xtpr pdcm pcid sse4_1 sse4_2 x2apic popcnt tsc_deadline_timer aes xsave avx lahf_lm ida arat epb xsaveopt pln pts dtherm tpr_shadow vnmi flexpriority ept vpid
bogomips	: 4589.80
clflush size	: 64
cache_alignment	: 64
address sizes	: 36 bits physical, 48 bits virtual
power management:



Memory: 4k page, physical 3958908k(1305132k free), swap 2442236k(2441876k free)

vm_info: OpenJDK 64-Bit Server VM (24.75-b04) for linux-amd64 JRE (1.7.0_75-b13), built on Jan 27 2015 00:38:59 by "buildd" with gcc 4.8.2

time: Sun Mar 15 14:07:35 2015
elapsed time: 2416 seconds

